[ 2016-03-20T20:34:08+08:00 ] ::1 /infoshow/index.php/
INFO: [ app_init ] --START--
INFO: Run Behavior\BuildLiteBehavior [ RunTime:0.000000s ]
INFO: [ app_init ] --END-- [ RunTime:0.001001s ]
INFO: [ app_begin ] --START--
INFO: Run Behavior\ReadHtmlCacheBehavior [ RunTime:0.001000s ]
INFO: [ app_begin ] --END-- [ RunTime:0.001000s ]

[ 2016-03-20T20:34:08+08:00 ] ::1 /infoshow/index.php/Home/Publics/index
INFO: [ app_init ] --START--
INFO: Run Behavior\BuildLiteBehavior [ RunTime:0.000000s ]
INFO: [ app_init ] --END-- [ RunTime:0.000000s ]
INFO: [ app_begin ] --START--
INFO: Run Behavior\ReadHtmlCacheBehavior [ RunTime:0.000000s ]
INFO: [ app_begin ] --END-- [ RunTime:0.000000s ]
INFO: [ view_parse ] --START--
INFO: [ template_filter ] --START--
INFO: Run Behavior\ContentReplaceBehavior [ RunTime:0.000000s ]
INFO: [ template_filter ] --END-- [ RunTime:0.001000s ]
SQL: SHOW COLUMNS FROM `db_admin_menu` [ RunTime:0.0080s ]
SQL: SELECT * FROM `db_admin_menu` WHERE `display` = 1  [ RunTime:0.0010s ]
INFO: [ view_parse ] --START--
INFO: [ template_filter ] --START--
INFO: Run Behavior\ContentReplaceBehavior [ RunTime:0.000000s ]
INFO: [ template_filter ] --END-- [ RunTime:-0.033002s ]
INFO: Run Behavior\ParseTemplateBehavior [ RunTime:0.005000s ]
INFO: [ view_parse ] --END-- [ RunTime:0.005000s ]
INFO: [ view_filter ] --START--
INFO: Run Behavior\WriteHtmlCacheBehavior [ RunTime:0.001000s ]
INFO: [ view_filter ] --END-- [ RunTime:0.001000s ]
NOTIC: [8] Undefined variable: last_announcement E:\wwwroot\infoshow\Application\Runtime\Cache\Home\80b1f8ec82a94661bd6ff54977894b6b.php 第 377 行.
NOTIC: [8] Undefined variable: last_announcement E:\wwwroot\infoshow\Application\Runtime\Cache\Home\80b1f8ec82a94661bd6ff54977894b6b.php 第 377 行.
NOTIC: [8] Undefined variable: last_announcement E:\wwwroot\infoshow\Application\Runtime\Cache\Home\80b1f8ec82a94661bd6ff54977894b6b.php 第 382 行.
NOTIC: [8] Undefined variable: last_announcement E:\wwwroot\infoshow\Application\Runtime\Cache\Home\80b1f8ec82a94661bd6ff54977894b6b.php 第 383 行.
INFO: Run Behavior\ParseTemplateBehavior [ RunTime:0.006000s ]
INFO: [ view_parse ] --END-- [ RunTime:0.005000s ]
INFO: [ view_filter ] --START--
INFO: Run Behavior\WriteHtmlCacheBehavior [ RunTime:0.000000s ]
INFO: [ view_filter ] --END-- [ RunTime:0.000000s ]
INFO: [ app_end ] --START--
INFO: Run Behavior\ShowPageTraceBehavior [ RunTime:0.001000s ]
INFO: [ app_end ] --END-- [ RunTime:0.001000s ]

[ 2016-03-20T20:34:17+08:00 ] ::1 /infoshow/index.php/Home/Publics/index
INFO: [ app_init ] --START--
INFO: Run Behavior\BuildLiteBehavior [ RunTime:0.000000s ]
INFO: [ app_init ] --END-- [ RunTime:0.000000s ]
INFO: [ app_begin ] --START--
INFO: Run Behavior\ReadHtmlCacheBehavior [ RunTime:0.001000s ]
INFO: [ app_begin ] --END-- [ RunTime:0.001000s ]
INFO: [ view_parse ] --START--
INFO: [ template_filter ] --START--
INFO: Run Behavior\ContentReplaceBehavior [ RunTime:0.000000s ]
INFO: [ template_filter ] --END-- [ RunTime:0.000000s ]
SQL: SHOW COLUMNS FROM `db_admin_menu` [ RunTime:0.0040s ]
SQL: SELECT * FROM `db_admin_menu` WHERE `display` = 1  [ RunTime:0.0010s ]
INFO: [ view_parse ] --START--
INFO: [ template_filter ] --START--
INFO: Run Behavior\ContentReplaceBehavior [ RunTime:0.000000s ]
INFO: [ template_filter ] --END-- [ RunTime:-0.018001s ]
INFO: Run Behavior\ParseTemplateBehavior [ RunTime:0.005000s ]
INFO: [ view_parse ] --END-- [ RunTime:0.005000s ]
INFO: [ view_filter ] --START--
INFO: Run Behavior\WriteHtmlCacheBehavior [ RunTime:0.001000s ]
INFO: [ view_filter ] --END-- [ RunTime:0.001000s ]
NOTIC: [8] Undefined variable: last_announcement E:\wwwroot\infoshow\Application\Runtime\Cache\Home\80b1f8ec82a94661bd6ff54977894b6b.php 第 377 行.
NOTIC: [8] Undefined variable: last_announcement E:\wwwroot\infoshow\Application\Runtime\Cache\Home\80b1f8ec82a94661bd6ff54977894b6b.php 第 377 行.
NOTIC: [8] Undefined variable: last_announcement E:\wwwroot\infoshow\Application\Runtime\Cache\Home\80b1f8ec82a94661bd6ff54977894b6b.php 第 382 行.
NOTIC: [8] Undefined variable: last_announcement E:\wwwroot\infoshow\Application\Runtime\Cache\Home\80b1f8ec82a94661bd6ff54977894b6b.php 第 383 行.
INFO: Run Behavior\ParseTemplateBehavior [ RunTime:0.006000s ]
INFO: [ view_parse ] --END-- [ RunTime:0.005000s ]
INFO: [ view_filter ] --START--
INFO: Run Behavior\WriteHtmlCacheBehavior [ RunTime:0.000000s ]
INFO: [ view_filter ] --END-- [ RunTime:0.000000s ]
INFO: [ app_end ] --START--
INFO: Run Behavior\ShowPageTraceBehavior [ RunTime:0.001000s ]
INFO: [ app_end ] --END-- [ RunTime:0.001000s ]

[ 2016-03-20T20:38:49+08:00 ] ::1 /lecture/index.php/
INFO: [ app_init ] --START--
INFO: Run Behavior\BuildLiteBehavior [ RunTime:0.000000s ]
INFO: [ app_init ] --END-- [ RunTime:0.001000s ]
INFO: [ app_begin ] --START--
INFO: Run Behavior\ReadHtmlCacheBehavior [ RunTime:0.001000s ]
INFO: [ app_begin ] --END-- [ RunTime:0.001000s ]

[ 2016-03-20T20:38:49+08:00 ] ::1 /lecture/index.php/Home/Publics/index
INFO: [ app_init ] --START--
INFO: Run Behavior\BuildLiteBehavior [ RunTime:0.000000s ]
INFO: [ app_init ] --END-- [ RunTime:0.000000s ]
INFO: [ app_begin ] --START--
INFO: Run Behavior\ReadHtmlCacheBehavior [ RunTime:0.001000s ]
INFO: [ app_begin ] --END-- [ RunTime:0.001000s ]
INFO: [ view_parse ] --START--
INFO: [ template_filter ] --START--
INFO: Run Behavior\ContentReplaceBehavior [ RunTime:0.000000s ]
INFO: [ template_filter ] --END-- [ RunTime:0.000000s ]
SQL: SHOW COLUMNS FROM `db_admin_menu` [ RunTime:0.0050s ]
SQL: SELECT * FROM `db_admin_menu` WHERE `display` = 1  [ RunTime:0.0010s ]
INFO: [ view_parse ] --START--
INFO: [ template_filter ] --START--
INFO: Run Behavior\ContentReplaceBehavior [ RunTime:0.000000s ]
INFO: [ template_filter ] --END-- [ RunTime:-0.024001s ]
INFO: Run Behavior\ParseTemplateBehavior [ RunTime:0.006001s ]
INFO: [ view_parse ] --END-- [ RunTime:0.006001s ]
INFO: [ view_filter ] --START--
INFO: Run Behavior\WriteHtmlCacheBehavior [ RunTime:0.001000s ]
INFO: [ view_filter ] --END-- [ RunTime:0.001000s ]
NOTIC: [8] Undefined variable: last_announcement E:\wwwroot\lecture\Application\Runtime\Cache\Home\80b1f8ec82a94661bd6ff54977894b6b.php 第 377 行.
NOTIC: [8] Undefined variable: last_announcement E:\wwwroot\lecture\Application\Runtime\Cache\Home\80b1f8ec82a94661bd6ff54977894b6b.php 第 377 行.
NOTIC: [8] Undefined variable: last_announcement E:\wwwroot\lecture\Application\Runtime\Cache\Home\80b1f8ec82a94661bd6ff54977894b6b.php 第 382 行.
NOTIC: [8] Undefined variable: last_announcement E:\wwwroot\lecture\Application\Runtime\Cache\Home\80b1f8ec82a94661bd6ff54977894b6b.php 第 383 行.
INFO: Run Behavior\ParseTemplateBehavior [ RunTime:0.007001s ]
INFO: [ view_parse ] --END-- [ RunTime:0.006001s ]
INFO: [ view_filter ] --START--
INFO: Run Behavior\WriteHtmlCacheBehavior [ RunTime:0.000000s ]
INFO: [ view_filter ] --END-- [ RunTime:0.000000s ]
INFO: [ app_end ] --START--
INFO: Run Behavior\ShowPageTraceBehavior [ RunTime:0.001000s ]
INFO: [ app_end ] --END-- [ RunTime:0.001000s ]

[ 2016-03-20T20:48:36+08:00 ] ::1 /lecture/index.php/Home/Publics/index
INFO: [ app_init ] --START--
INFO: Run Behavior\BuildLiteBehavior [ RunTime:0.000000s ]
INFO: [ app_init ] --END-- [ RunTime:0.000000s ]
INFO: [ app_begin ] --START--
INFO: Run Behavior\ReadHtmlCacheBehavior [ RunTime:0.000000s ]
INFO: [ app_begin ] --END-- [ RunTime:0.000000s ]
INFO: [ view_parse ] --START--
INFO: [ template_filter ] --START--
INFO: Run Behavior\ContentReplaceBehavior [ RunTime:0.000000s ]
INFO: [ template_filter ] --END-- [ RunTime:0.000000s ]
SQL: SHOW COLUMNS FROM `db_admin_menu` [ RunTime:0.0040s ]
SQL: SELECT * FROM `db_admin_menu` WHERE `display` = 1  [ RunTime:0.0000s ]
INFO: [ view_parse ] --START--
INFO: [ template_filter ] --START--
INFO: Run Behavior\ContentReplaceBehavior [ RunTime:0.000000s ]
INFO: [ template_filter ] --END-- [ RunTime:-0.019001s ]
INFO: Run Behavior\ParseTemplateBehavior [ RunTime:0.004000s ]
INFO: [ view_parse ] --END-- [ RunTime:0.004000s ]
INFO: [ view_filter ] --START--
INFO: Run Behavior\WriteHtmlCacheBehavior [ RunTime:0.000000s ]
INFO: [ view_filter ] --END-- [ RunTime:0.000000s ]
NOTIC: [8] Undefined variable: last_announcement E:\wwwroot\lecture\Application\Runtime\Cache\Home\80b1f8ec82a94661bd6ff54977894b6b.php 第 377 行.
NOTIC: [8] Undefined variable: last_announcement E:\wwwroot\lecture\Application\Runtime\Cache\Home\80b1f8ec82a94661bd6ff54977894b6b.php 第 377 行.
NOTIC: [8] Undefined variable: last_announcement E:\wwwroot\lecture\Application\Runtime\Cache\Home\80b1f8ec82a94661bd6ff54977894b6b.php 第 382 行.
NOTIC: [8] Undefined variable: last_announcement E:\wwwroot\lecture\Application\Runtime\Cache\Home\80b1f8ec82a94661bd6ff54977894b6b.php 第 383 行.
INFO: Run Behavior\ParseTemplateBehavior [ RunTime:0.005000s ]
INFO: [ view_parse ] --END-- [ RunTime:0.004000s ]
INFO: [ view_filter ] --START--
INFO: Run Behavior\WriteHtmlCacheBehavior [ RunTime:0.000000s ]
INFO: [ view_filter ] --END-- [ RunTime:0.000000s ]
INFO: [ app_end ] --START--
INFO: Run Behavior\ShowPageTraceBehavior [ RunTime:0.001000s ]
INFO: [ app_end ] --END-- [ RunTime:0.001000s ]

[ 2016-03-20T20:49:14+08:00 ] ::1 /lecture/index.php/
INFO: [ app_init ] --START--
INFO: Run Behavior\BuildLiteBehavior [ RunTime:0.000000s ]
INFO: [ app_init ] --END-- [ RunTime:0.000000s ]
INFO: [ app_begin ] --START--
INFO: Run Behavior\ReadHtmlCacheBehavior [ RunTime:0.001000s ]
INFO: [ app_begin ] --END-- [ RunTime:0.001000s ]

[ 2016-03-20T20:49:14+08:00 ] ::1 /lecture/index.php/Home/Publics/index
INFO: [ app_init ] --START--
INFO: Run Behavior\BuildLiteBehavior [ RunTime:0.000000s ]
INFO: [ app_init ] --END-- [ RunTime:0.001000s ]
INFO: [ app_begin ] --START--
INFO: Run Behavior\ReadHtmlCacheBehavior [ RunTime:0.001000s ]
INFO: [ app_begin ] --END-- [ RunTime:0.001000s ]
INFO: [ view_parse ] --START--
INFO: [ template_filter ] --START--
INFO: Run Behavior\ContentReplaceBehavior [ RunTime:0.000000s ]
INFO: [ template_filter ] --END-- [ RunTime:0.000000s ]
SQL: SHOW COLUMNS FROM `db_admin_menu` [ RunTime:0.0040s ]
SQL: SELECT * FROM `db_admin_menu` WHERE `display` = 1  [ RunTime:0.0000s ]
INFO: [ view_parse ] --START--
INFO: [ template_filter ] --START--
INFO: Run Behavior\ContentReplaceBehavior [ RunTime:0.000000s ]
INFO: [ template_filter ] --END-- [ RunTime:-0.018001s ]
INFO: Run Behavior\ParseTemplateBehavior [ RunTime:0.004000s ]
INFO: [ view_parse ] --END-- [ RunTime:0.004000s ]
INFO: [ view_filter ] --START--
INFO: Run Behavior\WriteHtmlCacheBehavior [ RunTime:0.001000s ]
INFO: [ view_filter ] --END-- [ RunTime:0.001000s ]
NOTIC: [8] Undefined variable: last_announcement E:\wwwroot\lecture\Application\Runtime\Cache\Home\80b1f8ec82a94661bd6ff54977894b6b.php 第 377 行.
NOTIC: [8] Undefined variable: last_announcement E:\wwwroot\lecture\Application\Runtime\Cache\Home\80b1f8ec82a94661bd6ff54977894b6b.php 第 377 行.
NOTIC: [8] Undefined variable: last_announcement E:\wwwroot\lecture\Application\Runtime\Cache\Home\80b1f8ec82a94661bd6ff54977894b6b.php 第 382 行.
NOTIC: [8] Undefined variable: last_announcement E:\wwwroot\lecture\Application\Runtime\Cache\Home\80b1f8ec82a94661bd6ff54977894b6b.php 第 383 行.
INFO: Run Behavior\ParseTemplateBehavior [ RunTime:0.005000s ]
INFO: [ view_parse ] --END-- [ RunTime:0.004000s ]
INFO: [ view_filter ] --START--
INFO: Run Behavior\WriteHtmlCacheBehavior [ RunTime:0.000000s ]
INFO: [ view_filter ] --END-- [ RunTime:0.000000s ]
INFO: [ app_end ] --START--
INFO: Run Behavior\ShowPageTraceBehavior [ RunTime:0.001000s ]
INFO: [ app_end ] --END-- [ RunTime:0.002000s ]

