[ 2016-03-12T00:00:48+08:00 ] ::1 /infoshow/index.php/Home/Publics/index
INFO: [ app_init ] --START--
INFO: Run Behavior\BuildLiteBehavior [ RunTime:0.000000s ]
INFO: [ app_init ] --END-- [ RunTime:0.001000s ]
INFO: [ app_begin ] --START--
INFO: Run Behavior\ReadHtmlCacheBehavior [ RunTime:0.001000s ]
INFO: [ app_begin ] --END-- [ RunTime:0.001000s ]
INFO: [ view_parse ] --START--
INFO: [ template_filter ] --START--
INFO: Run Behavior\ContentReplaceBehavior [ RunTime:0.000000s ]
INFO: [ template_filter ] --END-- [ RunTime:0.000000s ]
NOTIC: [8] Undefined variable: last_announcement E:\wwwroot\infoshow\Application\Runtime\Cache\Home\80b1f8ec82a94661bd6ff54977894b6b.php 第 377 行.
NOTIC: [8] Undefined variable: last_announcement E:\wwwroot\infoshow\Application\Runtime\Cache\Home\80b1f8ec82a94661bd6ff54977894b6b.php 第 377 行.
NOTIC: [8] Undefined variable: last_announcement E:\wwwroot\infoshow\Application\Runtime\Cache\Home\80b1f8ec82a94661bd6ff54977894b6b.php 第 382 行.
NOTIC: [8] Undefined variable: last_announcement E:\wwwroot\infoshow\Application\Runtime\Cache\Home\80b1f8ec82a94661bd6ff54977894b6b.php 第 383 行.
INFO: Run Behavior\ParseTemplateBehavior [ RunTime:0.013000s ]
INFO: [ view_parse ] --END-- [ RunTime:0.013000s ]
INFO: [ view_filter ] --START--
INFO: Run Behavior\WriteHtmlCacheBehavior [ RunTime:0.000000s ]
INFO: [ view_filter ] --END-- [ RunTime:0.000000s ]
INFO: [ app_end ] --START--
INFO: Run Behavior\ShowPageTraceBehavior [ RunTime:0.001000s ]
INFO: [ app_end ] --END-- [ RunTime:0.001000s ]

[ 2016-03-12T00:03:00+08:00 ] ::1 /infoshow/index.php/Home/Publics/index
INFO: [ app_init ] --START--
INFO: Run Behavior\BuildLiteBehavior [ RunTime:0.000000s ]
INFO: [ app_init ] --END-- [ RunTime:0.001000s ]
INFO: [ app_begin ] --START--
INFO: Run Behavior\ReadHtmlCacheBehavior [ RunTime:0.001000s ]
INFO: [ app_begin ] --END-- [ RunTime:0.001000s ]
INFO: [ view_parse ] --START--
INFO: [ template_filter ] --START--
INFO: Run Behavior\ContentReplaceBehavior [ RunTime:0.001000s ]
INFO: [ template_filter ] --END-- [ RunTime:0.001000s ]
NOTIC: [8] Undefined variable: last_announcement E:\wwwroot\infoshow\Application\Runtime\Cache\Home\80b1f8ec82a94661bd6ff54977894b6b.php 第 377 行.
NOTIC: [8] Undefined variable: last_announcement E:\wwwroot\infoshow\Application\Runtime\Cache\Home\80b1f8ec82a94661bd6ff54977894b6b.php 第 377 行.
NOTIC: [8] Undefined variable: last_announcement E:\wwwroot\infoshow\Application\Runtime\Cache\Home\80b1f8ec82a94661bd6ff54977894b6b.php 第 382 行.
NOTIC: [8] Undefined variable: last_announcement E:\wwwroot\infoshow\Application\Runtime\Cache\Home\80b1f8ec82a94661bd6ff54977894b6b.php 第 383 行.
INFO: Run Behavior\ParseTemplateBehavior [ RunTime:0.018001s ]
INFO: [ view_parse ] --END-- [ RunTime:0.018001s ]
INFO: [ view_filter ] --START--
INFO: Run Behavior\WriteHtmlCacheBehavior [ RunTime:0.001000s ]
INFO: [ view_filter ] --END-- [ RunTime:0.001000s ]
INFO: [ app_end ] --START--
INFO: Run Behavior\ShowPageTraceBehavior [ RunTime:0.001000s ]
INFO: [ app_end ] --END-- [ RunTime:0.001000s ]

[ 2016-03-12T00:03:21+08:00 ] ::1 /infoshow/index.php/Home/Publics/index
INFO: [ app_init ] --START--
INFO: Run Behavior\BuildLiteBehavior [ RunTime:0.000000s ]
INFO: [ app_init ] --END-- [ RunTime:0.001000s ]
INFO: [ app_begin ] --START--
INFO: Run Behavior\ReadHtmlCacheBehavior [ RunTime:0.001000s ]
INFO: [ app_begin ] --END-- [ RunTime:0.001000s ]
INFO: [ view_parse ] --START--
INFO: [ template_filter ] --START--
INFO: Run Behavior\ContentReplaceBehavior [ RunTime:0.000000s ]
INFO: [ template_filter ] --END-- [ RunTime:0.000000s ]
NOTIC: [8] Undefined variable: last_announcement E:\wwwroot\infoshow\Application\Runtime\Cache\Home\80b1f8ec82a94661bd6ff54977894b6b.php 第 377 行.
NOTIC: [8] Undefined variable: last_announcement E:\wwwroot\infoshow\Application\Runtime\Cache\Home\80b1f8ec82a94661bd6ff54977894b6b.php 第 377 行.
NOTIC: [8] Undefined variable: last_announcement E:\wwwroot\infoshow\Application\Runtime\Cache\Home\80b1f8ec82a94661bd6ff54977894b6b.php 第 382 行.
NOTIC: [8] Undefined variable: last_announcement E:\wwwroot\infoshow\Application\Runtime\Cache\Home\80b1f8ec82a94661bd6ff54977894b6b.php 第 383 行.
INFO: Run Behavior\ParseTemplateBehavior [ RunTime:0.011000s ]
INFO: [ view_parse ] --END-- [ RunTime:0.012000s ]
INFO: [ view_filter ] --START--
INFO: Run Behavior\WriteHtmlCacheBehavior [ RunTime:0.000000s ]
INFO: [ view_filter ] --END-- [ RunTime:0.000000s ]
INFO: [ app_end ] --START--
INFO: Run Behavior\ShowPageTraceBehavior [ RunTime:0.000000s ]
INFO: [ app_end ] --END-- [ RunTime:0.002000s ]

[ 2016-03-12T00:04:18+08:00 ] ::1 /infoshow/index.php/Home/Publics/index
INFO: [ app_init ] --START--
INFO: Run Behavior\BuildLiteBehavior [ RunTime:0.000000s ]
INFO: [ app_init ] --END-- [ RunTime:0.001000s ]
INFO: [ app_begin ] --START--
INFO: Run Behavior\ReadHtmlCacheBehavior [ RunTime:0.001000s ]
INFO: [ app_begin ] --END-- [ RunTime:0.001000s ]
INFO: [ view_parse ] --START--
INFO: [ template_filter ] --START--
INFO: Run Behavior\ContentReplaceBehavior [ RunTime:0.000000s ]
INFO: [ template_filter ] --END-- [ RunTime:0.001000s ]
NOTIC: [8] Undefined variable: last_announcement E:\wwwroot\infoshow\Application\Runtime\Cache\Home\80b1f8ec82a94661bd6ff54977894b6b.php 第 377 行.
NOTIC: [8] Undefined variable: last_announcement E:\wwwroot\infoshow\Application\Runtime\Cache\Home\80b1f8ec82a94661bd6ff54977894b6b.php 第 377 行.
NOTIC: [8] Undefined variable: last_announcement E:\wwwroot\infoshow\Application\Runtime\Cache\Home\80b1f8ec82a94661bd6ff54977894b6b.php 第 382 行.
NOTIC: [8] Undefined variable: last_announcement E:\wwwroot\infoshow\Application\Runtime\Cache\Home\80b1f8ec82a94661bd6ff54977894b6b.php 第 383 行.
INFO: Run Behavior\ParseTemplateBehavior [ RunTime:0.021002s ]
INFO: [ view_parse ] --END-- [ RunTime:0.021002s ]
INFO: [ view_filter ] --START--
INFO: Run Behavior\WriteHtmlCacheBehavior [ RunTime:0.000000s ]
INFO: [ view_filter ] --END-- [ RunTime:0.001000s ]
INFO: [ app_end ] --START--
INFO: Run Behavior\ShowPageTraceBehavior [ RunTime:0.001000s ]
INFO: [ app_end ] --END-- [ RunTime:0.001000s ]

[ 2016-03-12T00:04:48+08:00 ] ::1 /infoshow/index.php/Home/Publics/index
INFO: [ app_init ] --START--
INFO: Run Behavior\BuildLiteBehavior [ RunTime:0.000000s ]
INFO: [ app_init ] --END-- [ RunTime:0.003001s ]
INFO: [ app_begin ] --START--
INFO: Run Behavior\ReadHtmlCacheBehavior [ RunTime:0.001000s ]
INFO: [ app_begin ] --END-- [ RunTime:0.002000s ]
INFO: [ view_parse ] --START--
INFO: [ template_filter ] --START--
INFO: Run Behavior\ContentReplaceBehavior [ RunTime:0.000000s ]
INFO: [ template_filter ] --END-- [ RunTime:0.000000s ]
NOTIC: [8] Undefined variable: last_announcement E:\wwwroot\infoshow\Application\Runtime\Cache\Home\80b1f8ec82a94661bd6ff54977894b6b.php 第 377 行.
NOTIC: [8] Undefined variable: last_announcement E:\wwwroot\infoshow\Application\Runtime\Cache\Home\80b1f8ec82a94661bd6ff54977894b6b.php 第 377 行.
NOTIC: [8] Undefined variable: last_announcement E:\wwwroot\infoshow\Application\Runtime\Cache\Home\80b1f8ec82a94661bd6ff54977894b6b.php 第 382 行.
NOTIC: [8] Undefined variable: last_announcement E:\wwwroot\infoshow\Application\Runtime\Cache\Home\80b1f8ec82a94661bd6ff54977894b6b.php 第 383 行.
INFO: Run Behavior\ParseTemplateBehavior [ RunTime:0.012001s ]
INFO: [ view_parse ] --END-- [ RunTime:0.012001s ]
INFO: [ view_filter ] --START--
INFO: Run Behavior\WriteHtmlCacheBehavior [ RunTime:0.000000s ]
INFO: [ view_filter ] --END-- [ RunTime:0.000000s ]
INFO: [ app_end ] --START--
INFO: Run Behavior\ShowPageTraceBehavior [ RunTime:0.001000s ]
INFO: [ app_end ] --END-- [ RunTime:0.001000s ]

[ 2016-03-12T00:05:08+08:00 ] ::1 /infoshow/index.php/Home/Publics/index
INFO: [ app_init ] --START--
INFO: Run Behavior\BuildLiteBehavior [ RunTime:0.000000s ]
INFO: [ app_init ] --END-- [ RunTime:0.000000s ]
INFO: [ app_begin ] --START--
INFO: Run Behavior\ReadHtmlCacheBehavior [ RunTime:0.000000s ]
INFO: [ app_begin ] --END-- [ RunTime:0.001000s ]
INFO: [ view_parse ] --START--
INFO: [ template_filter ] --START--
INFO: Run Behavior\ContentReplaceBehavior [ RunTime:0.000000s ]
INFO: [ template_filter ] --END-- [ RunTime:0.000000s ]
NOTIC: [8] Undefined variable: last_announcement E:\wwwroot\infoshow\Application\Runtime\Cache\Home\80b1f8ec82a94661bd6ff54977894b6b.php 第 377 行.
NOTIC: [8] Undefined variable: last_announcement E:\wwwroot\infoshow\Application\Runtime\Cache\Home\80b1f8ec82a94661bd6ff54977894b6b.php 第 377 行.
NOTIC: [8] Undefined variable: last_announcement E:\wwwroot\infoshow\Application\Runtime\Cache\Home\80b1f8ec82a94661bd6ff54977894b6b.php 第 382 行.
NOTIC: [8] Undefined variable: last_announcement E:\wwwroot\infoshow\Application\Runtime\Cache\Home\80b1f8ec82a94661bd6ff54977894b6b.php 第 383 行.
INFO: Run Behavior\ParseTemplateBehavior [ RunTime:0.013000s ]
INFO: [ view_parse ] --END-- [ RunTime:0.013000s ]
INFO: [ view_filter ] --START--
INFO: Run Behavior\WriteHtmlCacheBehavior [ RunTime:0.000000s ]
INFO: [ view_filter ] --END-- [ RunTime:0.000000s ]
INFO: [ app_end ] --START--
INFO: Run Behavior\ShowPageTraceBehavior [ RunTime:0.001000s ]
INFO: [ app_end ] --END-- [ RunTime:0.001000s ]

[ 2016-03-12T00:06:27+08:00 ] ::1 /infoshow/index.php/Home/Publics/index
INFO: [ app_init ] --START--
INFO: Run Behavior\BuildLiteBehavior [ RunTime:0.000000s ]
INFO: [ app_init ] --END-- [ RunTime:0.002000s ]
INFO: [ app_begin ] --START--
INFO: Run Behavior\ReadHtmlCacheBehavior [ RunTime:0.001000s ]
INFO: [ app_begin ] --END-- [ RunTime:0.001000s ]
INFO: [ view_parse ] --START--
INFO: [ template_filter ] --START--
INFO: Run Behavior\ContentReplaceBehavior [ RunTime:0.000000s ]
INFO: [ template_filter ] --END-- [ RunTime:0.000000s ]
NOTIC: [8] Undefined variable: last_announcement E:\wwwroot\infoshow\Application\Runtime\Cache\Home\80b1f8ec82a94661bd6ff54977894b6b.php 第 377 行.
NOTIC: [8] Undefined variable: last_announcement E:\wwwroot\infoshow\Application\Runtime\Cache\Home\80b1f8ec82a94661bd6ff54977894b6b.php 第 377 行.
NOTIC: [8] Undefined variable: last_announcement E:\wwwroot\infoshow\Application\Runtime\Cache\Home\80b1f8ec82a94661bd6ff54977894b6b.php 第 382 行.
NOTIC: [8] Undefined variable: last_announcement E:\wwwroot\infoshow\Application\Runtime\Cache\Home\80b1f8ec82a94661bd6ff54977894b6b.php 第 383 行.
INFO: Run Behavior\ParseTemplateBehavior [ RunTime:0.014001s ]
INFO: [ view_parse ] --END-- [ RunTime:0.014001s ]
INFO: [ view_filter ] --START--
INFO: Run Behavior\WriteHtmlCacheBehavior [ RunTime:0.001000s ]
INFO: [ view_filter ] --END-- [ RunTime:0.001000s ]
INFO: [ app_end ] --START--
INFO: Run Behavior\ShowPageTraceBehavior [ RunTime:0.000000s ]
INFO: [ app_end ] --END-- [ RunTime:0.000000s ]

[ 2016-03-12T00:06:33+08:00 ] ::1 /infoshow/index.php/Home/Publics/
INFO: [ app_init ] --START--
INFO: Run Behavior\BuildLiteBehavior [ RunTime:0.000000s ]
INFO: [ app_init ] --END-- [ RunTime:0.000000s ]
INFO: [ app_begin ] --START--
INFO: Run Behavior\ReadHtmlCacheBehavior [ RunTime:0.000000s ]
INFO: [ app_begin ] --END-- [ RunTime:0.000000s ]
ERR: 非法操作:welcome

[ 2016-03-12T00:07:00+08:00 ] ::1 /infoshow/index.php/Home/Publics/index
INFO: [ app_init ] --START--
INFO: Run Behavior\BuildLiteBehavior [ RunTime:0.000000s ]
INFO: [ app_init ] --END-- [ RunTime:0.000000s ]
INFO: [ app_begin ] --START--
INFO: Run Behavior\ReadHtmlCacheBehavior [ RunTime:0.005000s ]
INFO: [ app_begin ] --END-- [ RunTime:0.005000s ]
INFO: [ view_parse ] --START--
INFO: [ template_filter ] --START--
INFO: Run Behavior\ContentReplaceBehavior [ RunTime:0.000000s ]
INFO: [ template_filter ] --END-- [ RunTime:0.000000s ]
NOTIC: [8] Undefined variable: last_announcement E:\wwwroot\infoshow\Application\Runtime\Cache\Home\80b1f8ec82a94661bd6ff54977894b6b.php 第 377 行.
NOTIC: [8] Undefined variable: last_announcement E:\wwwroot\infoshow\Application\Runtime\Cache\Home\80b1f8ec82a94661bd6ff54977894b6b.php 第 377 行.
NOTIC: [8] Undefined variable: last_announcement E:\wwwroot\infoshow\Application\Runtime\Cache\Home\80b1f8ec82a94661bd6ff54977894b6b.php 第 382 行.
NOTIC: [8] Undefined variable: last_announcement E:\wwwroot\infoshow\Application\Runtime\Cache\Home\80b1f8ec82a94661bd6ff54977894b6b.php 第 383 行.
INFO: Run Behavior\ParseTemplateBehavior [ RunTime:0.011001s ]
INFO: [ view_parse ] --END-- [ RunTime:0.011001s ]
INFO: [ view_filter ] --START--
INFO: Run Behavior\WriteHtmlCacheBehavior [ RunTime:0.001000s ]
INFO: [ view_filter ] --END-- [ RunTime:0.001000s ]
INFO: [ app_end ] --START--
INFO: Run Behavior\ShowPageTraceBehavior [ RunTime:0.001000s ]
INFO: [ app_end ] --END-- [ RunTime:0.001000s ]

[ 2016-03-12T00:07:04+08:00 ] ::1 /infoshow/index.php/Home/Publics/index
INFO: [ app_init ] --START--
INFO: Run Behavior\BuildLiteBehavior [ RunTime:0.000000s ]
INFO: [ app_init ] --END-- [ RunTime:0.001000s ]
INFO: [ app_begin ] --START--
INFO: Run Behavior\ReadHtmlCacheBehavior [ RunTime:0.002000s ]
INFO: [ app_begin ] --END-- [ RunTime:0.002000s ]
INFO: [ view_parse ] --START--
INFO: [ template_filter ] --START--
INFO: Run Behavior\ContentReplaceBehavior [ RunTime:0.000000s ]
INFO: [ template_filter ] --END-- [ RunTime:0.001001s ]
NOTIC: [8] Undefined variable: last_announcement E:\wwwroot\infoshow\Application\Runtime\Cache\Home\80b1f8ec82a94661bd6ff54977894b6b.php 第 377 行.
NOTIC: [8] Undefined variable: last_announcement E:\wwwroot\infoshow\Application\Runtime\Cache\Home\80b1f8ec82a94661bd6ff54977894b6b.php 第 377 行.
NOTIC: [8] Undefined variable: last_announcement E:\wwwroot\infoshow\Application\Runtime\Cache\Home\80b1f8ec82a94661bd6ff54977894b6b.php 第 382 行.
NOTIC: [8] Undefined variable: last_announcement E:\wwwroot\infoshow\Application\Runtime\Cache\Home\80b1f8ec82a94661bd6ff54977894b6b.php 第 383 行.
INFO: Run Behavior\ParseTemplateBehavior [ RunTime:0.015001s ]
INFO: [ view_parse ] --END-- [ RunTime:0.015001s ]
INFO: [ view_filter ] --START--
INFO: Run Behavior\WriteHtmlCacheBehavior [ RunTime:0.001000s ]
INFO: [ view_filter ] --END-- [ RunTime:0.001000s ]
INFO: [ app_end ] --START--
INFO: Run Behavior\ShowPageTraceBehavior [ RunTime:0.001000s ]
INFO: [ app_end ] --END-- [ RunTime:0.002000s ]

[ 2016-03-12T00:08:15+08:00 ] ::1 /infoshow/index.php/
INFO: [ app_init ] --START--
INFO: Run Behavior\BuildLiteBehavior [ RunTime:0.000000s ]
INFO: [ app_init ] --END-- [ RunTime:0.001000s ]
INFO: [ app_begin ] --START--
INFO: Run Behavior\ReadHtmlCacheBehavior [ RunTime:0.000000s ]
INFO: [ app_begin ] --END-- [ RunTime:0.000000s ]

[ 2016-03-12T00:08:15+08:00 ] ::1 /infoshow/index.php/Home/Publics/index
INFO: [ app_init ] --START--
INFO: Run Behavior\BuildLiteBehavior [ RunTime:0.000000s ]
INFO: [ app_init ] --END-- [ RunTime:0.001000s ]
INFO: [ app_begin ] --START--
INFO: Run Behavior\ReadHtmlCacheBehavior [ RunTime:0.000000s ]
INFO: [ app_begin ] --END-- [ RunTime:0.001000s ]
INFO: [ view_parse ] --START--
INFO: [ template_filter ] --START--
INFO: Run Behavior\ContentReplaceBehavior [ RunTime:0.000000s ]
INFO: [ template_filter ] --END-- [ RunTime:0.000000s ]
NOTIC: [8] Undefined variable: last_announcement E:\wwwroot\infoshow\Application\Runtime\Cache\Home\80b1f8ec82a94661bd6ff54977894b6b.php 第 377 行.
NOTIC: [8] Undefined variable: last_announcement E:\wwwroot\infoshow\Application\Runtime\Cache\Home\80b1f8ec82a94661bd6ff54977894b6b.php 第 377 行.
NOTIC: [8] Undefined variable: last_announcement E:\wwwroot\infoshow\Application\Runtime\Cache\Home\80b1f8ec82a94661bd6ff54977894b6b.php 第 382 行.
NOTIC: [8] Undefined variable: last_announcement E:\wwwroot\infoshow\Application\Runtime\Cache\Home\80b1f8ec82a94661bd6ff54977894b6b.php 第 383 行.
INFO: Run Behavior\ParseTemplateBehavior [ RunTime:0.012001s ]
INFO: [ view_parse ] --END-- [ RunTime:0.012001s ]
INFO: [ view_filter ] --START--
INFO: Run Behavior\WriteHtmlCacheBehavior [ RunTime:0.001000s ]
INFO: [ view_filter ] --END-- [ RunTime:0.001000s ]
INFO: [ app_end ] --START--
INFO: Run Behavior\ShowPageTraceBehavior [ RunTime:0.000000s ]
INFO: [ app_end ] --END-- [ RunTime:0.000000s ]

[ 2016-03-12T00:08:33+08:00 ] ::1 /infoshow/index.php/Home/Publics
INFO: [ app_init ] --START--
INFO: Run Behavior\BuildLiteBehavior [ RunTime:0.000000s ]
INFO: [ app_init ] --END-- [ RunTime:0.000000s ]
INFO: [ app_begin ] --START--
INFO: Run Behavior\ReadHtmlCacheBehavior [ RunTime:0.001000s ]
INFO: [ app_begin ] --END-- [ RunTime:0.001000s ]
ERR: 非法操作:welcome

[ 2016-03-12T00:09:15+08:00 ] ::1 /infoshow/index.php/Home/User/profile
INFO: [ app_init ] --START--
INFO: Run Behavior\BuildLiteBehavior [ RunTime:0.000000s ]
INFO: [ app_init ] --END-- [ RunTime:0.001000s ]
INFO: [ app_begin ] --START--
INFO: Run Behavior\ReadHtmlCacheBehavior [ RunTime:0.001000s ]
INFO: [ app_begin ] --END-- [ RunTime:0.001000s ]

[ 2016-03-12T00:09:15+08:00 ] ::1 /infoshow/index.php/Home/Publics/index
INFO: [ app_init ] --START--
INFO: Run Behavior\BuildLiteBehavior [ RunTime:0.000000s ]
INFO: [ app_init ] --END-- [ RunTime:0.000000s ]
INFO: [ app_begin ] --START--
INFO: Run Behavior\ReadHtmlCacheBehavior [ RunTime:0.001000s ]
INFO: [ app_begin ] --END-- [ RunTime:0.001000s ]
INFO: [ view_parse ] --START--
INFO: [ template_filter ] --START--
INFO: Run Behavior\ContentReplaceBehavior [ RunTime:0.000000s ]
INFO: [ template_filter ] --END-- [ RunTime:0.000000s ]
NOTIC: [8] Undefined variable: last_announcement E:\wwwroot\infoshow\Application\Runtime\Cache\Home\80b1f8ec82a94661bd6ff54977894b6b.php 第 377 行.
NOTIC: [8] Undefined variable: last_announcement E:\wwwroot\infoshow\Application\Runtime\Cache\Home\80b1f8ec82a94661bd6ff54977894b6b.php 第 377 行.
NOTIC: [8] Undefined variable: last_announcement E:\wwwroot\infoshow\Application\Runtime\Cache\Home\80b1f8ec82a94661bd6ff54977894b6b.php 第 382 行.
NOTIC: [8] Undefined variable: last_announcement E:\wwwroot\infoshow\Application\Runtime\Cache\Home\80b1f8ec82a94661bd6ff54977894b6b.php 第 383 行.
INFO: Run Behavior\ParseTemplateBehavior [ RunTime:0.012000s ]
INFO: [ view_parse ] --END-- [ RunTime:0.012000s ]
INFO: [ view_filter ] --START--
INFO: Run Behavior\WriteHtmlCacheBehavior [ RunTime:0.001000s ]
INFO: [ view_filter ] --END-- [ RunTime:0.001000s ]
INFO: [ app_end ] --START--
INFO: Run Behavior\ShowPageTraceBehavior [ RunTime:0.000000s ]
INFO: [ app_end ] --END-- [ RunTime:0.001000s ]

[ 2016-03-12T00:09:35+08:00 ] ::1 /infoshow/index.php/Home/Publics/index
INFO: [ app_init ] --START--
INFO: Run Behavior\BuildLiteBehavior [ RunTime:0.000000s ]
INFO: [ app_init ] --END-- [ RunTime:0.001000s ]
INFO: [ app_begin ] --START--
INFO: Run Behavior\ReadHtmlCacheBehavior [ RunTime:0.001000s ]
INFO: [ app_begin ] --END-- [ RunTime:0.001000s ]
INFO: [ view_parse ] --START--
INFO: [ template_filter ] --START--
INFO: Run Behavior\ContentReplaceBehavior [ RunTime:0.000000s ]
INFO: [ template_filter ] --END-- [ RunTime:0.000000s ]
NOTIC: [8] Undefined variable: last_announcement E:\wwwroot\infoshow\Application\Runtime\Cache\Home\80b1f8ec82a94661bd6ff54977894b6b.php 第 377 行.
NOTIC: [8] Undefined variable: last_announcement E:\wwwroot\infoshow\Application\Runtime\Cache\Home\80b1f8ec82a94661bd6ff54977894b6b.php 第 377 行.
NOTIC: [8] Undefined variable: last_announcement E:\wwwroot\infoshow\Application\Runtime\Cache\Home\80b1f8ec82a94661bd6ff54977894b6b.php 第 382 行.
NOTIC: [8] Undefined variable: last_announcement E:\wwwroot\infoshow\Application\Runtime\Cache\Home\80b1f8ec82a94661bd6ff54977894b6b.php 第 383 行.
INFO: Run Behavior\ParseTemplateBehavior [ RunTime:0.012000s ]
INFO: [ view_parse ] --END-- [ RunTime:0.012000s ]
INFO: [ view_filter ] --START--
INFO: Run Behavior\WriteHtmlCacheBehavior [ RunTime:0.001000s ]
INFO: [ view_filter ] --END-- [ RunTime:0.001000s ]
INFO: [ app_end ] --START--
INFO: Run Behavior\ShowPageTraceBehavior [ RunTime:0.001001s ]
INFO: [ app_end ] --END-- [ RunTime:0.001001s ]

[ 2016-03-12T00:21:56+08:00 ] ::1 /infoshow/index.php/Home/Publics/index
INFO: [ app_init ] --START--
INFO: Run Behavior\BuildLiteBehavior [ RunTime:0.000000s ]
INFO: [ app_init ] --END-- [ RunTime:0.001000s ]
INFO: [ app_begin ] --START--
INFO: Run Behavior\ReadHtmlCacheBehavior [ RunTime:0.000000s ]
INFO: [ app_begin ] --END-- [ RunTime:0.000000s ]
INFO: [ view_parse ] --START--
INFO: [ template_filter ] --START--
INFO: Run Behavior\ContentReplaceBehavior [ RunTime:0.001000s ]
INFO: [ template_filter ] --END-- [ RunTime:0.001000s ]
NOTIC: [8] Undefined variable: last_announcement E:\wwwroot\infoshow\Application\Runtime\Cache\Home\80b1f8ec82a94661bd6ff54977894b6b.php 第 377 行.
NOTIC: [8] Undefined variable: last_announcement E:\wwwroot\infoshow\Application\Runtime\Cache\Home\80b1f8ec82a94661bd6ff54977894b6b.php 第 377 行.
NOTIC: [8] Undefined variable: last_announcement E:\wwwroot\infoshow\Application\Runtime\Cache\Home\80b1f8ec82a94661bd6ff54977894b6b.php 第 382 行.
NOTIC: [8] Undefined variable: last_announcement E:\wwwroot\infoshow\Application\Runtime\Cache\Home\80b1f8ec82a94661bd6ff54977894b6b.php 第 383 行.
INFO: Run Behavior\ParseTemplateBehavior [ RunTime:0.012000s ]
INFO: [ view_parse ] --END-- [ RunTime:0.012000s ]
INFO: [ view_filter ] --START--
INFO: Run Behavior\WriteHtmlCacheBehavior [ RunTime:0.001001s ]
INFO: [ view_filter ] --END-- [ RunTime:0.001001s ]
INFO: [ app_end ] --START--
INFO: Run Behavior\ShowPageTraceBehavior [ RunTime:0.001000s ]
INFO: [ app_end ] --END-- [ RunTime:0.001000s ]

[ 2016-03-12T18:01:08+08:00 ] ::1 /infoshow/index.php/
INFO: [ app_init ] --START--
INFO: Run Behavior\BuildLiteBehavior [ RunTime:0.000000s ]
INFO: [ app_init ] --END-- [ RunTime:0.001000s ]
INFO: [ app_begin ] --START--
INFO: Run Behavior\ReadHtmlCacheBehavior [ RunTime:0.001000s ]
INFO: [ app_begin ] --END-- [ RunTime:0.001000s ]

 ]

[ 2016-03-12T18:01:08+08:00 ] ::1 /infoshow/index.php/Home/Publics/index
INFO: [ app_init ] --START--
INFO: Run Behavior\BuildLiteBehavior [ RunTime:0.000000s ]
INFO: [ app_init ] --END-- [ RunTime:0.001000s ]
INFO: [ app_begin ] --START--
INFO: Run Behavior\ReadHtmlCacheBehavior [ RunTime:0.001000s ]
INFO: [ app_begin ] --END-- [ RunTime:0.001000s ]
INFO: [ view_parse ] --START--
INFO: [ template_filter ] --START--
INFO: Run Behavior\ContentReplaceBehavior [ RunTime:0.001000s ]
INFO: [ template_filter ] --END-- [ RunTime:0.001000s ]
NOTIC: [8] Undefined variable: last_announcement E:\wwwroot\infoshow\Application\Runtime\Cache\Home\80b1f8ec82a94661bd6ff54977894b6b.php 第 377 行.
NOTIC: [8] Undefined variable: last_announcement E:\wwwroot\infoshow\Application\Runtime\Cache\Home\80b1f8ec82a94661bd6ff54977894b6b.php 第 377 行.
NOTIC: [8] Undefined variable: last_announcement E:\wwwroot\infoshow\Application\Runtime\Cache\Home\80b1f8ec82a94661bd6ff54977894b6b.php 第 382 行.
NOTIC: [8] Undefined variable: last_announcement E:\wwwroot\infoshow\Application\Runtime\Cache\Home\80b1f8ec82a94661bd6ff54977894b6b.php 第 383 行.
INFO: Run Behavior\ParseTemplateBehavior [ RunTime:0.026002s ]
INFO: [ view_parse ] --END-- [ RunTime:0.026002s ]
INFO: [ view_filter ] --START--
INFO: Run Behavior\WriteHtmlCacheBehavior [ RunTime:0.001000s ]
INFO: [ view_filter ] --END-- [ RunTime:0.001000s ]
INFO: [ app_end ] --START--
INFO: Run Behavior\ShowPageTraceBehavior [ RunTime:0.002000s ]
INFO: [ app_end ] --END-- [ RunTime:0.002000s ]

[ 2016-03-12T18:01:22+08:00 ] ::1 /infoshow/index.php/Home/Publics/index
INFO: [ app_init ] --START--
INFO: Run Behavior\BuildLiteBehavior [ RunTime:0.000000s ]
INFO: [ app_init ] --END-- [ RunTime:0.001000s ]
INFO: [ app_begin ] --START--
INFO: Run Behavior\ReadHtmlCacheBehavior [ RunTime:0.001000s ]
INFO: [ app_begin ] --END-- [ RunTime:0.001000s ]
INFO: [ view_parse ] --START--
INFO: [ template_filter ] --START--
INFO: Run Behavior\ContentReplaceBehavior [ RunTime:0.000000s ]
INFO: [ template_filter ] --END-- [ RunTime:0.001000s ]
NOTIC: [8] Undefined variable: last_announcement E:\wwwroot\infoshow\Application\Runtime\Cache\Home\80b1f8ec82a94661bd6ff54977894b6b.php 第 377 行.
NOTIC: [8] Undefined variable: last_announcement E:\wwwroot\infoshow\Application\Runtime\Cache\Home\80b1f8ec82a94661bd6ff54977894b6b.php 第 377 行.
NOTIC: [8] Undefined variable: last_announcement E:\wwwroot\infoshow\Application\Runtime\Cache\Home\80b1f8ec82a94661bd6ff54977894b6b.php 第 382 行.
NOTIC: [8] Undefined variable: last_announcement E:\wwwroot\infoshow\Application\Runtime\Cache\Home\80b1f8ec82a94661bd6ff54977894b6b.php 第 383 行.
INFO: Run Behavior\ParseTemplateBehavior [ RunTime:0.014001s ]
INFO: [ view_parse ] --END-- [ RunTime:0.014001s ]
INFO: [ view_filter ] --START--
INFO: Run Behavior\WriteHtmlCacheBehavior [ RunTime:0.000000s ]
INFO: [ view_filter ] --END-- [ RunTime:0.000000s ]
INFO: [ app_end ] --START--
INFO: Run Behavior\ShowPageTraceBehavior [ RunTime:0.001000s ]
INFO: [ app_end ] --END-- [ RunTime:0.001000s ]

[ 2016-03-12T22:02:15+08:00 ] ::1 /infoshow/index.php/
INFO: [ app_init ] --START--
INFO: Run Behavior\BuildLiteBehavior [ RunTime:0.000000s ]
INFO: [ app_init ] --END-- [ RunTime:0.002000s ]
INFO: [ app_begin ] --START--
INFO: Run Behavior\ReadHtmlCacheBehavior [ RunTime:0.001000s ]
INFO: [ app_begin ] --END-- [ RunTime:0.001000s ]

[ 2016-03-12T22:02:15+08:00 ] ::1 /infoshow/index.php/Home/Publics/index
INFO: [ app_init ] --START--
INFO: Run Behavior\BuildLiteBehavior [ RunTime:0.000000s ]
INFO: [ app_init ] --END-- [ RunTime:0.001000s ]
INFO: [ app_begin ] --START--
INFO: Run Behavior\ReadHtmlCacheBehavior [ RunTime:0.001000s ]
INFO: [ app_begin ] --END-- [ RunTime:0.001000s ]
INFO: [ view_parse ] --START--
INFO: [ template_filter ] --START--
INFO: Run Behavior\ContentReplaceBehavior [ RunTime:0.003000s ]
INFO: [ template_filter ] --END-- [ RunTime:0.003000s ]
NOTIC: [8] Undefined variable: last_announcement E:\wwwroot\infoshow\Application\Runtime\Cache\Home\80b1f8ec82a94661bd6ff54977894b6b.php 第 377 行.
NOTIC: [8] Undefined variable: last_announcement E:\wwwroot\infoshow\Application\Runtime\Cache\Home\80b1f8ec82a94661bd6ff54977894b6b.php 第 377 行.
NOTIC: [8] Undefined variable: last_announcement E:\wwwroot\infoshow\Application\Runtime\Cache\Home\80b1f8ec82a94661bd6ff54977894b6b.php 第 382 行.
NOTIC: [8] Undefined variable: last_announcement E:\wwwroot\infoshow\Application\Runtime\Cache\Home\80b1f8ec82a94661bd6ff54977894b6b.php 第 383 行.
INFO: Run Behavior\ParseTemplateBehavior [ RunTime:0.056003s ]
INFO: [ view_parse ] --END-- [ RunTime:0.056003s ]
INFO: [ view_filter ] --START--
INFO: Run Behavior\WriteHtmlCacheBehavior [ RunTime:0.001001s ]
INFO: [ view_filter ] --END-- [ RunTime:0.001001s ]
INFO: [ app_end ] --START--
INFO: Run Behavior\ShowPageTraceBehavior [ RunTime:0.002000s ]
INFO: [ app_end ] --END-- [ RunTime:0.002000s ]

[ 2016-03-12T22:03:44+08:00 ] ::1 /infoshow/index.php/Home/User/profile
INFO: [ app_init ] --START--
INFO: Run Behavior\BuildLiteBehavior [ RunTime:0.000000s ]
INFO: [ app_init ] --END-- [ RunTime:0.001000s ]
INFO: [ app_begin ] --START--
INFO: Run Behavior\ReadHtmlCacheBehavior [ RunTime:0.001000s ]
INFO: [ app_begin ] --END-- [ RunTime:0.001000s ]

[ 2016-03-12T22:03:44+08:00 ] ::1 /infoshow/index.php/Home/Publics/index
INFO: [ app_init ] --START--
INFO: Run Behavior\BuildLiteBehavior [ RunTime:0.000000s ]
INFO: [ app_init ] --END-- [ RunTime:0.001000s ]
INFO: [ app_begin ] --START--
INFO: Run Behavior\ReadHtmlCacheBehavior [ RunTime:0.001000s ]
INFO: [ app_begin ] --END-- [ RunTime:0.001000s ]
INFO: [ view_parse ] --START--
INFO: [ template_filter ] --START--
INFO: Run Behavior\ContentReplaceBehavior [ RunTime:0.000000s ]
INFO: [ template_filter ] --END-- [ RunTime:0.000000s ]
NOTIC: [8] Undefined variable: last_announcement E:\wwwroot\infoshow\Application\Runtime\Cache\Home\80b1f8ec82a94661bd6ff54977894b6b.php 第 377 行.
NOTIC: [8] Undefined variable: last_announcement E:\wwwroot\infoshow\Application\Runtime\Cache\Home\80b1f8ec82a94661bd6ff54977894b6b.php 第 377 行.
NOTIC: [8] Undefined variable: last_announcement E:\wwwroot\infoshow\Application\Runtime\Cache\Home\80b1f8ec82a94661bd6ff54977894b6b.php 第 382 行.
NOTIC: [8] Undefined variable: last_announcement E:\wwwroot\infoshow\Application\Runtime\Cache\Home\80b1f8ec82a94661bd6ff54977894b6b.php 第 383 行.
INFO: Run Behavior\ParseTemplateBehavior [ RunTime:0.018001s ]
INFO: [ view_parse ] --END-- [ RunTime:0.018001s ]
INFO: [ view_filter ] --START--
INFO: Run Behavior\WriteHtmlCacheBehavior [ RunTime:0.001000s ]
INFO: [ view_filter ] --END-- [ RunTime:0.001000s ]
INFO: [ app_end ] --START--
INFO: Run Behavior\ShowPageTraceBehavior [ RunTime:0.001000s ]
INFO: [ app_end ] --END-- [ RunTime:0.001000s ]

[ 2016-03-12T22:03:47+08:00 ] ::1 /infoshow/index.php/Home/User/profile
INFO: [ app_init ] --START--
INFO: Run Behavior\BuildLiteBehavior [ RunTime:0.000000s ]
INFO: [ app_init ] --END-- [ RunTime:0.001000s ]
INFO: [ app_begin ] --START--
INFO: Run Behavior\ReadHtmlCacheBehavior [ RunTime:0.001000s ]
INFO: [ app_begin ] --END-- [ RunTime:0.001000s ]

[ 2016-03-12T22:03:47+08:00 ] ::1 /infoshow/index.php/Home/Publics/index
INFO: [ app_init ] --START--
INFO: Run Behavior\BuildLiteBehavior [ RunTime:0.000000s ]
INFO: [ app_init ] --END-- [ RunTime:0.001000s ]
INFO: [ app_begin ] --START--
INFO: Run Behavior\ReadHtmlCacheBehavior [ RunTime:0.001000s ]
INFO: [ app_begin ] --END-- [ RunTime:0.001000s ]
INFO: [ view_parse ] --START--
INFO: [ template_filter ] --START--
INFO: Run Behavior\ContentReplaceBehavior [ RunTime:0.000000s ]
INFO: [ template_filter ] --END-- [ RunTime:0.000000s ]
NOTIC: [8] Undefined variable: last_announcement E:\wwwroot\infoshow\Application\Runtime\Cache\Home\80b1f8ec82a94661bd6ff54977894b6b.php 第 377 行.
NOTIC: [8] Undefined variable: last_announcement E:\wwwroot\infoshow\Application\Runtime\Cache\Home\80b1f8ec82a94661bd6ff54977894b6b.php 第 377 行.
NOTIC: [8] Undefined variable: last_announcement E:\wwwroot\infoshow\Application\Runtime\Cache\Home\80b1f8ec82a94661bd6ff54977894b6b.php 第 382 行.
NOTIC: [8] Undefined variable: last_announcement E:\wwwroot\infoshow\Application\Runtime\Cache\Home\80b1f8ec82a94661bd6ff54977894b6b.php 第 383 行.
INFO: Run Behavior\ParseTemplateBehavior [ RunTime:0.017001s ]
INFO: [ view_parse ] --END-- [ RunTime:0.017001s ]
INFO: [ view_filter ] --START--
INFO: Run Behavior\WriteHtmlCacheBehavior [ RunTime:0.000000s ]
INFO: [ view_filter ] --END-- [ RunTime:0.000000s ]
INFO: [ app_end ] --START--
INFO: Run Behavior\ShowPageTraceBehavior [ RunTime:0.000000s ]
INFO: [ app_end ] --END-- [ RunTime:0.000000s ]

[ 2016-03-12T22:03:51+08:00 ] ::1 /infoshow/index.php/Home/Publics/logout
INFO: [ app_init ] --START--
INFO: Run Behavior\BuildLiteBehavior [ RunTime:0.000000s ]
INFO: [ app_init ] --END-- [ RunTime:0.000000s ]
INFO: [ app_begin ] --START--
INFO: Run Behavior\ReadHtmlCacheBehavior [ RunTime:0.001001s ]
INFO: [ app_begin ] --END-- [ RunTime:0.001001s ]

[ 2016-03-12T22:03:51+08:00 ] ::1 /infoshow/index.php/Home/Publics/login
INFO: [ app_init ] --START--
INFO: Run Behavior\BuildLiteBehavior [ RunTime:0.000000s ]
INFO: [ app_init ] --END-- [ RunTime:0.001000s ]
INFO: [ app_begin ] --START--
INFO: Run Behavior\ReadHtmlCacheBehavior [ RunTime:0.001001s ]
INFO: [ app_begin ] --END-- [ RunTime:0.001001s ]
INFO: [ view_parse ] --START--
INFO: [ template_filter ] --START--
INFO: Run Behavior\ContentReplaceBehavior [ RunTime:0.000000s ]
INFO: [ template_filter ] --END-- [ RunTime:0.001000s ]
INFO: Run Behavior\ParseTemplateBehavior [ RunTime:0.019001s ]
INFO: [ view_parse ] --END-- [ RunTime:0.019001s ]
INFO: [ view_filter ] --START--
INFO: Run Behavior\WriteHtmlCacheBehavior [ RunTime:0.000000s ]
INFO: [ view_filter ] --END-- [ RunTime:0.001000s ]
INFO: [ app_end ] --START--
INFO: Run Behavior\ShowPageTraceBehavior [ RunTime:0.001000s ]
INFO: [ app_end ] --END-- [ RunTime:0.001000s ]

[ 2016-03-12T22:03:51+08:00 ] ::1 /infoshow/index.php/Home/Publics/favicon.ico
INFO: [ app_init ] --START--
INFO: Run Behavior\BuildLiteBehavior [ RunTime:0.000000s ]
INFO: [ app_init ] --END-- [ RunTime:0.000000s ]

[ 2016-03-12T22:03:54+08:00 ] ::1 /infoshow/index.php/Home/Publics/login
INFO: [ app_init ] --START--
INFO: Run Behavior\BuildLiteBehavior [ RunTime:0.000000s ]
INFO: [ app_init ] --END-- [ RunTime:0.001000s ]
INFO: [ app_begin ] --START--
INFO: Run Behavior\ReadHtmlCacheBehavior [ RunTime:0.001001s ]
INFO: [ app_begin ] --END-- [ RunTime:0.001001s ]
INFO: [ view_parse ] --START--
INFO: [ template_filter ] --START--
INFO: Run Behavior\ContentReplaceBehavior [ RunTime:0.000000s ]
INFO: [ template_filter ] --END-- [ RunTime:0.000000s ]
INFO: Run Behavior\ParseTemplateBehavior [ RunTime:0.013000s ]
INFO: [ view_parse ] --END-- [ RunTime:0.013000s ]
INFO: [ view_filter ] --START--
INFO: Run Behavior\WriteHtmlCacheBehavior [ RunTime:0.001001s ]
INFO: [ view_filter ] --END-- [ RunTime:0.001001s ]
INFO: [ app_end ] --START--
INFO: Run Behavior\ShowPageTraceBehavior [ RunTime:0.001000s ]
INFO: [ app_end ] --END-- [ RunTime:0.001000s ]

[ 2016-03-12T22:03:58+08:00 ] ::1 /infoshow/index.php/
INFO: [ app_init ] --START--
INFO: Run Behavior\BuildLiteBehavior [ RunTime:0.000000s ]
INFO: [ app_init ] --END-- [ RunTime:0.000000s ]
INFO: [ app_begin ] --START--
INFO: Run Behavior\ReadHtmlCacheBehavior [ RunTime:0.001000s ]
INFO: [ app_begin ] --END-- [ RunTime:0.001000s ]

[ 2016-03-12T22:03:58+08:00 ] ::1 /infoshow/index.php/Home/Publics/index
INFO: [ app_init ] --START--
INFO: Run Behavior\BuildLiteBehavior [ RunTime:0.000000s ]
INFO: [ app_init ] --END-- [ RunTime:0.000000s ]
INFO: [ app_begin ] --START--
INFO: Run Behavior\ReadHtmlCacheBehavior [ RunTime:0.000000s ]
INFO: [ app_begin ] --END-- [ RunTime:0.000000s ]
INFO: [ view_parse ] --START--
INFO: [ template_filter ] --START--
INFO: Run Behavior\ContentReplaceBehavior [ RunTime:0.000000s ]
INFO: [ template_filter ] --END-- [ RunTime:0.000000s ]
NOTIC: [8] Undefined variable: last_announcement E:\wwwroot\infoshow\Application\Runtime\Cache\Home\80b1f8ec82a94661bd6ff54977894b6b.php 第 377 行.
NOTIC: [8] Undefined variable: last_announcement E:\wwwroot\infoshow\Application\Runtime\Cache\Home\80b1f8ec82a94661bd6ff54977894b6b.php 第 377 行.
NOTIC: [8] Undefined variable: last_announcement E:\wwwroot\infoshow\Application\Runtime\Cache\Home\80b1f8ec82a94661bd6ff54977894b6b.php 第 382 行.
NOTIC: [8] Undefined variable: last_announcement E:\wwwroot\infoshow\Application\Runtime\Cache\Home\80b1f8ec82a94661bd6ff54977894b6b.php 第 383 行.
INFO: Run Behavior\ParseTemplateBehavior [ RunTime:0.019001s ]
INFO: [ view_parse ] --END-- [ RunTime:0.019001s ]
INFO: [ view_filter ] --START--
INFO: Run Behavior\WriteHtmlCacheBehavior [ RunTime:0.001000s ]
INFO: [ view_filter ] --END-- [ RunTime:0.001000s ]
INFO: [ app_end ] --START--
INFO: Run Behavior\ShowPageTraceBehavior [ RunTime:0.002000s ]
INFO: [ app_end ] --END-- [ RunTime:0.002000s ]

[ 2016-03-12T22:09:38+08:00 ] ::1 /infoshow/index.php/Home/Publics/index
INFO: [ app_init ] --START--
INFO: Run Behavior\BuildLiteBehavior [ RunTime:0.000000s ]
INFO: [ app_init ] --END-- [ RunTime:0.001000s ]
INFO: [ app_begin ] --START--
INFO: Run Behavior\ReadHtmlCacheBehavior [ RunTime:0.002000s ]
INFO: [ app_begin ] --END-- [ RunTime:0.002000s ]
INFO: [ view_parse ] --START--
INFO: [ template_filter ] --START--
INFO: Run Behavior\ContentReplaceBehavior [ RunTime:0.000000s ]
INFO: [ template_filter ] --END-- [ RunTime:0.000000s ]
ERR: 1146:Table 'db_infoshow.db_menu' doesn't exist
 [ SQL语句 ] : SHOW COLUMNS FROM `db_menu`
ERR: 1146:Table 'db_infoshow.db_menu' doesn't exist
 [ SQL语句 ] : SHOW COLUMNS FROM `db_menu`

[ 2016-03-12T22:11:09+08:00 ] ::1 /infoshow/index.php/Home/Publics/index
INFO: [ app_init ] --START--
INFO: Run Behavior\BuildLiteBehavior [ RunTime:0.000000s ]
INFO: [ app_init ] --END-- [ RunTime:0.001000s ]
INFO: [ app_begin ] --START--
INFO: Run Behavior\ReadHtmlCacheBehavior [ RunTime:0.001000s ]
INFO: [ app_begin ] --END-- [ RunTime:0.001000s ]
INFO: [ view_parse ] --START--
INFO: [ template_filter ] --START--
INFO: Run Behavior\ContentReplaceBehavior [ RunTime:0.000000s ]
INFO: [ template_filter ] --END-- [ RunTime:0.000000s ]
ERR: 1146:Table 'db_infoshow.db_menu' doesn't exist
 [ SQL语句 ] : SHOW COLUMNS FROM `db_menu`
ERR: 1146:Table 'db_infoshow.db_menu' doesn't exist
 [ SQL语句 ] : SHOW COLUMNS FROM `db_menu`

[ 2016-03-12T22:11:11+08:00 ] ::1 /infoshow/index.php/Home/Publics/index
INFO: [ app_init ] --START--
INFO: Run Behavior\BuildLiteBehavior [ RunTime:0.000000s ]
INFO: [ app_init ] --END-- [ RunTime:0.001000s ]
INFO: [ app_begin ] --START--
INFO: Run Behavior\ReadHtmlCacheBehavior [ RunTime:0.001000s ]
INFO: [ app_begin ] --END-- [ RunTime:0.001000s ]
INFO: [ view_parse ] --START--
INFO: [ template_filter ] --START--
INFO: Run Behavior\ContentReplaceBehavior [ RunTime:0.000000s ]
INFO: [ template_filter ] --END-- [ RunTime:0.000000s ]
ERR: 1146:Table 'db_infoshow.db_menu' doesn't exist
 [ SQL语句 ] : SHOW COLUMNS FROM `db_menu`
ERR: 1146:Table 'db_infoshow.db_menu' doesn't exist
 [ SQL语句 ] : SHOW COLUMNS FROM `db_menu`

[ 2016-03-12T22:11:33+08:00 ] ::1 /infoshow/index.php/Home/Publics/index
INFO: [ app_init ] --START--
INFO: Run Behavior\BuildLiteBehavior [ RunTime:0.000000s ]
INFO: [ app_init ] --END-- [ RunTime:0.000000s ]
INFO: [ app_begin ] --START--
INFO: Run Behavior\ReadHtmlCacheBehavior [ RunTime:0.001000s ]
INFO: [ app_begin ] --END-- [ RunTime:0.001000s ]
INFO: [ view_parse ] --START--
INFO: [ template_filter ] --START--
INFO: Run Behavior\ContentReplaceBehavior [ RunTime:0.001000s ]
INFO: [ template_filter ] --END-- [ RunTime:0.001000s ]
NOTIC: [8] Undefined variable: last_announcement E:\wwwroot\infoshow\Application\Runtime\Cache\Home\80b1f8ec82a94661bd6ff54977894b6b.php 第 377 行.
NOTIC: [8] Undefined variable: last_announcement E:\wwwroot\infoshow\Application\Runtime\Cache\Home\80b1f8ec82a94661bd6ff54977894b6b.php 第 377 行.
NOTIC: [8] Undefined variable: last_announcement E:\wwwroot\infoshow\Application\Runtime\Cache\Home\80b1f8ec82a94661bd6ff54977894b6b.php 第 382 行.
NOTIC: [8] Undefined variable: last_announcement E:\wwwroot\infoshow\Application\Runtime\Cache\Home\80b1f8ec82a94661bd6ff54977894b6b.php 第 383 行.
INFO: Run Behavior\ParseTemplateBehavior [ RunTime:0.015001s ]
INFO: [ view_parse ] --END-- [ RunTime:0.015001s ]
INFO: [ view_filter ] --START--
INFO: Run Behavior\WriteHtmlCacheBehavior [ RunTime:0.001000s ]
INFO: [ view_filter ] --END-- [ RunTime:0.001000s ]
INFO: [ app_end ] --START--
INFO: Run Behavior\ShowPageTraceBehavior [ RunTime:0.001000s ]
INFO: [ app_end ] --END-- [ RunTime:0.001000s ]

[ 2016-03-12T22:11:46+08:00 ] ::1 /infoshow/index.php/Home/Publics/index
INFO: [ app_init ] --START--
INFO: Run Behavior\BuildLiteBehavior [ RunTime:0.000000s ]
INFO: [ app_init ] --END-- [ RunTime:0.000000s ]
INFO: [ app_begin ] --START--
INFO: Run Behavior\ReadHtmlCacheBehavior [ RunTime:0.001000s ]
INFO: [ app_begin ] --END-- [ RunTime:0.001000s ]
INFO: [ view_parse ] --START--
INFO: [ template_filter ] --START--
INFO: Run Behavior\ContentReplaceBehavior [ RunTime:0.001001s ]
INFO: [ template_filter ] --END-- [ RunTime:0.001001s ]
ERR: 1146:Table 'db_infoshow.db_menu' doesn't exist
 [ SQL语句 ] : SHOW COLUMNS FROM `db_menu`
ERR: 1146:Table 'db_infoshow.db_menu' doesn't exist
 [ SQL语句 ] : SHOW COLUMNS FROM `db_menu`

[ 2016-03-12T22:12:17+08:00 ] ::1 /infoshow/index.php/Home/Publics/index
INFO: [ app_init ] --START--
INFO: Run Behavior\BuildLiteBehavior [ RunTime:0.000000s ]
INFO: [ app_init ] --END-- [ RunTime:0.000000s ]
INFO: [ app_begin ] --START--
INFO: Run Behavior\ReadHtmlCacheBehavior [ RunTime:0.001000s ]
INFO: [ app_begin ] --END-- [ RunTime:0.001000s ]
INFO: [ view_parse ] --START--
INFO: [ template_filter ] --START--
INFO: Run Behavior\ContentReplaceBehavior [ RunTime:0.000000s ]
INFO: [ template_filter ] --END-- [ RunTime:0.000000s ]
ERR: 1146:Table 'db_infoshow.db_menu' doesn't exist
 [ SQL语句 ] : SHOW COLUMNS FROM `db_menu`
ERR: 1146:Table 'db_infoshow.db_menu' doesn't exist
 [ SQL语句 ] : SHOW COLUMNS FROM `db_menu`

[ 2016-03-12T22:13:03+08:00 ] ::1 /infoshow/index.php/Home/Publics/index
INFO: [ app_init ] --START--
INFO: Run Behavior\BuildLiteBehavior [ RunTime:0.000000s ]
INFO: [ app_init ] --END-- [ RunTime:0.001000s ]
INFO: [ app_begin ] --START--
INFO: Run Behavior\ReadHtmlCacheBehavior [ RunTime:0.001000s ]
INFO: [ app_begin ] --END-- [ RunTime:0.001000s ]
INFO: [ view_parse ] --START--
INFO: [ template_filter ] --START--
INFO: Run Behavior\ContentReplaceBehavior [ RunTime:0.000000s ]
INFO: [ template_filter ] --END-- [ RunTime:0.000000s ]
ERR: 1146:Table 'db_infoshow.db_menu' doesn't exist
 [ SQL语句 ] : SHOW COLUMNS FROM `db_menu`
ERR: 1146:Table 'db_infoshow.db_menu' doesn't exist
 [ SQL语句 ] : SHOW COLUMNS FROM `db_menu`

[ 2016-03-12T22:13:12+08:00 ] ::1 /infoshow/index.php/Home/Publics/index
INFO: [ app_init ] --START--
INFO: Run Behavior\BuildLiteBehavior [ RunTime:0.000000s ]
INFO: [ app_init ] --END-- [ RunTime:0.001000s ]
INFO: [ app_begin ] --START--
INFO: Run Behavior\ReadHtmlCacheBehavior [ RunTime:0.001000s ]
INFO: [ app_begin ] --END-- [ RunTime:0.001000s ]
INFO: [ view_parse ] --START--
INFO: [ template_filter ] --START--
INFO: Run Behavior\ContentReplaceBehavior [ RunTime:0.000000s ]
INFO: [ template_filter ] --END-- [ RunTime:0.000000s ]
ERR: 1146:Table 'db_infoshow.db_menu' doesn't exist
 [ SQL语句 ] : SHOW COLUMNS FROM `db_menu`
ERR: 1146:Table 'db_infoshow.db_menu' doesn't exist
 [ SQL语句 ] : SHOW COLUMNS FROM `db_menu`

[ 2016-03-12T22:13:35+08:00 ] ::1 /infoshow/index.php/Home/Publics/index
INFO: [ app_init ] --START--
INFO: Run Behavior\BuildLiteBehavior [ RunTime:0.000000s ]
INFO: [ app_init ] --END-- [ RunTime:0.001000s ]
INFO: [ app_begin ] --START--
INFO: Run Behavior\ReadHtmlCacheBehavior [ RunTime:0.001000s ]
INFO: [ app_begin ] --END-- [ RunTime:0.001000s ]
INFO: [ view_parse ] --START--
INFO: [ template_filter ] --START--
INFO: Run Behavior\ContentReplaceBehavior [ RunTime:0.000000s ]
INFO: [ template_filter ] --END-- [ RunTime:0.000000s ]
ERR: 1146:Table 'db_infoshow.db_menu' doesn't exist
 [ SQL语句 ] : SHOW COLUMNS FROM `db_menu`
ERR: 1146:Table 'db_infoshow.db_menu' doesn't exist
 [ SQL语句 ] : SHOW COLUMNS FROM `db_menu`

[ 2016-03-12T22:14:05+08:00 ] ::1 /infoshow/index.php/Home/Publics/index
INFO: [ app_init ] --START--
INFO: Run Behavior\BuildLiteBehavior [ RunTime:0.000000s ]
INFO: [ app_init ] --END-- [ RunTime:0.001000s ]
INFO: [ app_begin ] --START--
INFO: Run Behavior\ReadHtmlCacheBehavior [ RunTime:0.001000s ]
INFO: [ app_begin ] --END-- [ RunTime:0.001000s ]
INFO: [ view_parse ] --START--
INFO: [ template_filter ] --START--
INFO: Run Behavior\ContentReplaceBehavior [ RunTime:0.000000s ]
INFO: [ template_filter ] --END-- [ RunTime:0.001000s ]
ERR: 1146:Table 'db_infoshow.db_menu' doesn't exist
 [ SQL语句 ] : SHOW COLUMNS FROM `db_menu`
ERR: 1146:Table 'db_infoshow.db_menu' doesn't exist
 [ SQL语句 ] : SHOW COLUMNS FROM `db_menu`

[ 2016-03-12T22:15:43+08:00 ] ::1 /infoshow/index.php/Home/Publics/index
INFO: [ app_init ] --START--
INFO: Run Behavior\BuildLiteBehavior [ RunTime:0.000000s ]
INFO: [ app_init ] --END-- [ RunTime:0.001001s ]
INFO: [ app_begin ] --START--
INFO: Run Behavior\ReadHtmlCacheBehavior [ RunTime:0.000000s ]
INFO: [ app_begin ] --END-- [ RunTime:0.001000s ]
INFO: [ view_parse ] --START--
INFO: [ template_filter ] --START--
INFO: Run Behavior\ContentReplaceBehavior [ RunTime:0.000000s ]
INFO: [ template_filter ] --END-- [ RunTime:0.000000s ]
NOTIC: [8] Undefined variable: menu_list E:\wwwroot\infoshow\Application\Home\Widget\CateWidget.class.php 第 12 行.
INFO: [ view_parse ] --START--
INFO: [ template_filter ] --START--
INFO: Run Behavior\ContentReplaceBehavior [ RunTime:0.000000s ]
INFO: [ template_filter ] --END-- [ RunTime:-0.006001s ]
INFO: Run Behavior\ParseTemplateBehavior [ RunTime:0.008000s ]
INFO: [ view_parse ] --END-- [ RunTime:0.008000s ]
INFO: [ view_filter ] --START--
INFO: Run Behavior\WriteHtmlCacheBehavior [ RunTime:0.000000s ]
INFO: [ view_filter ] --END-- [ RunTime:0.000000s ]
NOTIC: [8] Undefined variable: last_announcement E:\wwwroot\infoshow\Application\Runtime\Cache\Home\80b1f8ec82a94661bd6ff54977894b6b.php 第 377 行.
NOTIC: [8] Undefined variable: last_announcement E:\wwwroot\infoshow\Application\Runtime\Cache\Home\80b1f8ec82a94661bd6ff54977894b6b.php 第 377 行.
NOTIC: [8] Undefined variable: last_announcement E:\wwwroot\infoshow\Application\Runtime\Cache\Home\80b1f8ec82a94661bd6ff54977894b6b.php 第 382 行.
NOTIC: [8] Undefined variable: last_announcement E:\wwwroot\infoshow\Application\Runtime\Cache\Home\80b1f8ec82a94661bd6ff54977894b6b.php 第 383 行.
INFO: Run Behavior\ParseTemplateBehavior [ RunTime:0.008000s ]
INFO: [ view_parse ] --END-- [ RunTime:0.008000s ]
INFO: [ view_filter ] --START--
INFO: Run Behavior\WriteHtmlCacheBehavior [ RunTime:0.001000s ]
INFO: [ view_filter ] --END-- [ RunTime:0.000000s ]
INFO: [ app_end ] --START--
INFO: Run Behavior\ShowPageTraceBehavior [ RunTime:0.001000s ]
INFO: [ app_end ] --END-- [ RunTime:0.001000s ]

[ 2016-03-12T22:15:59+08:00 ] ::1 /infoshow/index.php/Home/Publics/index
INFO: [ app_init ] --START--
INFO: Run Behavior\BuildLiteBehavior [ RunTime:0.000000s ]
INFO: [ app_init ] --END-- [ RunTime:0.000000s ]
INFO: [ app_begin ] --START--
INFO: Run Behavior\ReadHtmlCacheBehavior [ RunTime:0.000000s ]
INFO: [ app_begin ] --END-- [ RunTime:0.000000s ]
INFO: [ view_parse ] --START--
INFO: [ template_filter ] --START--
INFO: Run Behavior\ContentReplaceBehavior [ RunTime:0.000000s ]
INFO: [ template_filter ] --END-- [ RunTime:0.000000s ]

[ 2016-03-12T22:16:20+08:00 ] ::1 /infoshow/index.php/Home/Publics/index
INFO: [ app_init ] --START--
INFO: Run Behavior\BuildLiteBehavior [ RunTime:0.000000s ]
INFO: [ app_init ] --END-- [ RunTime:0.001001s ]
INFO: [ app_begin ] --START--
INFO: Run Behavior\ReadHtmlCacheBehavior [ RunTime:0.001000s ]
INFO: [ app_begin ] --END-- [ RunTime:0.001000s ]
INFO: [ view_parse ] --START--
INFO: [ template_filter ] --START--
INFO: Run Behavior\ContentReplaceBehavior [ RunTime:0.000000s ]
INFO: [ template_filter ] --END-- [ RunTime:0.000000s ]
SQL: SHOW COLUMNS FROM `db_admin_menu` [ RunTime:0.0090s ]
SQL: SELECT * FROM `db_admin_menu` WHERE `display` = 1  [ RunTime:0.0010s ]
INFO: [ view_parse ] --START--
INFO: [ template_filter ] --START--
INFO: Run Behavior\ContentReplaceBehavior [ RunTime:0.000000s ]
INFO: [ template_filter ] --END-- [ RunTime:-0.040002s ]
INFO: Run Behavior\ParseTemplateBehavior [ RunTime:0.006000s ]
INFO: [ view_parse ] --END-- [ RunTime:0.006000s ]
INFO: [ view_filter ] --START--
INFO: Run Behavior\WriteHtmlCacheBehavior [ RunTime:0.001000s ]
INFO: [ view_filter ] --END-- [ RunTime:0.001000s ]
NOTIC: [8] Undefined variable: last_announcement E:\wwwroot\infoshow\Application\Runtime\Cache\Home\80b1f8ec82a94661bd6ff54977894b6b.php 第 377 行.
NOTIC: [8] Undefined variable: last_announcement E:\wwwroot\infoshow\Application\Runtime\Cache\Home\80b1f8ec82a94661bd6ff54977894b6b.php 第 377 行.
NOTIC: [8] Undefined variable: last_announcement E:\wwwroot\infoshow\Application\Runtime\Cache\Home\80b1f8ec82a94661bd6ff54977894b6b.php 第 382 行.
NOTIC: [8] Undefined variable: last_announcement E:\wwwroot\infoshow\Application\Runtime\Cache\Home\80b1f8ec82a94661bd6ff54977894b6b.php 第 383 行.
INFO: Run Behavior\ParseTemplateBehavior [ RunTime:0.007000s ]
INFO: [ view_parse ] --END-- [ RunTime:0.006000s ]
INFO: [ view_filter ] --START--
INFO: Run Behavior\WriteHtmlCacheBehavior [ RunTime:0.000000s ]
INFO: [ view_filter ] --END-- [ RunTime:0.000000s ]
INFO: [ app_end ] --START--
INFO: Run Behavior\ShowPageTraceBehavior [ RunTime:0.002000s ]
INFO: [ app_end ] --END-- [ RunTime:0.002000s ]

[ 2016-03-12T22:17:09+08:00 ] ::1 /infoshow/index.php/Home/Publics/index
INFO: [ app_init ] --START--
INFO: Run Behavior\BuildLiteBehavior [ RunTime:0.000000s ]
INFO: [ app_init ] --END-- [ RunTime:0.000000s ]
INFO: [ app_begin ] --START--
INFO: Run Behavior\ReadHtmlCacheBehavior [ RunTime:0.001000s ]
INFO: [ app_begin ] --END-- [ RunTime:0.001000s ]
INFO: [ view_parse ] --START--
INFO: [ template_filter ] --START--
INFO: Run Behavior\ContentReplaceBehavior [ RunTime:0.000000s ]
INFO: [ template_filter ] --END-- [ RunTime:0.000000s ]
ERR: 1146:Table 'db_infoshow.db_menu' doesn't exist
 [ SQL语句 ] : SHOW COLUMNS FROM `db_menu`
ERR: 1146:Table 'db_infoshow.db_menu' doesn't exist
 [ SQL语句 ] : SHOW COLUMNS FROM `db_menu`

[ 2016-03-12T22:17:28+08:00 ] ::1 /infoshow/index.php/Home/Publics/index
INFO: [ app_init ] --START--
INFO: Run Behavior\BuildLiteBehavior [ RunTime:0.000000s ]
INFO: [ app_init ] --END-- [ RunTime:0.001000s ]
INFO: [ app_begin ] --START--
INFO: Run Behavior\ReadHtmlCacheBehavior [ RunTime:0.001000s ]
INFO: [ app_begin ] --END-- [ RunTime:0.002000s ]
INFO: [ view_parse ] --START--
INFO: [ template_filter ] --START--
INFO: Run Behavior\ContentReplaceBehavior [ RunTime:0.000000s ]
INFO: [ template_filter ] --END-- [ RunTime:0.000000s ]
SQL: SHOW COLUMNS FROM `db_admin_menu` [ RunTime:0.0050s ]
SQL: SELECT * FROM `db_admin_menu` WHERE `display` = 1  [ RunTime:0.0010s ]
INFO: [ view_parse ] --START--
INFO: [ template_filter ] --START--
INFO: Run Behavior\ContentReplaceBehavior [ RunTime:0.000000s ]
INFO: [ template_filter ] --END-- [ RunTime:-0.023001s ]
INFO: Run Behavior\ParseTemplateBehavior [ RunTime:0.005000s ]
INFO: [ view_parse ] --END-- [ RunTime:0.005000s ]
INFO: [ view_filter ] --START--
INFO: Run Behavior\WriteHtmlCacheBehavior [ RunTime:0.001000s ]
INFO: [ view_filter ] --END-- [ RunTime:0.001000s ]
NOTIC: [8] Undefined variable: last_announcement E:\wwwroot\infoshow\Application\Runtime\Cache\Home\80b1f8ec82a94661bd6ff54977894b6b.php 第 377 行.
NOTIC: [8] Undefined variable: last_announcement E:\wwwroot\infoshow\Application\Runtime\Cache\Home\80b1f8ec82a94661bd6ff54977894b6b.php 第 377 行.
NOTIC: [8] Undefined variable: last_announcement E:\wwwroot\infoshow\Application\Runtime\Cache\Home\80b1f8ec82a94661bd6ff54977894b6b.php 第 382 行.
NOTIC: [8] Undefined variable: last_announcement E:\wwwroot\infoshow\Application\Runtime\Cache\Home\80b1f8ec82a94661bd6ff54977894b6b.php 第 383 行.
INFO: Run Behavior\ParseTemplateBehavior [ RunTime:0.006000s ]
INFO: [ view_parse ] --END-- [ RunTime:0.005000s ]
INFO: [ view_filter ] --START--
INFO: Run Behavior\WriteHtmlCacheBehavior [ RunTime:0.000000s ]
INFO: [ view_filter ] --END-- [ RunTime:0.000000s ]
INFO: [ app_end ] --START--
INFO: Run Behavior\ShowPageTraceBehavior [ RunTime:0.001000s ]
INFO: [ app_end ] --END-- [ RunTime:0.001000s ]

[ 2016-03-12T22:21:22+08:00 ] ::1 /infoshow/index.php/Home/Publics/index
INFO: [ app_init ] --START--
INFO: Run Behavior\BuildLiteBehavior [ RunTime:0.000000s ]
INFO: [ app_init ] --END-- [ RunTime:0.000000s ]
INFO: [ app_begin ] --START--
INFO: Run Behavior\ReadHtmlCacheBehavior [ RunTime:0.001000s ]
INFO: [ app_begin ] --END-- [ RunTime:0.001000s ]
INFO: [ view_parse ] --START--
INFO: [ template_filter ] --START--
INFO: Run Behavior\ContentReplaceBehavior [ RunTime:0.000000s ]
INFO: [ template_filter ] --END-- [ RunTime:0.000000s ]
SQL: SHOW COLUMNS FROM `db_admin_menu` [ RunTime:0.0100s ]
SQL: SELECT * FROM `db_admin_menu` WHERE `display` = 1  [ RunTime:0.0010s ]
INFO: [ view_parse ] --START--
INFO: [ template_filter ] --START--
INFO: Run Behavior\ContentReplaceBehavior [ RunTime:0.000000s ]
INFO: [ template_filter ] --END-- [ RunTime:-0.030002s ]
INFO: Run Behavior\ParseTemplateBehavior [ RunTime:0.008001s ]
INFO: [ view_parse ] --END-- [ RunTime:0.008001s ]
INFO: [ view_filter ] --START--
INFO: Run Behavior\WriteHtmlCacheBehavior [ RunTime:0.001000s ]
INFO: [ view_filter ] --END-- [ RunTime:0.001000s ]
NOTIC: [8] Undefined variable: last_announcement E:\wwwroot\infoshow\Application\Runtime\Cache\Home\80b1f8ec82a94661bd6ff54977894b6b.php 第 377 行.
NOTIC: [8] Undefined variable: last_announcement E:\wwwroot\infoshow\Application\Runtime\Cache\Home\80b1f8ec82a94661bd6ff54977894b6b.php 第 377 行.
NOTIC: [8] Undefined variable: last_announcement E:\wwwroot\infoshow\Application\Runtime\Cache\Home\80b1f8ec82a94661bd6ff54977894b6b.php 第 382 行.
NOTIC: [8] Undefined variable: last_announcement E:\wwwroot\infoshow\Application\Runtime\Cache\Home\80b1f8ec82a94661bd6ff54977894b6b.php 第 383 行.
INFO: Run Behavior\ParseTemplateBehavior [ RunTime:0.009001s ]
INFO: [ view_parse ] --END-- [ RunTime:0.008001s ]
INFO: [ view_filter ] --START--
INFO: Run Behavior\WriteHtmlCacheBehavior [ RunTime:0.000000s ]
INFO: [ view_filter ] --END-- [ RunTime:0.000000s ]
INFO: [ app_end ] --START--
INFO: Run Behavior\ShowPageTraceBehavior [ RunTime:0.001000s ]
INFO: [ app_end ] --END-- [ RunTime:0.001000s ]

[ 2016-03-12T22:21:26+08:00 ] ::1 /infoshow/index.php/
INFO: [ app_init ] --START--
INFO: Run Behavior\BuildLiteBehavior [ RunTime:0.000000s ]
INFO: [ app_init ] --END-- [ RunTime:0.000000s ]
INFO: [ app_begin ] --START--
INFO: Run Behavior\ReadHtmlCacheBehavior [ RunTime:0.001000s ]
INFO: [ app_begin ] --END-- [ RunTime:0.001000s ]

[ 2016-03-12T22:21:26+08:00 ] ::1 /infoshow/index.php/Home/Publics/index
INFO: [ app_init ] --START--
INFO: Run Behavior\BuildLiteBehavior [ RunTime:0.000000s ]
INFO: [ app_init ] --END-- [ RunTime:0.001000s ]
INFO: [ app_begin ] --START--
INFO: Run Behavior\ReadHtmlCacheBehavior [ RunTime:0.001000s ]
INFO: [ app_begin ] --END-- [ RunTime:0.002000s ]
INFO: [ view_parse ] --START--
INFO: [ template_filter ] --START--
INFO: Run Behavior\ContentReplaceBehavior [ RunTime:0.001001s ]
INFO: [ template_filter ] --END-- [ RunTime:0.001001s ]
SQL: SHOW COLUMNS FROM `db_admin_menu` [ RunTime:0.0050s ]
SQL: SELECT * FROM `db_admin_menu` WHERE `display` = 1  [ RunTime:0.0000s ]
INFO: [ view_parse ] --START--
INFO: [ template_filter ] --START--
INFO: Run Behavior\ContentReplaceBehavior [ RunTime:0.000000s ]
INFO: [ template_filter ] --END-- [ RunTime:-0.032001s ]
INFO: Run Behavior\ParseTemplateBehavior [ RunTime:0.006000s ]
INFO: [ view_parse ] --END-- [ RunTime:0.006000s ]
INFO: [ view_filter ] --START--
INFO: Run Behavior\WriteHtmlCacheBehavior [ RunTime:0.000000s ]
INFO: [ view_filter ] --END-- [ RunTime:0.000000s ]
NOTIC: [8] Undefined variable: last_announcement E:\wwwroot\infoshow\Application\Runtime\Cache\Home\80b1f8ec82a94661bd6ff54977894b6b.php 第 377 行.
NOTIC: [8] Undefined variable: last_announcement E:\wwwroot\infoshow\Application\Runtime\Cache\Home\80b1f8ec82a94661bd6ff54977894b6b.php 第 377 行.
NOTIC: [8] Undefined variable: last_announcement E:\wwwroot\infoshow\Application\Runtime\Cache\Home\80b1f8ec82a94661bd6ff54977894b6b.php 第 382 行.
NOTIC: [8] Undefined variable: last_announcement E:\wwwroot\infoshow\Application\Runtime\Cache\Home\80b1f8ec82a94661bd6ff54977894b6b.php 第 383 行.
INFO: Run Behavior\ParseTemplateBehavior [ RunTime:0.007000s ]
INFO: [ view_parse ] --END-- [ RunTime:0.006000s ]
INFO: [ view_filter ] --START--
INFO: Run Behavior\WriteHtmlCacheBehavior [ RunTime:0.000000s ]
INFO: [ view_filter ] --END-- [ RunTime:-0.001001s ]
INFO: [ app_end ] --START--
INFO: Run Behavior\ShowPageTraceBehavior [ RunTime:0.001000s ]
INFO: [ app_end ] --END-- [ RunTime:0.001000s ]

[ 2016-03-12T22:27:15+08:00 ] ::1 /infoshow/index.php/Home/Publics/index
INFO: [ app_init ] --START--
INFO: Run Behavior\BuildLiteBehavior [ RunTime:0.000000s ]
INFO: [ app_init ] --END-- [ RunTime:0.001000s ]
INFO: [ app_begin ] --START--
INFO: Run Behavior\ReadHtmlCacheBehavior [ RunTime:0.001000s ]
INFO: [ app_begin ] --END-- [ RunTime:0.001000s ]
INFO: [ view_parse ] --START--
INFO: [ template_filter ] --START--
INFO: Run Behavior\ContentReplaceBehavior [ RunTime:0.000000s ]
INFO: [ template_filter ] --END-- [ RunTime:0.000000s ]
SQL: SHOW COLUMNS FROM `db_admin_menu` [ RunTime:0.0070s ]
SQL: SELECT * FROM `db_admin_menu` WHERE `display` = 1  [ RunTime:0.0010s ]
INFO: [ view_parse ] --START--
INFO: [ template_filter ] --START--
INFO: Run Behavior\ContentReplaceBehavior [ RunTime:0.000000s ]
INFO: [ template_filter ] --END-- [ RunTime:-0.032002s ]
INFO: Run Behavior\ParseTemplateBehavior [ RunTime:0.005000s ]
INFO: [ view_parse ] --END-- [ RunTime:0.006000s ]
INFO: [ view_filter ] --START--
INFO: Run Behavior\WriteHtmlCacheBehavior [ RunTime:0.000000s ]
INFO: [ view_filter ] --END-- [ RunTime:0.000000s ]
NOTIC: [8] Undefined variable: last_announcement E:\wwwroot\infoshow\Application\Runtime\Cache\Home\80b1f8ec82a94661bd6ff54977894b6b.php 第 377 行.
NOTIC: [8] Undefined variable: last_announcement E:\wwwroot\infoshow\Application\Runtime\Cache\Home\80b1f8ec82a94661bd6ff54977894b6b.php 第 377 行.
NOTIC: [8] Undefined variable: last_announcement E:\wwwroot\infoshow\Application\Runtime\Cache\Home\80b1f8ec82a94661bd6ff54977894b6b.php 第 382 行.
NOTIC: [8] Undefined variable: last_announcement E:\wwwroot\infoshow\Application\Runtime\Cache\Home\80b1f8ec82a94661bd6ff54977894b6b.php 第 383 行.
INFO: Run Behavior\ParseTemplateBehavior [ RunTime:0.006000s ]
INFO: [ view_parse ] --END-- [ RunTime:0.006000s ]
INFO: [ view_filter ] --START--
INFO: Run Behavior\WriteHtmlCacheBehavior [ RunTime:0.000000s ]
INFO: [ view_filter ] --END-- [ RunTime:0.000000s ]
INFO: [ app_end ] --START--
INFO: Run Behavior\ShowPageTraceBehavior [ RunTime:0.001000s ]
INFO: [ app_end ] --END-- [ RunTime:0.001000s ]

[ 2016-03-12T22:42:46+08:00 ] ::1 /infoshow/index.php/Home/Publics/Content
INFO: [ app_init ] --START--
INFO: Run Behavior\BuildLiteBehavior [ RunTime:0.000000s ]
INFO: [ app_init ] --END-- [ RunTime:0.000000s ]
INFO: [ app_begin ] --START--
INFO: Run Behavior\ReadHtmlCacheBehavior [ RunTime:0.001000s ]
INFO: [ app_begin ] --END-- [ RunTime:0.001000s ]
ERR: 非法操作:Content

[ 2016-03-12T22:50:58+08:00 ] ::1 /infoshow/index.php/Home/Publics/index
INFO: [ app_init ] --START--
INFO: Run Behavior\BuildLiteBehavior [ RunTime:0.000000s ]
INFO: [ app_init ] --END-- [ RunTime:0.001000s ]
INFO: [ app_begin ] --START--
INFO: Run Behavior\ReadHtmlCacheBehavior [ RunTime:0.001001s ]
INFO: [ app_begin ] --END-- [ RunTime:0.001001s ]
INFO: [ view_parse ] --START--
INFO: [ template_filter ] --START--
INFO: Run Behavior\ContentReplaceBehavior [ RunTime:0.000000s ]
INFO: [ template_filter ] --END-- [ RunTime:0.000000s ]
SQL: SHOW COLUMNS FROM `db_admin_menu` [ RunTime:0.0080s ]
SQL: SELECT * FROM `db_admin_menu` WHERE `display` = 1  [ RunTime:0.0010s ]
INFO: [ view_parse ] --START--
INFO: [ template_filter ] --START--
INFO: Run Behavior\ContentReplaceBehavior [ RunTime:0.000000s ]
INFO: [ template_filter ] --END-- [ RunTime:-0.037002s ]
NOTIC: [8] Undefined variable: CONTROLLER_NAME E:\wwwroot\infoshow\Application\Runtime\Cache\Home\29c2588b11d3a7dc7164427a5446f328.php 第 8 行.
NOTIC: [8] Undefined variable: CONTROLLER_NAME E:\wwwroot\infoshow\Application\Runtime\Cache\Home\29c2588b11d3a7dc7164427a5446f328.php 第 8 行.
INFO: Run Behavior\ParseTemplateBehavior [ RunTime:0.006000s ]
INFO: [ view_parse ] --END-- [ RunTime:0.006000s ]
INFO: [ view_filter ] --START--
INFO: Run Behavior\WriteHtmlCacheBehavior [ RunTime:0.001000s ]
INFO: [ view_filter ] --END-- [ RunTime:0.001000s ]
NOTIC: [8] Undefined variable: last_announcement E:\wwwroot\infoshow\Application\Runtime\Cache\Home\80b1f8ec82a94661bd6ff54977894b6b.php 第 377 行.
NOTIC: [8] Undefined variable: last_announcement E:\wwwroot\infoshow\Application\Runtime\Cache\Home\80b1f8ec82a94661bd6ff54977894b6b.php 第 377 行.
NOTIC: [8] Undefined variable: last_announcement E:\wwwroot\infoshow\Application\Runtime\Cache\Home\80b1f8ec82a94661bd6ff54977894b6b.php 第 382 行.
NOTIC: [8] Undefined variable: last_announcement E:\wwwroot\infoshow\Application\Runtime\Cache\Home\80b1f8ec82a94661bd6ff54977894b6b.php 第 383 行.
INFO: Run Behavior\ParseTemplateBehavior [ RunTime:0.007000s ]
INFO: [ view_parse ] --END-- [ RunTime:0.006000s ]
INFO: [ view_filter ] --START--
INFO: Run Behavior\WriteHtmlCacheBehavior [ RunTime:0.000000s ]
INFO: [ view_filter ] --END-- [ RunTime:0.000000s ]
INFO: [ app_end ] --START--
INFO: Run Behavior\ShowPageTraceBehavior [ RunTime:0.001000s ]
INFO: [ app_end ] --END-- [ RunTime:0.001000s ]

[ 2016-03-12T22:57:04+08:00 ] ::1 /infoshow/index.php/Home/Publics/index
INFO: [ app_init ] --START--
INFO: Run Behavior\BuildLiteBehavior [ RunTime:0.000000s ]
INFO: [ app_init ] --END-- [ RunTime:0.001001s ]
INFO: [ app_begin ] --START--
INFO: Run Behavior\ReadHtmlCacheBehavior [ RunTime:0.001000s ]
INFO: [ app_begin ] --END-- [ RunTime:0.001000s ]
INFO: [ view_parse ] --START--
INFO: [ template_filter ] --START--
INFO: Run Behavior\ContentReplaceBehavior [ RunTime:0.000000s ]
INFO: [ template_filter ] --END-- [ RunTime:0.000000s ]
SQL: SHOW COLUMNS FROM `db_admin_menu` [ RunTime:0.0060s ]
SQL: SELECT * FROM `db_admin_menu` WHERE `display` = 1  [ RunTime:0.0000s ]
INFO: [ view_parse ] --START--
INFO: [ template_filter ] --START--
INFO: Run Behavior\ContentReplaceBehavior [ RunTime:0.000000s ]
INFO: [ template_filter ] --END-- [ RunTime:-0.023002s ]
NOTIC: [8] Undefined variable: CONTROLLER_NAME E:\wwwroot\infoshow\Application\Runtime\Cache\Home\29c2588b11d3a7dc7164427a5446f328.php 第 8 行.
NOTIC: [8] Undefined variable: CONTROLLER_NAME E:\wwwroot\infoshow\Application\Runtime\Cache\Home\29c2588b11d3a7dc7164427a5446f328.php 第 8 行.
INFO: Run Behavior\ParseTemplateBehavior [ RunTime:0.005000s ]
INFO: [ view_parse ] --END-- [ RunTime:0.005000s ]
INFO: [ view_filter ] --START--
INFO: Run Behavior\WriteHtmlCacheBehavior [ RunTime:0.001000s ]
INFO: [ view_filter ] --END-- [ RunTime:0.001000s ]
NOTIC: [8] Undefined variable: last_announcement E:\wwwroot\infoshow\Application\Runtime\Cache\Home\80b1f8ec82a94661bd6ff54977894b6b.php 第 377 行.
NOTIC: [8] Undefined variable: last_announcement E:\wwwroot\infoshow\Application\Runtime\Cache\Home\80b1f8ec82a94661bd6ff54977894b6b.php 第 377 行.
NOTIC: [8] Undefined variable: last_announcement E:\wwwroot\infoshow\Application\Runtime\Cache\Home\80b1f8ec82a94661bd6ff54977894b6b.php 第 382 行.
NOTIC: [8] Undefined variable: last_announcement E:\wwwroot\infoshow\Application\Runtime\Cache\Home\80b1f8ec82a94661bd6ff54977894b6b.php 第 383 行.
INFO: Run Behavior\ParseTemplateBehavior [ RunTime:0.006000s ]
INFO: [ view_parse ] --END-- [ RunTime:0.005000s ]
INFO: [ view_filter ] --START--
INFO: Run Behavior\WriteHtmlCacheBehavior [ RunTime:0.000000s ]
INFO: [ view_filter ] --END-- [ RunTime:0.000000s ]
INFO: [ app_end ] --START--
INFO: Run Behavior\ShowPageTraceBehavior [ RunTime:0.001000s ]
INFO: [ app_end ] --END-- [ RunTime:0.001000s ]

[ 2016-03-12T23:01:00+08:00 ] ::1 /infoshow/index.php/Home/Publics/index
INFO: [ app_init ] --START--
INFO: Run Behavior\BuildLiteBehavior [ RunTime:0.000000s ]
INFO: [ app_init ] --END-- [ RunTime:0.001001s ]
INFO: [ app_begin ] --START--
INFO: Run Behavior\ReadHtmlCacheBehavior [ RunTime:0.001000s ]
INFO: [ app_begin ] --END-- [ RunTime:0.001000s ]
INFO: [ view_parse ] --START--
INFO: [ template_filter ] --START--
INFO: Run Behavior\ContentReplaceBehavior [ RunTime:0.000000s ]
INFO: [ template_filter ] --END-- [ RunTime:0.000000s ]
SQL: SHOW COLUMNS FROM `db_admin_menu` [ RunTime:0.0050s ]
SQL: SELECT * FROM `db_admin_menu` WHERE `display` = 1  [ RunTime:0.0010s ]
INFO: [ view_parse ] --START--
INFO: [ template_filter ] --START--
INFO: Run Behavior\ContentReplaceBehavior [ RunTime:0.000000s ]
INFO: [ template_filter ] --END-- [ RunTime:-0.031002s ]
NOTIC: [8] Undefined variable: CONTROLLER_NAME E:\wwwroot\infoshow\Application\Runtime\Cache\Home\29c2588b11d3a7dc7164427a5446f328.php 第 8 行.
NOTIC: [8] Undefined variable: CONTROLLER_NAME E:\wwwroot\infoshow\Application\Runtime\Cache\Home\29c2588b11d3a7dc7164427a5446f328.php 第 8 行.
INFO: Run Behavior\ParseTemplateBehavior [ RunTime:0.006000s ]
INFO: [ view_parse ] --END-- [ RunTime:0.006000s ]
INFO: [ view_filter ] --START--
INFO: Run Behavior\WriteHtmlCacheBehavior [ RunTime:0.000000s ]
INFO: [ view_filter ] --END-- [ RunTime:0.000000s ]
NOTIC: [8] Undefined variable: last_announcement E:\wwwroot\infoshow\Application\Runtime\Cache\Home\80b1f8ec82a94661bd6ff54977894b6b.php 第 377 行.
NOTIC: [8] Undefined variable: last_announcement E:\wwwroot\infoshow\Application\Runtime\Cache\Home\80b1f8ec82a94661bd6ff54977894b6b.php 第 377 行.
NOTIC: [8] Undefined variable: last_announcement E:\wwwroot\infoshow\Application\Runtime\Cache\Home\80b1f8ec82a94661bd6ff54977894b6b.php 第 382 行.
NOTIC: [8] Undefined variable: last_announcement E:\wwwroot\infoshow\Application\Runtime\Cache\Home\80b1f8ec82a94661bd6ff54977894b6b.php 第 383 行.
INFO: Run Behavior\ParseTemplateBehavior [ RunTime:0.006000s ]
INFO: [ view_parse ] --END-- [ RunTime:0.006000s ]
INFO: [ view_filter ] --START--
INFO: Run Behavior\WriteHtmlCacheBehavior [ RunTime:0.000000s ]
INFO: [ view_filter ] --END-- [ RunTime:-0.001000s ]
INFO: [ app_end ] --START--
INFO: Run Behavior\ShowPageTraceBehavior [ RunTime:0.001000s ]
INFO: [ app_end ] --END-- [ RunTime:0.001000s ]

[ 2016-03-12T23:01:28+08:00 ] ::1 /infoshow/index.php/Home/Publics/index
INFO: [ app_init ] --START--
INFO: Run Behavior\BuildLiteBehavior [ RunTime:0.000000s ]
INFO: [ app_init ] --END-- [ RunTime:0.001000s ]
INFO: [ app_begin ] --START--
INFO: Run Behavior\ReadHtmlCacheBehavior [ RunTime:0.001000s ]
INFO: [ app_begin ] --END-- [ RunTime:0.001000s ]
INFO: [ view_parse ] --START--
INFO: [ template_filter ] --START--
INFO: Run Behavior\ContentReplaceBehavior [ RunTime:0.000000s ]
INFO: [ template_filter ] --END-- [ RunTime:0.000000s ]
SQL: SHOW COLUMNS FROM `db_admin_menu` [ RunTime:0.0070s ]
SQL: SELECT * FROM `db_admin_menu` WHERE `display` = 1  [ RunTime:0.0010s ]
INFO: [ view_parse ] --START--
INFO: [ template_filter ] --START--
INFO: Run Behavior\ContentReplaceBehavior [ RunTime:0.000000s ]
INFO: [ template_filter ] --END-- [ RunTime:-0.037002s ]
NOTIC: [8] Undefined variable: cCONTROLLER_NAME E:\wwwroot\infoshow\Application\Runtime\Cache\Home\29c2588b11d3a7dc7164427a5446f328.php 第 8 行.
NOTIC: [8] Undefined variable: CONTROLLER_NAME E:\wwwroot\infoshow\Application\Runtime\Cache\Home\29c2588b11d3a7dc7164427a5446f328.php 第 8 行.
NOTIC: [8] Undefined variable: cCONTROLLER_NAME E:\wwwroot\infoshow\Application\Runtime\Cache\Home\29c2588b11d3a7dc7164427a5446f328.php 第 8 行.
NOTIC: [8] Undefined variable: CONTROLLER_NAME E:\wwwroot\infoshow\Application\Runtime\Cache\Home\29c2588b11d3a7dc7164427a5446f328.php 第 8 行.
INFO: Run Behavior\ParseTemplateBehavior [ RunTime:0.006000s ]
INFO: [ view_parse ] --END-- [ RunTime:0.006000s ]
INFO: [ view_filter ] --START--
INFO: Run Behavior\WriteHtmlCacheBehavior [ RunTime:0.000000s ]
INFO: [ view_filter ] --END-- [ RunTime:0.000000s ]
NOTIC: [8] Undefined variable: last_announcement E:\wwwroot\infoshow\Application\Runtime\Cache\Home\80b1f8ec82a94661bd6ff54977894b6b.php 第 377 行.
NOTIC: [8] Undefined variable: last_announcement E:\wwwroot\infoshow\Application\Runtime\Cache\Home\80b1f8ec82a94661bd6ff54977894b6b.php 第 377 行.
NOTIC: [8] Undefined variable: last_announcement E:\wwwroot\infoshow\Application\Runtime\Cache\Home\80b1f8ec82a94661bd6ff54977894b6b.php 第 382 行.
NOTIC: [8] Undefined variable: last_announcement E:\wwwroot\infoshow\Application\Runtime\Cache\Home\80b1f8ec82a94661bd6ff54977894b6b.php 第 383 行.
INFO: Run Behavior\ParseTemplateBehavior [ RunTime:0.007000s ]
INFO: [ view_parse ] --END-- [ RunTime:0.006000s ]
INFO: [ view_filter ] --START--
INFO: Run Behavior\WriteHtmlCacheBehavior [ RunTime:0.000000s ]
INFO: [ view_filter ] --END-- [ RunTime:-0.001000s ]
INFO: [ app_end ] --START--
INFO: Run Behavior\ShowPageTraceBehavior [ RunTime:0.002001s ]
INFO: [ app_end ] --END-- [ RunTime:0.002001s ]

[ 2016-03-12T23:06:53+08:00 ] ::1 /infoshow/index.php/Home/Publics/index
INFO: [ app_init ] --START--
INFO: Run Behavior\BuildLiteBehavior [ RunTime:0.000000s ]
INFO: [ app_init ] --END-- [ RunTime:0.001000s ]
INFO: [ app_begin ] --START--
INFO: Run Behavior\ReadHtmlCacheBehavior [ RunTime:0.000000s ]
INFO: [ app_begin ] --END-- [ RunTime:0.000000s ]
INFO: [ view_parse ] --START--
INFO: [ template_filter ] --START--
INFO: Run Behavior\ContentReplaceBehavior [ RunTime:0.000000s ]
INFO: [ template_filter ] --END-- [ RunTime:0.000000s ]
SQL: SHOW COLUMNS FROM `db_admin_menu` [ RunTime:0.0060s ]
SQL: SELECT * FROM `db_admin_menu` WHERE `display` = 1  [ RunTime:0.0010s ]
INFO: [ view_parse ] --START--
INFO: [ template_filter ] --START--
INFO: Run Behavior\ContentReplaceBehavior [ RunTime:0.000000s ]
INFO: [ template_filter ] --END-- [ RunTime:-0.033002s ]
NOTIC: [8] Undefined variable: cCONTROLLER_NAME E:\wwwroot\infoshow\Application\Runtime\Cache\Home\29c2588b11d3a7dc7164427a5446f328.php 第 8 行.
NOTIC: [8] Undefined variable: CONTROLLER_NAME E:\wwwroot\infoshow\Application\Runtime\Cache\Home\29c2588b11d3a7dc7164427a5446f328.php 第 8 行.
NOTIC: [8] Undefined variable: cCONTROLLER_NAME E:\wwwroot\infoshow\Application\Runtime\Cache\Home\29c2588b11d3a7dc7164427a5446f328.php 第 8 行.
NOTIC: [8] Undefined variable: CONTROLLER_NAME E:\wwwroot\infoshow\Application\Runtime\Cache\Home\29c2588b11d3a7dc7164427a5446f328.php 第 8 行.
INFO: Run Behavior\ParseTemplateBehavior [ RunTime:0.005000s ]
INFO: [ view_parse ] --END-- [ RunTime:0.005000s ]
INFO: [ view_filter ] --START--
INFO: Run Behavior\WriteHtmlCacheBehavior [ RunTime:0.001000s ]
INFO: [ view_filter ] --END-- [ RunTime:0.001000s ]
NOTIC: [8] Undefined variable: last_announcement E:\wwwroot\infoshow\Application\Runtime\Cache\Home\80b1f8ec82a94661bd6ff54977894b6b.php 第 377 行.
NOTIC: [8] Undefined variable: last_announcement E:\wwwroot\infoshow\Application\Runtime\Cache\Home\80b1f8ec82a94661bd6ff54977894b6b.php 第 377 行.
NOTIC: [8] Undefined variable: last_announcement E:\wwwroot\infoshow\Application\Runtime\Cache\Home\80b1f8ec82a94661bd6ff54977894b6b.php 第 382 行.
NOTIC: [8] Undefined variable: last_announcement E:\wwwroot\infoshow\Application\Runtime\Cache\Home\80b1f8ec82a94661bd6ff54977894b6b.php 第 383 行.
INFO: Run Behavior\ParseTemplateBehavior [ RunTime:0.006000s ]
INFO: [ view_parse ] --END-- [ RunTime:0.005000s ]
INFO: [ view_filter ] --START--
INFO: Run Behavior\WriteHtmlCacheBehavior [ RunTime:0.000000s ]
INFO: [ view_filter ] --END-- [ RunTime:0.000000s ]
INFO: [ app_end ] --START--
INFO: Run Behavior\ShowPageTraceBehavior [ RunTime:0.002001s ]
INFO: [ app_end ] --END-- [ RunTime:0.002001s ]

[ 2016-03-12T23:08:01+08:00 ] ::1 /infoshow/index.php/Home/Publics/index
INFO: [ app_init ] --START--
INFO: Run Behavior\BuildLiteBehavior [ RunTime:0.000000s ]
INFO: [ app_init ] --END-- [ RunTime:0.001000s ]
INFO: [ app_begin ] --START--
INFO: Run Behavior\ReadHtmlCacheBehavior [ RunTime:0.001000s ]
INFO: [ app_begin ] --END-- [ RunTime:0.001000s ]
INFO: [ view_parse ] --START--
INFO: [ template_filter ] --START--
INFO: Run Behavior\ContentReplaceBehavior [ RunTime:0.000000s ]
INFO: [ template_filter ] --END-- [ RunTime:0.000000s ]
SQL: SHOW COLUMNS FROM `db_admin_menu` [ RunTime:0.0050s ]
SQL: SELECT * FROM `db_admin_menu` WHERE `display` = 1  [ RunTime:0.0000s ]
INFO: [ view_parse ] --START--
INFO: [ template_filter ] --START--
INFO: Run Behavior\ContentReplaceBehavior [ RunTime:0.000000s ]
INFO: [ template_filter ] --END-- [ RunTime:-0.028001s ]
NOTIC: [8] Undefined variable: cCONTROLLER_NAME E:\wwwroot\infoshow\Application\Runtime\Cache\Home\29c2588b11d3a7dc7164427a5446f328.php 第 8 行.
NOTIC: [8] Undefined variable: cCONTROLLER_NAME E:\wwwroot\infoshow\Application\Runtime\Cache\Home\29c2588b11d3a7dc7164427a5446f328.php 第 8 行.
INFO: Run Behavior\ParseTemplateBehavior [ RunTime:0.006000s ]
INFO: [ view_parse ] --END-- [ RunTime:0.006000s ]
INFO: [ view_filter ] --START--
INFO: Run Behavior\WriteHtmlCacheBehavior [ RunTime:0.000000s ]
INFO: [ view_filter ] --END-- [ RunTime:0.000000s ]
NOTIC: [8] Undefined variable: last_announcement E:\wwwroot\infoshow\Application\Runtime\Cache\Home\80b1f8ec82a94661bd6ff54977894b6b.php 第 377 行.
NOTIC: [8] Undefined variable: last_announcement E:\wwwroot\infoshow\Application\Runtime\Cache\Home\80b1f8ec82a94661bd6ff54977894b6b.php 第 377 行.
NOTIC: [8] Undefined variable: last_announcement E:\wwwroot\infoshow\Application\Runtime\Cache\Home\80b1f8ec82a94661bd6ff54977894b6b.php 第 382 行.
NOTIC: [8] Undefined variable: last_announcement E:\wwwroot\infoshow\Application\Runtime\Cache\Home\80b1f8ec82a94661bd6ff54977894b6b.php 第 383 行.
INFO: Run Behavior\ParseTemplateBehavior [ RunTime:0.007000s ]
INFO: [ view_parse ] --END-- [ RunTime:0.006000s ]
INFO: [ view_filter ] --START--
INFO: Run Behavior\WriteHtmlCacheBehavior [ RunTime:0.000000s ]
INFO: [ view_filter ] --END-- [ RunTime:-0.001000s ]
INFO: [ app_end ] --START--
INFO: Run Behavior\ShowPageTraceBehavior [ RunTime:0.001000s ]
INFO: [ app_end ] --END-- [ RunTime:0.001000s ]

[ 2016-03-12T23:08:16+08:00 ] ::1 /infoshow/index.php/Home/Publics/index
INFO: [ app_init ] --START--
INFO: Run Behavior\BuildLiteBehavior [ RunTime:0.000000s ]
INFO: [ app_init ] --END-- [ RunTime:0.000000s ]
INFO: [ app_begin ] --START--
INFO: Run Behavior\ReadHtmlCacheBehavior [ RunTime:0.000000s ]
INFO: [ app_begin ] --END-- [ RunTime:0.000000s ]
INFO: [ view_parse ] --START--
INFO: [ template_filter ] --START--
INFO: Run Behavior\ContentReplaceBehavior [ RunTime:0.000000s ]
INFO: [ template_filter ] --END-- [ RunTime:0.000000s ]
SQL: SHOW COLUMNS FROM `db_admin_menu` [ RunTime:0.0060s ]
SQL: SELECT * FROM `db_admin_menu` WHERE `display` = 1  [ RunTime:0.0010s ]
INFO: [ view_parse ] --START--
INFO: [ template_filter ] --START--
INFO: Run Behavior\ContentReplaceBehavior [ RunTime:0.000000s ]
INFO: [ template_filter ] --END-- [ RunTime:-0.031001s ]
NOTIC: [8] Undefined variable: cCONTROLLER_NAME E:\wwwroot\infoshow\Application\Runtime\Cache\Home\29c2588b11d3a7dc7164427a5446f328.php 第 8 行.
NOTIC: [8] Undefined variable: cCONTROLLER_NAME E:\wwwroot\infoshow\Application\Runtime\Cache\Home\29c2588b11d3a7dc7164427a5446f328.php 第 8 行.
INFO: Run Behavior\ParseTemplateBehavior [ RunTime:0.008000s ]
INFO: [ view_parse ] --END-- [ RunTime:0.008000s ]
INFO: [ view_filter ] --START--
INFO: Run Behavior\WriteHtmlCacheBehavior [ RunTime:0.001000s ]
INFO: [ view_filter ] --END-- [ RunTime:0.001000s ]
NOTIC: [8] Undefined variable: last_announcement E:\wwwroot\infoshow\Application\Runtime\Cache\Home\80b1f8ec82a94661bd6ff54977894b6b.php 第 377 行.
NOTIC: [8] Undefined variable: last_announcement E:\wwwroot\infoshow\Application\Runtime\Cache\Home\80b1f8ec82a94661bd6ff54977894b6b.php 第 377 行.
NOTIC: [8] Undefined variable: last_announcement E:\wwwroot\infoshow\Application\Runtime\Cache\Home\80b1f8ec82a94661bd6ff54977894b6b.php 第 382 行.
NOTIC: [8] Undefined variable: last_announcement E:\wwwroot\infoshow\Application\Runtime\Cache\Home\80b1f8ec82a94661bd6ff54977894b6b.php 第 383 行.
INFO: Run Behavior\ParseTemplateBehavior [ RunTime:0.009000s ]
INFO: [ view_parse ] --END-- [ RunTime:0.008000s ]
INFO: [ view_filter ] --START--
INFO: Run Behavior\WriteHtmlCacheBehavior [ RunTime:0.000000s ]
INFO: [ view_filter ] --END-- [ RunTime:0.000000s ]
INFO: [ app_end ] --START--
INFO: Run Behavior\ShowPageTraceBehavior [ RunTime:0.001001s ]
INFO: [ app_end ] --END-- [ RunTime:0.001001s ]

[ 2016-03-12T23:10:42+08:00 ] ::1 /infoshow/index.php/Home/Publics/index
INFO: [ app_init ] --START--
INFO: Run Behavior\BuildLiteBehavior [ RunTime:0.000000s ]
INFO: [ app_init ] --END-- [ RunTime:0.001000s ]
INFO: [ app_begin ] --START--
INFO: Run Behavior\ReadHtmlCacheBehavior [ RunTime:0.002000s ]
INFO: [ app_begin ] --END-- [ RunTime:0.002000s ]
INFO: [ view_parse ] --START--
INFO: [ template_filter ] --START--
INFO: Run Behavior\ContentReplaceBehavior [ RunTime:0.000000s ]
INFO: [ template_filter ] --END-- [ RunTime:0.000000s ]
SQL: SHOW COLUMNS FROM `db_admin_menu` [ RunTime:0.0050s ]
SQL: SELECT * FROM `db_admin_menu` WHERE `display` = 1  [ RunTime:0.0000s ]
INFO: [ view_parse ] --START--
INFO: [ template_filter ] --START--
INFO: Run Behavior\ContentReplaceBehavior [ RunTime:0.000000s ]
INFO: [ template_filter ] --END-- [ RunTime:-0.026001s ]
NOTIC: [8] Undefined variable: cCONTROLLER_NAME E:\wwwroot\infoshow\Application\Runtime\Cache\Home\29c2588b11d3a7dc7164427a5446f328.php 第 8 行.
NOTIC: [8] Undefined variable: cCONTROLLER_NAME E:\wwwroot\infoshow\Application\Runtime\Cache\Home\29c2588b11d3a7dc7164427a5446f328.php 第 8 行.
INFO: Run Behavior\ParseTemplateBehavior [ RunTime:0.005001s ]
INFO: [ view_parse ] --END-- [ RunTime:0.005001s ]
INFO: [ view_filter ] --START--
INFO: Run Behavior\WriteHtmlCacheBehavior [ RunTime:0.000000s ]
INFO: [ view_filter ] --END-- [ RunTime:0.000000s ]
NOTIC: [8] Undefined variable: last_announcement E:\wwwroot\infoshow\Application\Runtime\Cache\Home\80b1f8ec82a94661bd6ff54977894b6b.php 第 377 行.
NOTIC: [8] Undefined variable: last_announcement E:\wwwroot\infoshow\Application\Runtime\Cache\Home\80b1f8ec82a94661bd6ff54977894b6b.php 第 377 行.
NOTIC: [8] Undefined variable: last_announcement E:\wwwroot\infoshow\Application\Runtime\Cache\Home\80b1f8ec82a94661bd6ff54977894b6b.php 第 382 行.
NOTIC: [8] Undefined variable: last_announcement E:\wwwroot\infoshow\Application\Runtime\Cache\Home\80b1f8ec82a94661bd6ff54977894b6b.php 第 383 行.
INFO: Run Behavior\ParseTemplateBehavior [ RunTime:0.006001s ]
INFO: [ view_parse ] --END-- [ RunTime:0.005001s ]
INFO: [ view_filter ] --START--
INFO: Run Behavior\WriteHtmlCacheBehavior [ RunTime:0.000000s ]
INFO: [ view_filter ] --END-- [ RunTime:-0.001000s ]
INFO: [ app_end ] --START--
INFO: Run Behavior\ShowPageTraceBehavior [ RunTime:0.001000s ]
INFO: [ app_end ] --END-- [ RunTime:0.001000s ]

[ 2016-03-12T23:11:12+08:00 ] ::1 /infoshow/index.php/Home/Publics/index
INFO: [ app_init ] --START--
INFO: Run Behavior\BuildLiteBehavior [ RunTime:0.000000s ]
INFO: [ app_init ] --END-- [ RunTime:0.001000s ]
INFO: [ app_begin ] --START--
INFO: Run Behavior\ReadHtmlCacheBehavior [ RunTime:0.001000s ]
INFO: [ app_begin ] --END-- [ RunTime:0.001000s ]
INFO: [ view_parse ] --START--
INFO: [ template_filter ] --START--
INFO: Run Behavior\ContentReplaceBehavior [ RunTime:0.000000s ]
INFO: [ template_filter ] --END-- [ RunTime:0.000000s ]
SQL: SHOW COLUMNS FROM `db_admin_menu` [ RunTime:0.0050s ]
SQL: SELECT * FROM `db_admin_menu` WHERE `display` = 1  [ RunTime:0.0000s ]
INFO: [ view_parse ] --START--
INFO: [ template_filter ] --START--
INFO: Run Behavior\ContentReplaceBehavior [ RunTime:0.000000s ]
INFO: [ template_filter ] --END-- [ RunTime:-0.032002s ]
NOTIC: [8] Undefined variable: cCONTROLLER_NAME E:\wwwroot\infoshow\Application\Runtime\Cache\Home\29c2588b11d3a7dc7164427a5446f328.php 第 8 行.
NOTIC: [8] Undefined variable: cCONTROLLER_NAME E:\wwwroot\infoshow\Application\Runtime\Cache\Home\29c2588b11d3a7dc7164427a5446f328.php 第 8 行.
INFO: Run Behavior\ParseTemplateBehavior [ RunTime:0.005000s ]
INFO: [ view_parse ] --END-- [ RunTime:0.005000s ]
INFO: [ view_filter ] --START--
INFO: Run Behavior\WriteHtmlCacheBehavior [ RunTime:0.001000s ]
INFO: [ view_filter ] --END-- [ RunTime:0.001000s ]
NOTIC: [8] Undefined variable: last_announcement E:\wwwroot\infoshow\Application\Runtime\Cache\Home\80b1f8ec82a94661bd6ff54977894b6b.php 第 377 行.
NOTIC: [8] Undefined variable: last_announcement E:\wwwroot\infoshow\Application\Runtime\Cache\Home\80b1f8ec82a94661bd6ff54977894b6b.php 第 377 行.
NOTIC: [8] Undefined variable: last_announcement E:\wwwroot\infoshow\Application\Runtime\Cache\Home\80b1f8ec82a94661bd6ff54977894b6b.php 第 382 行.
NOTIC: [8] Undefined variable: last_announcement E:\wwwroot\infoshow\Application\Runtime\Cache\Home\80b1f8ec82a94661bd6ff54977894b6b.php 第 383 行.
INFO: Run Behavior\ParseTemplateBehavior [ RunTime:0.006000s ]
INFO: [ view_parse ] --END-- [ RunTime:0.005000s ]
INFO: [ view_filter ] --START--
INFO: Run Behavior\WriteHtmlCacheBehavior [ RunTime:0.000000s ]
INFO: [ view_filter ] --END-- [ RunTime:0.000000s ]
INFO: [ app_end ] --START--
INFO: Run Behavior\ShowPageTraceBehavior [ RunTime:0.002000s ]
INFO: [ app_end ] --END-- [ RunTime:0.002000s ]

[ 2016-03-12T23:11:40+08:00 ] ::1 /infoshow/index.php/Home/Publics/index
INFO: [ app_init ] --START--
INFO: Run Behavior\BuildLiteBehavior [ RunTime:0.000000s ]
INFO: [ app_init ] --END-- [ RunTime:0.001000s ]
INFO: [ app_begin ] --START--
INFO: Run Behavior\ReadHtmlCacheBehavior [ RunTime:0.001000s ]
INFO: [ app_begin ] --END-- [ RunTime:0.001000s ]
INFO: [ view_parse ] --START--
INFO: [ template_filter ] --START--
INFO: Run Behavior\ContentReplaceBehavior [ RunTime:0.000000s ]
INFO: [ template_filter ] --END-- [ RunTime:0.000000s ]
SQL: SHOW COLUMNS FROM `db_admin_menu` [ RunTime:0.0060s ]
SQL: SELECT * FROM `db_admin_menu` WHERE `display` = 1  [ RunTime:0.0010s ]
INFO: [ view_parse ] --START--
INFO: [ template_filter ] --START--
INFO: Run Behavior\ContentReplaceBehavior [ RunTime:0.000000s ]
INFO: [ template_filter ] --END-- [ RunTime:-0.035002s ]
NOTIC: [8] Undefined variable: cCONTROLLER_NAME E:\wwwroot\infoshow\Application\Runtime\Cache\Home\29c2588b11d3a7dc7164427a5446f328.php 第 8 行.
NOTIC: [8] Undefined variable: cCONTROLLER_NAME E:\wwwroot\infoshow\Application\Runtime\Cache\Home\29c2588b11d3a7dc7164427a5446f328.php 第 8 行.
INFO: Run Behavior\ParseTemplateBehavior [ RunTime:0.008001s ]
INFO: [ view_parse ] --END-- [ RunTime:0.008001s ]
INFO: [ view_filter ] --START--
INFO: Run Behavior\WriteHtmlCacheBehavior [ RunTime:0.001000s ]
INFO: [ view_filter ] --END-- [ RunTime:0.001000s ]
NOTIC: [8] Undefined variable: last_announcement E:\wwwroot\infoshow\Application\Runtime\Cache\Home\80b1f8ec82a94661bd6ff54977894b6b.php 第 377 行.
NOTIC: [8] Undefined variable: last_announcement E:\wwwroot\infoshow\Application\Runtime\Cache\Home\80b1f8ec82a94661bd6ff54977894b6b.php 第 377 行.
NOTIC: [8] Undefined variable: last_announcement E:\wwwroot\infoshow\Application\Runtime\Cache\Home\80b1f8ec82a94661bd6ff54977894b6b.php 第 382 行.
NOTIC: [8] Undefined variable: last_announcement E:\wwwroot\infoshow\Application\Runtime\Cache\Home\80b1f8ec82a94661bd6ff54977894b6b.php 第 383 行.
INFO: Run Behavior\ParseTemplateBehavior [ RunTime:0.010001s ]
INFO: [ view_parse ] --END-- [ RunTime:0.008001s ]
INFO: [ view_filter ] --START--
INFO: Run Behavior\WriteHtmlCacheBehavior [ RunTime:0.000000s ]
INFO: [ view_filter ] --END-- [ RunTime:-0.001000s ]
INFO: [ app_end ] --START--
INFO: Run Behavior\ShowPageTraceBehavior [ RunTime:0.001000s ]
INFO: [ app_end ] --END-- [ RunTime:0.001000s ]

[ 2016-03-12T23:12:17+08:00 ] ::1 /infoshow/index.php/Home/Publics/index
INFO: [ app_init ] --START--
INFO: Run Behavior\BuildLiteBehavior [ RunTime:0.000000s ]
INFO: [ app_init ] --END-- [ RunTime:0.000000s ]
INFO: [ app_begin ] --START--
INFO: Run Behavior\ReadHtmlCacheBehavior [ RunTime:0.001000s ]
INFO: [ app_begin ] --END-- [ RunTime:0.001000s ]
INFO: [ view_parse ] --START--
INFO: [ template_filter ] --START--
INFO: Run Behavior\ContentReplaceBehavior [ RunTime:0.000000s ]
INFO: [ template_filter ] --END-- [ RunTime:0.000000s ]
SQL: SHOW COLUMNS FROM `db_admin_menu` [ RunTime:0.0040s ]
SQL: SELECT * FROM `db_admin_menu` WHERE `display` = 1  [ RunTime:0.0010s ]
INFO: [ view_parse ] --START--
INFO: [ template_filter ] --START--
INFO: Run Behavior\ContentReplaceBehavior [ RunTime:0.000000s ]
INFO: [ template_filter ] --END-- [ RunTime:-0.024002s ]
INFO: Run Behavior\ParseTemplateBehavior [ RunTime:0.005000s ]
INFO: [ view_parse ] --END-- [ RunTime:0.005000s ]
INFO: [ view_filter ] --START--
INFO: Run Behavior\WriteHtmlCacheBehavior [ RunTime:0.001000s ]
INFO: [ view_filter ] --END-- [ RunTime:0.001000s ]
NOTIC: [8] Undefined variable: last_announcement E:\wwwroot\infoshow\Application\Runtime\Cache\Home\80b1f8ec82a94661bd6ff54977894b6b.php 第 377 行.
NOTIC: [8] Undefined variable: last_announcement E:\wwwroot\infoshow\Application\Runtime\Cache\Home\80b1f8ec82a94661bd6ff54977894b6b.php 第 377 行.
NOTIC: [8] Undefined variable: last_announcement E:\wwwroot\infoshow\Application\Runtime\Cache\Home\80b1f8ec82a94661bd6ff54977894b6b.php 第 382 行.
NOTIC: [8] Undefined variable: last_announcement E:\wwwroot\infoshow\Application\Runtime\Cache\Home\80b1f8ec82a94661bd6ff54977894b6b.php 第 383 行.
INFO: Run Behavior\ParseTemplateBehavior [ RunTime:0.006000s ]
INFO: [ view_parse ] --END-- [ RunTime:0.005000s ]
INFO: [ view_filter ] --START--
INFO: Run Behavior\WriteHtmlCacheBehavior [ RunTime:0.000000s ]
INFO: [ view_filter ] --END-- [ RunTime:0.000000s ]
INFO: [ app_end ] --START--
INFO: Run Behavior\ShowPageTraceBehavior [ RunTime:0.001000s ]
INFO: [ app_end ] --END-- [ RunTime:0.001000s ]

[ 2016-03-12T23:20:25+08:00 ] ::1 /infoshow/index.php/Home/Publics/index
INFO: [ app_init ] --START--
INFO: Run Behavior\BuildLiteBehavior [ RunTime:0.000000s ]
INFO: [ app_init ] --END-- [ RunTime:0.001000s ]
INFO: [ app_begin ] --START--
INFO: Run Behavior\ReadHtmlCacheBehavior [ RunTime:0.001000s ]
INFO: [ app_begin ] --END-- [ RunTime:0.001000s ]
INFO: [ view_parse ] --START--
INFO: [ template_filter ] --START--
INFO: Run Behavior\ContentReplaceBehavior [ RunTime:0.000000s ]
INFO: [ template_filter ] --END-- [ RunTime:0.000000s ]
SQL: SHOW COLUMNS FROM `db_admin_menu` [ RunTime:0.0080s ]
SQL: SELECT * FROM `db_admin_menu` WHERE `display` = 1  [ RunTime:0.0010s ]
INFO: [ view_parse ] --START--
INFO: [ template_filter ] --START--
INFO: Run Behavior\ContentReplaceBehavior [ RunTime:0.000000s ]
INFO: [ template_filter ] --END-- [ RunTime:-0.033002s ]
INFO: Run Behavior\ParseTemplateBehavior [ RunTime:0.009001s ]
INFO: [ view_parse ] --END-- [ RunTime:0.009001s ]
INFO: [ view_filter ] --START--
INFO: Run Behavior\WriteHtmlCacheBehavior [ RunTime:0.000000s ]
INFO: [ view_filter ] --END-- [ RunTime:0.000000s ]
NOTIC: [8] Undefined variable: last_announcement E:\wwwroot\infoshow\Application\Runtime\Cache\Home\80b1f8ec82a94661bd6ff54977894b6b.php 第 377 行.
NOTIC: [8] Undefined variable: last_announcement E:\wwwroot\infoshow\Application\Runtime\Cache\Home\80b1f8ec82a94661bd6ff54977894b6b.php 第 377 行.
NOTIC: [8] Undefined variable: last_announcement E:\wwwroot\infoshow\Application\Runtime\Cache\Home\80b1f8ec82a94661bd6ff54977894b6b.php 第 382 行.
NOTIC: [8] Undefined variable: last_announcement E:\wwwroot\infoshow\Application\Runtime\Cache\Home\80b1f8ec82a94661bd6ff54977894b6b.php 第 383 行.
INFO: Run Behavior\ParseTemplateBehavior [ RunTime:0.010001s ]
INFO: [ view_parse ] --END-- [ RunTime:0.009001s ]
INFO: [ view_filter ] --START--
INFO: Run Behavior\WriteHtmlCacheBehavior [ RunTime:0.000000s ]
INFO: [ view_filter ] --END-- [ RunTime:-0.001000s ]
INFO: [ app_end ] --START--
INFO: Run Behavior\ShowPageTraceBehavior [ RunTime:0.001000s ]
INFO: [ app_end ] --END-- [ RunTime:0.002000s ]

[ 2016-03-12T23:20:59+08:00 ] ::1 /infoshow/index.php/Home/Publics/index
INFO: [ app_init ] --START--
INFO: Run Behavior\BuildLiteBehavior [ RunTime:0.000000s ]
INFO: [ app_init ] --END-- [ RunTime:0.001000s ]
INFO: [ app_begin ] --START--
INFO: Run Behavior\ReadHtmlCacheBehavior [ RunTime:0.001000s ]
INFO: [ app_begin ] --END-- [ RunTime:0.001000s ]
INFO: [ view_parse ] --START--
INFO: [ template_filter ] --START--
INFO: Run Behavior\ContentReplaceBehavior [ RunTime:0.000000s ]
INFO: [ template_filter ] --END-- [ RunTime:0.000000s ]
SQL: SHOW COLUMNS FROM `db_admin_menu` [ RunTime:0.0060s ]
SQL: SELECT * FROM `db_admin_menu` WHERE `display` = 1  [ RunTime:0.0010s ]
INFO: [ view_parse ] --START--
INFO: [ template_filter ] --START--
INFO: Run Behavior\ContentReplaceBehavior [ RunTime:0.000000s ]
INFO: [ template_filter ] --END-- [ RunTime:-0.026002s ]
INFO: Run Behavior\ParseTemplateBehavior [ RunTime:0.005001s ]
INFO: [ view_parse ] --END-- [ RunTime:0.005001s ]
INFO: [ view_filter ] --START--
INFO: Run Behavior\WriteHtmlCacheBehavior [ RunTime:0.001000s ]
INFO: [ view_filter ] --END-- [ RunTime:0.001000s ]
NOTIC: [8] Undefined variable: last_announcement E:\wwwroot\infoshow\Application\Runtime\Cache\Home\80b1f8ec82a94661bd6ff54977894b6b.php 第 377 行.
NOTIC: [8] Undefined variable: last_announcement E:\wwwroot\infoshow\Application\Runtime\Cache\Home\80b1f8ec82a94661bd6ff54977894b6b.php 第 377 行.
NOTIC: [8] Undefined variable: last_announcement E:\wwwroot\infoshow\Application\Runtime\Cache\Home\80b1f8ec82a94661bd6ff54977894b6b.php 第 382 行.
NOTIC: [8] Undefined variable: last_announcement E:\wwwroot\infoshow\Application\Runtime\Cache\Home\80b1f8ec82a94661bd6ff54977894b6b.php 第 383 行.
INFO: Run Behavior\ParseTemplateBehavior [ RunTime:0.006001s ]
INFO: [ view_parse ] --END-- [ RunTime:0.005001s ]
INFO: [ view_filter ] --START--
INFO: Run Behavior\WriteHtmlCacheBehavior [ RunTime:0.000000s ]
INFO: [ view_filter ] --END-- [ RunTime:0.000000s ]
INFO: [ app_end ] --START--
INFO: Run Behavior\ShowPageTraceBehavior [ RunTime:0.001000s ]
INFO: [ app_end ] --END-- [ RunTime:0.001000s ]

[ 2016-03-12T23:25:46+08:00 ] ::1 /infoshow/index.php/Home/Publics/index
INFO: [ app_init ] --START--
INFO: Run Behavior\BuildLiteBehavior [ RunTime:0.000000s ]
INFO: [ app_init ] --END-- [ RunTime:0.000000s ]
INFO: [ app_begin ] --START--
INFO: Run Behavior\ReadHtmlCacheBehavior [ RunTime:0.001000s ]
INFO: [ app_begin ] --END-- [ RunTime:0.001000s ]
INFO: [ view_parse ] --START--
INFO: [ template_filter ] --START--
INFO: Run Behavior\ContentReplaceBehavior [ RunTime:0.000000s ]
INFO: [ template_filter ] --END-- [ RunTime:0.001000s ]
SQL: SHOW COLUMNS FROM `db_admin_menu` [ RunTime:0.0040s ]
SQL: SELECT * FROM `db_admin_menu` WHERE `display` = 1  [ RunTime:0.0010s ]
INFO: [ view_parse ] --START--
INFO: [ template_filter ] --START--
INFO: Run Behavior\ContentReplaceBehavior [ RunTime:0.000000s ]
INFO: [ template_filter ] --END-- [ RunTime:-0.020001s ]
INFO: Run Behavior\ParseTemplateBehavior [ RunTime:0.005001s ]
INFO: [ view_parse ] --END-- [ RunTime:0.005001s ]
INFO: [ view_filter ] --START--
INFO: Run Behavior\WriteHtmlCacheBehavior [ RunTime:0.001000s ]
INFO: [ view_filter ] --END-- [ RunTime:0.001000s ]
NOTIC: [8] Undefined variable: last_announcement E:\wwwroot\infoshow\Application\Runtime\Cache\Home\80b1f8ec82a94661bd6ff54977894b6b.php 第 377 行.
NOTIC: [8] Undefined variable: last_announcement E:\wwwroot\infoshow\Application\Runtime\Cache\Home\80b1f8ec82a94661bd6ff54977894b6b.php 第 377 行.
NOTIC: [8] Undefined variable: last_announcement E:\wwwroot\infoshow\Application\Runtime\Cache\Home\80b1f8ec82a94661bd6ff54977894b6b.php 第 382 行.
NOTIC: [8] Undefined variable: last_announcement E:\wwwroot\infoshow\Application\Runtime\Cache\Home\80b1f8ec82a94661bd6ff54977894b6b.php 第 383 行.
INFO: Run Behavior\ParseTemplateBehavior [ RunTime:0.006001s ]
INFO: [ view_parse ] --END-- [ RunTime:0.005001s ]
INFO: [ view_filter ] --START--
INFO: Run Behavior\WriteHtmlCacheBehavior [ RunTime:0.000000s ]
INFO: [ view_filter ] --END-- [ RunTime:0.000000s ]
INFO: [ app_end ] --START--
INFO: Run Behavior\ShowPageTraceBehavior [ RunTime:0.001000s ]
INFO: [ app_end ] --END-- [ RunTime:0.001000s ]

[ 2016-03-12T23:27:22+08:00 ] ::1 /infoshow/index.php/Home/Publics/index
INFO: [ app_init ] --START--
INFO: Run Behavior\BuildLiteBehavior [ RunTime:0.000000s ]
INFO: [ app_init ] --END-- [ RunTime:0.001000s ]
INFO: [ app_begin ] --START--
INFO: Run Behavior\ReadHtmlCacheBehavior [ RunTime:0.001000s ]
INFO: [ app_begin ] --END-- [ RunTime:0.001000s ]
INFO: [ view_parse ] --START--
INFO: [ template_filter ] --START--
INFO: Run Behavior\ContentReplaceBehavior [ RunTime:0.000000s ]
INFO: [ template_filter ] --END-- [ RunTime:0.000000s ]
SQL: SHOW COLUMNS FROM `db_admin_menu` [ RunTime:0.0060s ]
SQL: SELECT * FROM `db_admin_menu` WHERE `display` = 1  [ RunTime:0.0000s ]
INFO: [ view_parse ] --START--
INFO: [ template_filter ] --START--
INFO: Run Behavior\ContentReplaceBehavior [ RunTime:0.000000s ]
INFO: [ template_filter ] --END-- [ RunTime:-0.025002s ]
INFO: Run Behavior\ParseTemplateBehavior [ RunTime:0.004000s ]
INFO: [ view_parse ] --END-- [ RunTime:0.004000s ]
INFO: [ view_filter ] --START--
INFO: Run Behavior\WriteHtmlCacheBehavior [ RunTime:0.000000s ]
INFO: [ view_filter ] --END-- [ RunTime:0.001000s ]
NOTIC: [8] Undefined variable: last_announcement E:\wwwroot\infoshow\Application\Runtime\Cache\Home\80b1f8ec82a94661bd6ff54977894b6b.php 第 377 行.
NOTIC: [8] Undefined variable: last_announcement E:\wwwroot\infoshow\Application\Runtime\Cache\Home\80b1f8ec82a94661bd6ff54977894b6b.php 第 377 行.
NOTIC: [8] Undefined variable: last_announcement E:\wwwroot\infoshow\Application\Runtime\Cache\Home\80b1f8ec82a94661bd6ff54977894b6b.php 第 382 行.
NOTIC: [8] Undefined variable: last_announcement E:\wwwroot\infoshow\Application\Runtime\Cache\Home\80b1f8ec82a94661bd6ff54977894b6b.php 第 383 行.
INFO: Run Behavior\ParseTemplateBehavior [ RunTime:0.005000s ]
INFO: [ view_parse ] --END-- [ RunTime:0.004000s ]
INFO: [ view_filter ] --START--
INFO: Run Behavior\WriteHtmlCacheBehavior [ RunTime:0.000000s ]
INFO: [ view_filter ] --END-- [ RunTime:0.000000s ]
INFO: [ app_end ] --START--
INFO: Run Behavior\ShowPageTraceBehavior [ RunTime:0.001000s ]
INFO: [ app_end ] --END-- [ RunTime:0.001000s ]

[ 2016-03-12T23:35:53+08:00 ] ::1 /infoshow/index.php/Home/Publics/index
INFO: [ app_init ] --START--
INFO: Run Behavior\BuildLiteBehavior [ RunTime:0.000000s ]
INFO: [ app_init ] --END-- [ RunTime:0.000000s ]
INFO: [ app_begin ] --START--
INFO: Run Behavior\ReadHtmlCacheBehavior [ RunTime:0.001000s ]
INFO: [ app_begin ] --END-- [ RunTime:0.001000s ]
INFO: [ view_parse ] --START--
INFO: [ template_filter ] --START--
INFO: Run Behavior\ContentReplaceBehavior [ RunTime:0.000000s ]
INFO: [ template_filter ] --END-- [ RunTime:0.000000s ]
SQL: SHOW COLUMNS FROM `db_admin_menu` [ RunTime:0.0070s ]
SQL: SELECT * FROM `db_admin_menu` WHERE `display` = 1  [ RunTime:0.0010s ]
INFO: [ view_parse ] --START--
INFO: [ template_filter ] --START--
INFO: Run Behavior\ContentReplaceBehavior [ RunTime:0.000000s ]
INFO: [ template_filter ] --END-- [ RunTime:-0.029001s ]
INFO: Run Behavior\ParseTemplateBehavior [ RunTime:0.007001s ]
INFO: [ view_parse ] --END-- [ RunTime:0.007001s ]
INFO: [ view_filter ] --START--
INFO: Run Behavior\WriteHtmlCacheBehavior [ RunTime:0.001000s ]
INFO: [ view_filter ] --END-- [ RunTime:0.001000s ]
NOTIC: [8] Undefined variable: last_announcement E:\wwwroot\infoshow\Application\Runtime\Cache\Home\80b1f8ec82a94661bd6ff54977894b6b.php 第 377 行.
NOTIC: [8] Undefined variable: last_announcement E:\wwwroot\infoshow\Application\Runtime\Cache\Home\80b1f8ec82a94661bd6ff54977894b6b.php 第 377 行.
NOTIC: [8] Undefined variable: last_announcement E:\wwwroot\infoshow\Application\Runtime\Cache\Home\80b1f8ec82a94661bd6ff54977894b6b.php 第 382 行.
NOTIC: [8] Undefined variable: last_announcement E:\wwwroot\infoshow\Application\Runtime\Cache\Home\80b1f8ec82a94661bd6ff54977894b6b.php 第 383 行.
INFO: Run Behavior\ParseTemplateBehavior [ RunTime:0.008001s ]
INFO: [ view_parse ] --END-- [ RunTime:0.007001s ]
INFO: [ view_filter ] --START--
INFO: Run Behavior\WriteHtmlCacheBehavior [ RunTime:0.000000s ]
INFO: [ view_filter ] --END-- [ RunTime:0.000000s ]
INFO: [ app_end ] --START--
INFO: Run Behavior\ShowPageTraceBehavior [ RunTime:0.001000s ]
INFO: [ app_end ] --END-- [ RunTime:0.002000s ]

[ 2016-03-12T23:41:19+08:00 ] ::1 /infoshow/index.php/Home/Publics/Content
INFO: [ app_init ] --START--
INFO: Run Behavior\BuildLiteBehavior [ RunTime:0.000000s ]
INFO: [ app_init ] --END-- [ RunTime:0.001000s ]
INFO: [ app_begin ] --START--
INFO: Run Behavior\ReadHtmlCacheBehavior [ RunTime:0.001000s ]
INFO: [ app_begin ] --END-- [ RunTime:0.001000s ]
ERR: 非法操作:Content

[ 2016-03-12T23:41:28+08:00 ] ::1 /infoshow/index.php/Home/Publics/System
INFO: [ app_init ] --START--
INFO: Run Behavior\BuildLiteBehavior [ RunTime:0.000000s ]
INFO: [ app_init ] --END-- [ RunTime:0.000000s ]
INFO: [ app_begin ] --START--
INFO: Run Behavior\ReadHtmlCacheBehavior [ RunTime:0.000000s ]
INFO: [ app_begin ] --END-- [ RunTime:0.001000s ]
ERR: 非法操作:System

