[ 2016-03-20T20:40:56+08:00 ] ::1 /lecture/admin.php/
INFO: [ app_init ] --START--
INFO: Run Behavior\BuildLiteBehavior [ RunTime:0.000000s ]
INFO: [ app_init ] --END-- [ RunTime:0.000000s ]
INFO: [ app_begin ] --START--
INFO: Run Behavior\ReadHtmlCacheBehavior [ RunTime:0.001000s ]
INFO: [ app_begin ] --END-- [ RunTime:0.001000s ]
INFO: [ view_parse ] --START--
INFO: [ template_filter ] --START--
INFO: Run Behavior\ContentReplaceBehavior [ RunTime:0.000000s ]
INFO: [ template_filter ] --END-- [ RunTime:0.000000s ]
INFO: Run Behavior\ParseTemplateBehavior [ RunTime:0.008000s ]
INFO: [ view_parse ] --END-- [ RunTime:0.008000s ]
INFO: [ view_filter ] --START--
INFO: Run Behavior\WriteHtmlCacheBehavior [ RunTime:0.000000s ]
INFO: [ view_filter ] --END-- [ RunTime:0.000000s ]

[ 2016-03-20T20:40:57+08:00 ] ::1 /lecture/admin.php/Publics/login
INFO: [ app_init ] --START--
INFO: Run Behavior\BuildLiteBehavior [ RunTime:0.000000s ]
INFO: [ app_init ] --END-- [ RunTime:0.001000s ]
INFO: [ app_begin ] --START--
INFO: Run Behavior\ReadHtmlCacheBehavior [ RunTime:0.000000s ]
INFO: [ app_begin ] --END-- [ RunTime:0.000000s ]
NOTIC: [8] Undefined variable: detail E:\wwwroot\lecture\Application\Admin\Controller\AdminController.class.php 第 54 行.
INFO: [ view_parse ] --START--
INFO: [ template_filter ] --START--
INFO: Run Behavior\ContentReplaceBehavior [ RunTime:0.000000s ]
INFO: [ template_filter ] --END-- [ RunTime:0.000000s ]
INFO: Run Behavior\ParseTemplateBehavior [ RunTime:0.007000s ]
INFO: [ view_parse ] --END-- [ RunTime:0.007000s ]
INFO: [ view_filter ] --START--
INFO: Run Behavior\WriteHtmlCacheBehavior [ RunTime:0.000000s ]
INFO: [ view_filter ] --END-- [ RunTime:0.000000s ]
INFO: [ app_end ] --START--
INFO: Run Behavior\ShowPageTraceBehavior [ RunTime:0.001001s ]
INFO: [ app_end ] --END-- [ RunTime:0.001001s ]

[ 2016-03-20T20:41:09+08:00 ] ::1 /lecture/admin.php/Publics/login
INFO: [ app_init ] --START--
INFO: Run Behavior\BuildLiteBehavior [ RunTime:0.000000s ]
INFO: [ app_init ] --END-- [ RunTime:0.000000s ]
INFO: [ app_begin ] --START--
INFO: Run Behavior\ReadHtmlCacheBehavior [ RunTime:0.000000s ]
INFO: [ app_begin ] --END-- [ RunTime:0.000000s ]
SQL: SHOW COLUMNS FROM `db_admin_times` [ RunTime:0.0040s ]
SQL: SELECT * FROM `db_admin_times` WHERE `username` = 'admin' AND `isadmin` = 1 LIMIT 1   [ RunTime:0.0010s ]
SQL: SHOW COLUMNS FROM `db_administrator` [ RunTime:0.0040s ]
SQL: SELECT * FROM `db_administrator` WHERE `username` = 'admin' LIMIT 1   [ RunTime:0.0010s ]
NOTIC: [8] Undefined variable: ip E:\wwwroot\lecture\Application\Admin\Controller\PublicsController.class.php 第 59 行.
SQL: UPDATE `db_administrator` SET `last_login_ip`='0.0.0.0',`last_login_time`='1458477668' WHERE ( userid=1 ) [ RunTime:0.0000s ]
NOTIC: [2] Illegal offset type in isset or empty E:\wwwroot\lecture\ThinkPHP\Library\Think\Model.class.php 第 511 行.
SQL: DELETE FROM `db_admin_times` WHERE `username` = 'admin' AND `isadmin` = 1 [ RunTime:0.0000s ]
NOTIC: [8] Undefined index: schoolid E:\wwwroot\lecture\Application\Admin\Controller\PublicsController.class.php 第 66 行.

[ 2016-03-20T20:41:09+08:00 ] ::1 /lecture/admin.php
INFO: [ app_init ] --START--
INFO: Run Behavior\BuildLiteBehavior [ RunTime:0.000000s ]
INFO: [ app_init ] --END-- [ RunTime:0.000000s ]
INFO: [ app_begin ] --START--
INFO: Run Behavior\ReadHtmlCacheBehavior [ RunTime:0.001000s ]
INFO: [ app_begin ] --END-- [ RunTime:0.001000s ]
SQL: SHOW COLUMNS FROM `db_admin_menu` [ RunTime:0.0050s ]
SQL: SELECT * FROM `db_admin_menu` WHERE `display` = 1 ORDER BY listorder,id  [ RunTime:0.0010s ]
INFO: [ view_parse ] --START--
INFO: [ template_filter ] --START--
INFO: Run Behavior\ContentReplaceBehavior [ RunTime:0.001000s ]
INFO: [ template_filter ] --END-- [ RunTime:0.001000s ]
NOTIC: [8] Use of undefined constant c - assumed 'c' E:\wwwroot\lecture\Application\Runtime\Cache\Admin\9e7e7bc08f271b3f112d226dd2427b7e.php 第 273 行.
NOTIC: [8] Use of undefined constant a - assumed 'a' E:\wwwroot\lecture\Application\Runtime\Cache\Admin\9e7e7bc08f271b3f112d226dd2427b7e.php 第 273 行.
NOTIC: [8] Use of undefined constant c - assumed 'c' E:\wwwroot\lecture\Application\Runtime\Cache\Admin\9e7e7bc08f271b3f112d226dd2427b7e.php 第 273 行.
NOTIC: [8] Use of undefined constant a - assumed 'a' E:\wwwroot\lecture\Application\Runtime\Cache\Admin\9e7e7bc08f271b3f112d226dd2427b7e.php 第 273 行.
NOTIC: [8] Use of undefined constant c - assumed 'c' E:\wwwroot\lecture\Application\Runtime\Cache\Admin\9e7e7bc08f271b3f112d226dd2427b7e.php 第 273 行.
NOTIC: [8] Use of undefined constant a - assumed 'a' E:\wwwroot\lecture\Application\Runtime\Cache\Admin\9e7e7bc08f271b3f112d226dd2427b7e.php 第 273 行.
NOTIC: [8] Use of undefined constant c - assumed 'c' E:\wwwroot\lecture\Application\Runtime\Cache\Admin\9e7e7bc08f271b3f112d226dd2427b7e.php 第 273 行.
NOTIC: [8] Use of undefined constant a - assumed 'a' E:\wwwroot\lecture\Application\Runtime\Cache\Admin\9e7e7bc08f271b3f112d226dd2427b7e.php 第 273 行.
NOTIC: [8] Use of undefined constant c - assumed 'c' E:\wwwroot\lecture\Application\Runtime\Cache\Admin\9e7e7bc08f271b3f112d226dd2427b7e.php 第 273 行.
NOTIC: [8] Use of undefined constant a - assumed 'a' E:\wwwroot\lecture\Application\Runtime\Cache\Admin\9e7e7bc08f271b3f112d226dd2427b7e.php 第 273 行.
NOTIC: [8] Use of undefined constant c - assumed 'c' E:\wwwroot\lecture\Application\Runtime\Cache\Admin\9e7e7bc08f271b3f112d226dd2427b7e.php 第 273 行.
NOTIC: [8] Use of undefined constant a - assumed 'a' E:\wwwroot\lecture\Application\Runtime\Cache\Admin\9e7e7bc08f271b3f112d226dd2427b7e.php 第 273 行.
NOTIC: [8] Use of undefined constant c - assumed 'c' E:\wwwroot\lecture\Application\Runtime\Cache\Admin\9e7e7bc08f271b3f112d226dd2427b7e.php 第 273 行.
NOTIC: [8] Use of undefined constant a - assumed 'a' E:\wwwroot\lecture\Application\Runtime\Cache\Admin\9e7e7bc08f271b3f112d226dd2427b7e.php 第 273 行.
NOTIC: [8] Use of undefined constant c - assumed 'c' E:\wwwroot\lecture\Application\Runtime\Cache\Admin\9e7e7bc08f271b3f112d226dd2427b7e.php 第 273 行.
NOTIC: [8] Use of undefined constant a - assumed 'a' E:\wwwroot\lecture\Application\Runtime\Cache\Admin\9e7e7bc08f271b3f112d226dd2427b7e.php 第 273 行.
NOTIC: [8] Use of undefined constant c - assumed 'c' E:\wwwroot\lecture\Application\Runtime\Cache\Admin\9e7e7bc08f271b3f112d226dd2427b7e.php 第 273 行.
NOTIC: [8] Use of undefined constant a - assumed 'a' E:\wwwroot\lecture\Application\Runtime\Cache\Admin\9e7e7bc08f271b3f112d226dd2427b7e.php 第 273 行.
NOTIC: [8] Use of undefined constant c - assumed 'c' E:\wwwroot\lecture\Application\Runtime\Cache\Admin\9e7e7bc08f271b3f112d226dd2427b7e.php 第 273 行.
NOTIC: [8] Use of undefined constant a - assumed 'a' E:\wwwroot\lecture\Application\Runtime\Cache\Admin\9e7e7bc08f271b3f112d226dd2427b7e.php 第 273 行.
INFO: Run Behavior\ParseTemplateBehavior [ RunTime:0.018001s ]
INFO: [ view_parse ] --END-- [ RunTime:0.018001s ]
INFO: [ view_filter ] --START--
INFO: Run Behavior\WriteHtmlCacheBehavior [ RunTime:0.001000s ]
INFO: [ view_filter ] --END-- [ RunTime:0.001000s ]
INFO: [ app_end ] --START--
INFO: Run Behavior\ShowPageTraceBehavior [ RunTime:0.001000s ]
INFO: [ app_end ] --END-- [ RunTime:0.001000s ]

[ 2016-03-20T20:41:10+08:00 ] ::1 /lecture/admin.php/AdminCP/welcome?_=1458477670083
INFO: [ app_init ] --START--
INFO: Run Behavior\BuildLiteBehavior [ RunTime:0.000000s ]
INFO: [ app_init ] --END-- [ RunTime:0.001000s ]
INFO: [ app_begin ] --START--
INFO: Run Behavior\ReadHtmlCacheBehavior [ RunTime:0.000000s ]
INFO: [ app_begin ] --END-- [ RunTime:0.001000s ]
INFO: [ view_parse ] --START--
INFO: [ template_filter ] --START--
INFO: Run Behavior\ContentReplaceBehavior [ RunTime:0.000000s ]
INFO: [ template_filter ] --END-- [ RunTime:0.000000s ]
INFO: Run Behavior\ParseTemplateBehavior [ RunTime:0.006001s ]
INFO: [ view_parse ] --END-- [ RunTime:0.006001s ]
INFO: [ view_filter ] --START--
INFO: Run Behavior\WriteHtmlCacheBehavior [ RunTime:0.001000s ]
INFO: [ view_filter ] --END-- [ RunTime:0.001000s ]
INFO: [ app_end ] --START--
INFO: Run Behavior\ShowPageTraceBehavior [ RunTime:0.001000s ]
INFO: [ app_end ] --END-- [ RunTime:0.001000s ]

[ 2016-03-20T20:41:21+08:00 ] ::1 /lecture/admin.php/System/adminNodeLists?_=1458477681574
INFO: [ app_init ] --START--
INFO: Run Behavior\BuildLiteBehavior [ RunTime:0.000000s ]
INFO: [ app_init ] --END-- [ RunTime:0.000000s ]
INFO: [ app_begin ] --START--
INFO: Run Behavior\ReadHtmlCacheBehavior [ RunTime:0.000000s ]
INFO: [ app_begin ] --END-- [ RunTime:0.000000s ]
NOTIC: [8] Undefined index: allow E:\wwwroot\lecture\Application\Admin\Behaviors\AuthenticateBehavior.class.php 第 15 行.
SQL: SHOW COLUMNS FROM `db_admin_menu` [ RunTime:0.0050s ]
SQL: SELECT * FROM `db_admin_menu` ORDER BY listorder ASC,id ASC  [ RunTime:0.0010s ]
INFO: [ view_parse ] --START--
INFO: [ template_filter ] --START--
INFO: Run Behavior\ContentReplaceBehavior [ RunTime:0.000000s ]
INFO: [ template_filter ] --END-- [ RunTime:0.000000s ]
INFO: Run Behavior\ParseTemplateBehavior [ RunTime:0.009001s ]
INFO: [ view_parse ] --END-- [ RunTime:0.009001s ]
INFO: [ view_filter ] --START--
INFO: Run Behavior\WriteHtmlCacheBehavior [ RunTime:0.001000s ]
INFO: [ view_filter ] --END-- [ RunTime:0.001000s ]
INFO: [ app_end ] --START--
INFO: Run Behavior\ShowPageTraceBehavior [ RunTime:0.001000s ]
INFO: [ app_end ] --END-- [ RunTime:0.001000s ]

[ 2016-03-20T20:45:24+08:00 ] ::1 /lecture/admin.php
INFO: [ app_init ] --START--
INFO: Run Behavior\BuildLiteBehavior [ RunTime:0.000000s ]
INFO: [ app_init ] --END-- [ RunTime:0.000000s ]
INFO: [ app_begin ] --START--
INFO: Run Behavior\ReadHtmlCacheBehavior [ RunTime:0.001000s ]
INFO: [ app_begin ] --END-- [ RunTime:0.001000s ]
SQL: SHOW COLUMNS FROM `db_admin_menu` [ RunTime:0.0070s ]
SQL: SELECT * FROM `db_admin_menu` WHERE `display` = 1 ORDER BY listorder,id  [ RunTime:0.0000s ]
INFO: [ view_parse ] --START--
INFO: [ template_filter ] --START--
INFO: Run Behavior\ContentReplaceBehavior [ RunTime:0.000000s ]
INFO: [ template_filter ] --END-- [ RunTime:0.000000s ]
NOTIC: [8] Use of undefined constant c - assumed 'c' E:\wwwroot\lecture\Application\Runtime\Cache\Admin\9e7e7bc08f271b3f112d226dd2427b7e.php 第 273 行.
NOTIC: [8] Use of undefined constant a - assumed 'a' E:\wwwroot\lecture\Application\Runtime\Cache\Admin\9e7e7bc08f271b3f112d226dd2427b7e.php 第 273 行.
NOTIC: [8] Use of undefined constant c - assumed 'c' E:\wwwroot\lecture\Application\Runtime\Cache\Admin\9e7e7bc08f271b3f112d226dd2427b7e.php 第 273 行.
NOTIC: [8] Use of undefined constant a - assumed 'a' E:\wwwroot\lecture\Application\Runtime\Cache\Admin\9e7e7bc08f271b3f112d226dd2427b7e.php 第 273 行.
NOTIC: [8] Use of undefined constant c - assumed 'c' E:\wwwroot\lecture\Application\Runtime\Cache\Admin\9e7e7bc08f271b3f112d226dd2427b7e.php 第 273 行.
NOTIC: [8] Use of undefined constant a - assumed 'a' E:\wwwroot\lecture\Application\Runtime\Cache\Admin\9e7e7bc08f271b3f112d226dd2427b7e.php 第 273 行.
NOTIC: [8] Use of undefined constant c - assumed 'c' E:\wwwroot\lecture\Application\Runtime\Cache\Admin\9e7e7bc08f271b3f112d226dd2427b7e.php 第 273 行.
NOTIC: [8] Use of undefined constant a - assumed 'a' E:\wwwroot\lecture\Application\Runtime\Cache\Admin\9e7e7bc08f271b3f112d226dd2427b7e.php 第 273 行.
NOTIC: [8] Use of undefined constant c - assumed 'c' E:\wwwroot\lecture\Application\Runtime\Cache\Admin\9e7e7bc08f271b3f112d226dd2427b7e.php 第 273 行.
NOTIC: [8] Use of undefined constant a - assumed 'a' E:\wwwroot\lecture\Application\Runtime\Cache\Admin\9e7e7bc08f271b3f112d226dd2427b7e.php 第 273 行.
NOTIC: [8] Use of undefined constant c - assumed 'c' E:\wwwroot\lecture\Application\Runtime\Cache\Admin\9e7e7bc08f271b3f112d226dd2427b7e.php 第 273 行.
NOTIC: [8] Use of undefined constant a - assumed 'a' E:\wwwroot\lecture\Application\Runtime\Cache\Admin\9e7e7bc08f271b3f112d226dd2427b7e.php 第 273 行.
NOTIC: [8] Use of undefined constant c - assumed 'c' E:\wwwroot\lecture\Application\Runtime\Cache\Admin\9e7e7bc08f271b3f112d226dd2427b7e.php 第 273 行.
NOTIC: [8] Use of undefined constant a - assumed 'a' E:\wwwroot\lecture\Application\Runtime\Cache\Admin\9e7e7bc08f271b3f112d226dd2427b7e.php 第 273 行.
NOTIC: [8] Use of undefined constant c - assumed 'c' E:\wwwroot\lecture\Application\Runtime\Cache\Admin\9e7e7bc08f271b3f112d226dd2427b7e.php 第 273 行.
NOTIC: [8] Use of undefined constant a - assumed 'a' E:\wwwroot\lecture\Application\Runtime\Cache\Admin\9e7e7bc08f271b3f112d226dd2427b7e.php 第 273 行.
NOTIC: [8] Use of undefined constant c - assumed 'c' E:\wwwroot\lecture\Application\Runtime\Cache\Admin\9e7e7bc08f271b3f112d226dd2427b7e.php 第 273 行.
NOTIC: [8] Use of undefined constant a - assumed 'a' E:\wwwroot\lecture\Application\Runtime\Cache\Admin\9e7e7bc08f271b3f112d226dd2427b7e.php 第 273 行.
NOTIC: [8] Use of undefined constant c - assumed 'c' E:\wwwroot\lecture\Application\Runtime\Cache\Admin\9e7e7bc08f271b3f112d226dd2427b7e.php 第 273 行.
NOTIC: [8] Use of undefined constant a - assumed 'a' E:\wwwroot\lecture\Application\Runtime\Cache\Admin\9e7e7bc08f271b3f112d226dd2427b7e.php 第 273 行.
INFO: Run Behavior\ParseTemplateBehavior [ RunTime:0.017001s ]
INFO: [ view_parse ] --END-- [ RunTime:0.017001s ]
INFO: [ view_filter ] --START--
INFO: Run Behavior\WriteHtmlCacheBehavior [ RunTime:0.000000s ]
INFO: [ view_filter ] --END-- [ RunTime:0.000000s ]
INFO: [ app_end ] --START--
INFO: Run Behavior\ShowPageTraceBehavior [ RunTime:0.001001s ]
INFO: [ app_end ] --END-- [ RunTime:0.002001s ]

[ 2016-03-20T20:45:25+08:00 ] ::1 /lecture/admin.php/AdminCP/welcome?_=1458477925226
INFO: [ app_init ] --START--
INFO: Run Behavior\BuildLiteBehavior [ RunTime:0.000000s ]
INFO: [ app_init ] --END-- [ RunTime:0.001000s ]
INFO: [ app_begin ] --START--
INFO: Run Behavior\ReadHtmlCacheBehavior [ RunTime:0.000000s ]
INFO: [ app_begin ] --END-- [ RunTime:0.000000s ]
INFO: [ view_parse ] --START--
INFO: [ template_filter ] --START--
INFO: Run Behavior\ContentReplaceBehavior [ RunTime:0.000000s ]
INFO: [ template_filter ] --END-- [ RunTime:0.000000s ]
INFO: Run Behavior\ParseTemplateBehavior [ RunTime:0.006000s ]
INFO: [ view_parse ] --END-- [ RunTime:0.006000s ]
INFO: [ view_filter ] --START--
INFO: Run Behavior\WriteHtmlCacheBehavior [ RunTime:0.000000s ]
INFO: [ view_filter ] --END-- [ RunTime:0.000000s ]
INFO: [ app_end ] --START--
INFO: Run Behavior\ShowPageTraceBehavior [ RunTime:0.001000s ]
INFO: [ app_end ] --END-- [ RunTime:0.001000s ]

[ 2016-03-20T20:45:31+08:00 ] ::1 /lecture/admin.php
INFO: [ app_init ] --START--
INFO: Run Behavior\BuildLiteBehavior [ RunTime:0.000000s ]
INFO: [ app_init ] --END-- [ RunTime:0.001000s ]
INFO: [ app_begin ] --START--
INFO: Run Behavior\ReadHtmlCacheBehavior [ RunTime:0.000000s ]
INFO: [ app_begin ] --END-- [ RunTime:0.000000s ]
SQL: SHOW COLUMNS FROM `db_admin_menu` [ RunTime:0.0040s ]
SQL: SELECT * FROM `db_admin_menu` WHERE `display` = 1 ORDER BY listorder,id  [ RunTime:0.0010s ]
INFO: [ view_parse ] --START--
INFO: [ template_filter ] --START--
INFO: Run Behavior\ContentReplaceBehavior [ RunTime:0.001000s ]
INFO: [ template_filter ] --END-- [ RunTime:0.001000s ]
NOTIC: [8] Use of undefined constant c - assumed 'c' E:\wwwroot\lecture\Application\Runtime\Cache\Admin\9e7e7bc08f271b3f112d226dd2427b7e.php 第 273 行.
NOTIC: [8] Use of undefined constant a - assumed 'a' E:\wwwroot\lecture\Application\Runtime\Cache\Admin\9e7e7bc08f271b3f112d226dd2427b7e.php 第 273 行.
NOTIC: [8] Use of undefined constant c - assumed 'c' E:\wwwroot\lecture\Application\Runtime\Cache\Admin\9e7e7bc08f271b3f112d226dd2427b7e.php 第 273 行.
NOTIC: [8] Use of undefined constant a - assumed 'a' E:\wwwroot\lecture\Application\Runtime\Cache\Admin\9e7e7bc08f271b3f112d226dd2427b7e.php 第 273 行.
NOTIC: [8] Use of undefined constant c - assumed 'c' E:\wwwroot\lecture\Application\Runtime\Cache\Admin\9e7e7bc08f271b3f112d226dd2427b7e.php 第 273 行.
NOTIC: [8] Use of undefined constant a - assumed 'a' E:\wwwroot\lecture\Application\Runtime\Cache\Admin\9e7e7bc08f271b3f112d226dd2427b7e.php 第 273 行.
NOTIC: [8] Use of undefined constant c - assumed 'c' E:\wwwroot\lecture\Application\Runtime\Cache\Admin\9e7e7bc08f271b3f112d226dd2427b7e.php 第 273 行.
NOTIC: [8] Use of undefined constant a - assumed 'a' E:\wwwroot\lecture\Application\Runtime\Cache\Admin\9e7e7bc08f271b3f112d226dd2427b7e.php 第 273 行.
NOTIC: [8] Use of undefined constant c - assumed 'c' E:\wwwroot\lecture\Application\Runtime\Cache\Admin\9e7e7bc08f271b3f112d226dd2427b7e.php 第 273 行.
NOTIC: [8] Use of undefined constant a - assumed 'a' E:\wwwroot\lecture\Application\Runtime\Cache\Admin\9e7e7bc08f271b3f112d226dd2427b7e.php 第 273 行.
NOTIC: [8] Use of undefined constant c - assumed 'c' E:\wwwroot\lecture\Application\Runtime\Cache\Admin\9e7e7bc08f271b3f112d226dd2427b7e.php 第 273 行.
NOTIC: [8] Use of undefined constant a - assumed 'a' E:\wwwroot\lecture\Application\Runtime\Cache\Admin\9e7e7bc08f271b3f112d226dd2427b7e.php 第 273 行.
NOTIC: [8] Use of undefined constant c - assumed 'c' E:\wwwroot\lecture\Application\Runtime\Cache\Admin\9e7e7bc08f271b3f112d226dd2427b7e.php 第 273 行.
NOTIC: [8] Use of undefined constant a - assumed 'a' E:\wwwroot\lecture\Application\Runtime\Cache\Admin\9e7e7bc08f271b3f112d226dd2427b7e.php 第 273 行.
NOTIC: [8] Use of undefined constant c - assumed 'c' E:\wwwroot\lecture\Application\Runtime\Cache\Admin\9e7e7bc08f271b3f112d226dd2427b7e.php 第 273 行.
NOTIC: [8] Use of undefined constant a - assumed 'a' E:\wwwroot\lecture\Application\Runtime\Cache\Admin\9e7e7bc08f271b3f112d226dd2427b7e.php 第 273 行.
NOTIC: [8] Use of undefined constant c - assumed 'c' E:\wwwroot\lecture\Application\Runtime\Cache\Admin\9e7e7bc08f271b3f112d226dd2427b7e.php 第 273 行.
NOTIC: [8] Use of undefined constant a - assumed 'a' E:\wwwroot\lecture\Application\Runtime\Cache\Admin\9e7e7bc08f271b3f112d226dd2427b7e.php 第 273 行.
NOTIC: [8] Use of undefined constant c - assumed 'c' E:\wwwroot\lecture\Application\Runtime\Cache\Admin\9e7e7bc08f271b3f112d226dd2427b7e.php 第 273 行.
NOTIC: [8] Use of undefined constant a - assumed 'a' E:\wwwroot\lecture\Application\Runtime\Cache\Admin\9e7e7bc08f271b3f112d226dd2427b7e.php 第 273 行.
INFO: Run Behavior\ParseTemplateBehavior [ RunTime:0.017001s ]
INFO: [ view_parse ] --END-- [ RunTime:0.017001s ]
INFO: [ view_filter ] --START--
INFO: Run Behavior\WriteHtmlCacheBehavior [ RunTime:0.001000s ]
INFO: [ view_filter ] --END-- [ RunTime:0.001000s ]
INFO: [ app_end ] --START--
INFO: Run Behavior\ShowPageTraceBehavior [ RunTime:0.001000s ]
INFO: [ app_end ] --END-- [ RunTime:0.001000s ]

[ 2016-03-20T20:45:31+08:00 ] ::1 /lecture/admin.php/AdminCP/welcome?_=1458477931451
INFO: [ app_init ] --START--
INFO: Run Behavior\BuildLiteBehavior [ RunTime:0.000000s ]
INFO: [ app_init ] --END-- [ RunTime:0.000000s ]
INFO: [ app_begin ] --START--
INFO: Run Behavior\ReadHtmlCacheBehavior [ RunTime:0.001000s ]
INFO: [ app_begin ] --END-- [ RunTime:0.001000s ]
INFO: [ view_parse ] --START--
INFO: [ template_filter ] --START--
INFO: Run Behavior\ContentReplaceBehavior [ RunTime:0.001000s ]
INFO: [ template_filter ] --END-- [ RunTime:0.001000s ]
INFO: Run Behavior\ParseTemplateBehavior [ RunTime:0.010000s ]
INFO: [ view_parse ] --END-- [ RunTime:0.010000s ]
INFO: [ view_filter ] --START--
INFO: Run Behavior\WriteHtmlCacheBehavior [ RunTime:0.001001s ]
INFO: [ view_filter ] --END-- [ RunTime:0.001001s ]
INFO: [ app_end ] --START--
INFO: Run Behavior\ShowPageTraceBehavior [ RunTime:0.000000s ]
INFO: [ app_end ] --END-- [ RunTime:0.000000s ]

[ 2016-03-20T20:45:35+08:00 ] ::1 /lecture/admin.php/System/adminNodeLists?_=1458477935636
INFO: [ app_init ] --START--
INFO: Run Behavior\BuildLiteBehavior [ RunTime:0.000000s ]
INFO: [ app_init ] --END-- [ RunTime:0.001000s ]
INFO: [ app_begin ] --START--
INFO: Run Behavior\ReadHtmlCacheBehavior [ RunTime:0.001000s ]
INFO: [ app_begin ] --END-- [ RunTime:0.001000s ]
NOTIC: [8] Undefined index: allow E:\wwwroot\lecture\Application\Admin\Behaviors\AuthenticateBehavior.class.php 第 15 行.
SQL: SHOW COLUMNS FROM `db_admin_menu` [ RunTime:0.0050s ]
SQL: SELECT * FROM `db_admin_menu` ORDER BY listorder ASC,id ASC  [ RunTime:0.0000s ]
INFO: [ view_parse ] --START--
INFO: [ template_filter ] --START--
INFO: Run Behavior\ContentReplaceBehavior [ RunTime:0.000000s ]
INFO: [ template_filter ] --END-- [ RunTime:0.000000s ]
INFO: Run Behavior\ParseTemplateBehavior [ RunTime:0.009000s ]
INFO: [ view_parse ] --END-- [ RunTime:0.009000s ]
INFO: [ view_filter ] --START--
INFO: Run Behavior\WriteHtmlCacheBehavior [ RunTime:0.000000s ]
INFO: [ view_filter ] --END-- [ RunTime:0.000000s ]
INFO: [ app_end ] --START--
INFO: Run Behavior\ShowPageTraceBehavior [ RunTime:0.001000s ]
INFO: [ app_end ] --END-- [ RunTime:0.001000s ]

[ 2016-03-20T20:45:56+08:00 ] ::1 /lecture/admin.php
INFO: [ app_init ] --START--
INFO: Run Behavior\BuildLiteBehavior [ RunTime:0.000000s ]
INFO: [ app_init ] --END-- [ RunTime:0.000000s ]
INFO: [ app_begin ] --START--
INFO: Run Behavior\ReadHtmlCacheBehavior [ RunTime:0.001000s ]
INFO: [ app_begin ] --END-- [ RunTime:0.001000s ]
SQL: SHOW COLUMNS FROM `db_admin_menu` [ RunTime:0.0050s ]
SQL: SELECT * FROM `db_admin_menu` WHERE `display` = 1 ORDER BY listorder,id  [ RunTime:0.0000s ]
INFO: [ view_parse ] --START--
INFO: [ template_filter ] --START--
INFO: Run Behavior\ContentReplaceBehavior [ RunTime:0.000000s ]
INFO: [ template_filter ] --END-- [ RunTime:0.000000s ]
NOTIC: [8] Use of undefined constant c - assumed 'c' E:\wwwroot\lecture\Application\Runtime\Cache\Admin\9e7e7bc08f271b3f112d226dd2427b7e.php 第 273 行.
NOTIC: [8] Use of undefined constant a - assumed 'a' E:\wwwroot\lecture\Application\Runtime\Cache\Admin\9e7e7bc08f271b3f112d226dd2427b7e.php 第 273 行.
NOTIC: [8] Use of undefined constant c - assumed 'c' E:\wwwroot\lecture\Application\Runtime\Cache\Admin\9e7e7bc08f271b3f112d226dd2427b7e.php 第 273 行.
NOTIC: [8] Use of undefined constant a - assumed 'a' E:\wwwroot\lecture\Application\Runtime\Cache\Admin\9e7e7bc08f271b3f112d226dd2427b7e.php 第 273 行.
NOTIC: [8] Use of undefined constant c - assumed 'c' E:\wwwroot\lecture\Application\Runtime\Cache\Admin\9e7e7bc08f271b3f112d226dd2427b7e.php 第 273 行.
NOTIC: [8] Use of undefined constant a - assumed 'a' E:\wwwroot\lecture\Application\Runtime\Cache\Admin\9e7e7bc08f271b3f112d226dd2427b7e.php 第 273 行.
NOTIC: [8] Use of undefined constant c - assumed 'c' E:\wwwroot\lecture\Application\Runtime\Cache\Admin\9e7e7bc08f271b3f112d226dd2427b7e.php 第 273 行.
NOTIC: [8] Use of undefined constant a - assumed 'a' E:\wwwroot\lecture\Application\Runtime\Cache\Admin\9e7e7bc08f271b3f112d226dd2427b7e.php 第 273 行.
NOTIC: [8] Use of undefined constant c - assumed 'c' E:\wwwroot\lecture\Application\Runtime\Cache\Admin\9e7e7bc08f271b3f112d226dd2427b7e.php 第 273 行.
NOTIC: [8] Use of undefined constant a - assumed 'a' E:\wwwroot\lecture\Application\Runtime\Cache\Admin\9e7e7bc08f271b3f112d226dd2427b7e.php 第 273 行.
NOTIC: [8] Use of undefined constant c - assumed 'c' E:\wwwroot\lecture\Application\Runtime\Cache\Admin\9e7e7bc08f271b3f112d226dd2427b7e.php 第 273 行.
NOTIC: [8] Use of undefined constant a - assumed 'a' E:\wwwroot\lecture\Application\Runtime\Cache\Admin\9e7e7bc08f271b3f112d226dd2427b7e.php 第 273 行.
NOTIC: [8] Use of undefined constant c - assumed 'c' E:\wwwroot\lecture\Application\Runtime\Cache\Admin\9e7e7bc08f271b3f112d226dd2427b7e.php 第 273 行.
NOTIC: [8] Use of undefined constant a - assumed 'a' E:\wwwroot\lecture\Application\Runtime\Cache\Admin\9e7e7bc08f271b3f112d226dd2427b7e.php 第 273 行.
NOTIC: [8] Use of undefined constant c - assumed 'c' E:\wwwroot\lecture\Application\Runtime\Cache\Admin\9e7e7bc08f271b3f112d226dd2427b7e.php 第 273 行.
NOTIC: [8] Use of undefined constant a - assumed 'a' E:\wwwroot\lecture\Application\Runtime\Cache\Admin\9e7e7bc08f271b3f112d226dd2427b7e.php 第 273 行.
NOTIC: [8] Use of undefined constant c - assumed 'c' E:\wwwroot\lecture\Application\Runtime\Cache\Admin\9e7e7bc08f271b3f112d226dd2427b7e.php 第 273 行.
NOTIC: [8] Use of undefined constant a - assumed 'a' E:\wwwroot\lecture\Application\Runtime\Cache\Admin\9e7e7bc08f271b3f112d226dd2427b7e.php 第 273 行.
NOTIC: [8] Use of undefined constant c - assumed 'c' E:\wwwroot\lecture\Application\Runtime\Cache\Admin\9e7e7bc08f271b3f112d226dd2427b7e.php 第 273 行.
NOTIC: [8] Use of undefined constant a - assumed 'a' E:\wwwroot\lecture\Application\Runtime\Cache\Admin\9e7e7bc08f271b3f112d226dd2427b7e.php 第 273 行.
INFO: Run Behavior\ParseTemplateBehavior [ RunTime:0.016001s ]
INFO: [ view_parse ] --END-- [ RunTime:0.016001s ]
INFO: [ view_filter ] --START--
INFO: Run Behavior\WriteHtmlCacheBehavior [ RunTime:0.001000s ]
INFO: [ view_filter ] --END-- [ RunTime:0.001000s ]
INFO: [ app_end ] --START--
INFO: Run Behavior\ShowPageTraceBehavior [ RunTime:0.001000s ]
INFO: [ app_end ] --END-- [ RunTime:0.001000s ]

[ 2016-03-20T20:45:56+08:00 ] ::1 /lecture/admin.php/AdminCP/welcome?_=1458477956288
INFO: [ app_init ] --START--
INFO: Run Behavior\BuildLiteBehavior [ RunTime:0.000000s ]
INFO: [ app_init ] --END-- [ RunTime:0.000000s ]
INFO: [ app_begin ] --START--
INFO: Run Behavior\ReadHtmlCacheBehavior [ RunTime:0.001000s ]
INFO: [ app_begin ] --END-- [ RunTime:0.001000s ]
INFO: [ view_parse ] --START--
INFO: [ template_filter ] --START--
INFO: Run Behavior\ContentReplaceBehavior [ RunTime:0.000000s ]
INFO: [ template_filter ] --END-- [ RunTime:0.000000s ]
INFO: Run Behavior\ParseTemplateBehavior [ RunTime:0.010001s ]
INFO: [ view_parse ] --END-- [ RunTime:0.010001s ]
INFO: [ view_filter ] --START--
INFO: Run Behavior\WriteHtmlCacheBehavior [ RunTime:0.001000s ]
INFO: [ view_filter ] --END-- [ RunTime:0.001000s ]
INFO: [ app_end ] --START--
INFO: Run Behavior\ShowPageTraceBehavior [ RunTime:0.001000s ]
INFO: [ app_end ] --END-- [ RunTime:0.001000s ]

[ 2016-03-20T20:45:59+08:00 ] ::1 /lecture/admin.php/System/adminNodeLists?_=1458477959494
INFO: [ app_init ] --START--
INFO: Run Behavior\BuildLiteBehavior [ RunTime:0.000000s ]
INFO: [ app_init ] --END-- [ RunTime:0.001000s ]
INFO: [ app_begin ] --START--
INFO: Run Behavior\ReadHtmlCacheBehavior [ RunTime:0.002000s ]
INFO: [ app_begin ] --END-- [ RunTime:0.002000s ]
NOTIC: [8] Undefined index: allow E:\wwwroot\lecture\Application\Admin\Behaviors\AuthenticateBehavior.class.php 第 15 行.
SQL: SHOW COLUMNS FROM `db_admin_menu` [ RunTime:0.0060s ]
SQL: SELECT * FROM `db_admin_menu` ORDER BY listorder ASC,id ASC  [ RunTime:0.0030s ]
INFO: [ view_parse ] --START--
INFO: [ template_filter ] --START--
INFO: Run Behavior\ContentReplaceBehavior [ RunTime:0.001000s ]
INFO: [ template_filter ] --END-- [ RunTime:0.001000s ]
INFO: Run Behavior\ParseTemplateBehavior [ RunTime:0.009001s ]
INFO: [ view_parse ] --END-- [ RunTime:0.009001s ]
INFO: [ view_filter ] --START--
INFO: Run Behavior\WriteHtmlCacheBehavior [ RunTime:0.000000s ]
INFO: [ view_filter ] --END-- [ RunTime:0.000000s ]
INFO: [ app_end ] --START--
INFO: Run Behavior\ShowPageTraceBehavior [ RunTime:0.002000s ]
INFO: [ app_end ] --END-- [ RunTime:0.002000s ]

[ 2016-03-20T20:48:29+08:00 ] ::1 /lecture/admin.php
INFO: [ app_init ] --START--
INFO: Run Behavior\BuildLiteBehavior [ RunTime:0.000000s ]
INFO: [ app_init ] --END-- [ RunTime:0.001000s ]
INFO: [ app_begin ] --START--
INFO: Run Behavior\ReadHtmlCacheBehavior [ RunTime:0.000000s ]
INFO: [ app_begin ] --END-- [ RunTime:0.001000s ]
SQL: SHOW COLUMNS FROM `db_admin_menu` [ RunTime:0.0070s ]
SQL: SELECT * FROM `db_admin_menu` WHERE `display` = 1 ORDER BY listorder,id  [ RunTime:0.0000s ]
INFO: [ view_parse ] --START--
INFO: [ template_filter ] --START--
INFO: Run Behavior\ContentReplaceBehavior [ RunTime:0.000000s ]
INFO: [ template_filter ] --END-- [ RunTime:0.000000s ]
NOTIC: [8] Use of undefined constant c - assumed 'c' E:\wwwroot\lecture\Application\Runtime\Cache\Admin\9e7e7bc08f271b3f112d226dd2427b7e.php 第 273 行.
NOTIC: [8] Use of undefined constant a - assumed 'a' E:\wwwroot\lecture\Application\Runtime\Cache\Admin\9e7e7bc08f271b3f112d226dd2427b7e.php 第 273 行.
NOTIC: [8] Use of undefined constant c - assumed 'c' E:\wwwroot\lecture\Application\Runtime\Cache\Admin\9e7e7bc08f271b3f112d226dd2427b7e.php 第 273 行.
NOTIC: [8] Use of undefined constant a - assumed 'a' E:\wwwroot\lecture\Application\Runtime\Cache\Admin\9e7e7bc08f271b3f112d226dd2427b7e.php 第 273 行.
NOTIC: [8] Use of undefined constant c - assumed 'c' E:\wwwroot\lecture\Application\Runtime\Cache\Admin\9e7e7bc08f271b3f112d226dd2427b7e.php 第 273 行.
NOTIC: [8] Use of undefined constant a - assumed 'a' E:\wwwroot\lecture\Application\Runtime\Cache\Admin\9e7e7bc08f271b3f112d226dd2427b7e.php 第 273 行.
NOTIC: [8] Use of undefined constant c - assumed 'c' E:\wwwroot\lecture\Application\Runtime\Cache\Admin\9e7e7bc08f271b3f112d226dd2427b7e.php 第 273 行.
NOTIC: [8] Use of undefined constant a - assumed 'a' E:\wwwroot\lecture\Application\Runtime\Cache\Admin\9e7e7bc08f271b3f112d226dd2427b7e.php 第 273 行.
NOTIC: [8] Use of undefined constant c - assumed 'c' E:\wwwroot\lecture\Application\Runtime\Cache\Admin\9e7e7bc08f271b3f112d226dd2427b7e.php 第 273 行.
NOTIC: [8] Use of undefined constant a - assumed 'a' E:\wwwroot\lecture\Application\Runtime\Cache\Admin\9e7e7bc08f271b3f112d226dd2427b7e.php 第 273 行.
NOTIC: [8] Use of undefined constant c - assumed 'c' E:\wwwroot\lecture\Application\Runtime\Cache\Admin\9e7e7bc08f271b3f112d226dd2427b7e.php 第 273 行.
NOTIC: [8] Use of undefined constant a - assumed 'a' E:\wwwroot\lecture\Application\Runtime\Cache\Admin\9e7e7bc08f271b3f112d226dd2427b7e.php 第 273 行.
INFO: Run Behavior\ParseTemplateBehavior [ RunTime:0.030002s ]
INFO: [ view_parse ] --END-- [ RunTime:0.030002s ]
INFO: [ view_filter ] --START--
INFO: Run Behavior\WriteHtmlCacheBehavior [ RunTime:0.000000s ]
INFO: [ view_filter ] --END-- [ RunTime:0.000000s ]
INFO: [ app_end ] --START--
INFO: Run Behavior\ShowPageTraceBehavior [ RunTime:0.001000s ]
INFO: [ app_end ] --END-- [ RunTime:0.001000s ]

[ 2016-03-20T20:48:30+08:00 ] ::1 /lecture/admin.php/AdminCP/welcome?_=1458478110423
INFO: [ app_init ] --START--
INFO: Run Behavior\BuildLiteBehavior [ RunTime:0.000000s ]
INFO: [ app_init ] --END-- [ RunTime:0.001000s ]
INFO: [ app_begin ] --START--
INFO: Run Behavior\ReadHtmlCacheBehavior [ RunTime:0.001000s ]
INFO: [ app_begin ] --END-- [ RunTime:0.001000s ]
INFO: [ view_parse ] --START--
INFO: [ template_filter ] --START--
INFO: Run Behavior\ContentReplaceBehavior [ RunTime:0.000000s ]
INFO: [ template_filter ] --END-- [ RunTime:0.000000s ]
INFO: Run Behavior\ParseTemplateBehavior [ RunTime:0.008001s ]
INFO: [ view_parse ] --END-- [ RunTime:0.008001s ]
INFO: [ view_filter ] --START--
INFO: Run Behavior\WriteHtmlCacheBehavior [ RunTime:0.000000s ]
INFO: [ view_filter ] --END-- [ RunTime:0.000000s ]
INFO: [ app_end ] --START--
INFO: Run Behavior\ShowPageTraceBehavior [ RunTime:0.001000s ]
INFO: [ app_end ] --END-- [ RunTime:0.001000s ]

[ 2016-03-20T20:48:32+08:00 ] ::1 /lecture/admin.php/System/adminNodeLists?_=1458478112016
INFO: [ app_init ] --START--
INFO: Run Behavior\BuildLiteBehavior [ RunTime:0.000000s ]
INFO: [ app_init ] --END-- [ RunTime:0.000000s ]
INFO: [ app_begin ] --START--
INFO: Run Behavior\ReadHtmlCacheBehavior [ RunTime:0.001000s ]
INFO: [ app_begin ] --END-- [ RunTime:0.001000s ]
NOTIC: [8] Undefined index: allow E:\wwwroot\lecture\Application\Admin\Behaviors\AuthenticateBehavior.class.php 第 15 行.
SQL: SHOW COLUMNS FROM `db_admin_menu` [ RunTime:0.0050s ]
SQL: SELECT * FROM `db_admin_menu` ORDER BY listorder ASC,id ASC  [ RunTime:0.0030s ]
INFO: [ view_parse ] --START--
INFO: [ template_filter ] --START--
INFO: Run Behavior\ContentReplaceBehavior [ RunTime:0.000000s ]
INFO: [ template_filter ] --END-- [ RunTime:0.000000s ]
INFO: Run Behavior\ParseTemplateBehavior [ RunTime:0.007001s ]
INFO: [ view_parse ] --END-- [ RunTime:0.007001s ]
INFO: [ view_filter ] --START--
INFO: Run Behavior\WriteHtmlCacheBehavior [ RunTime:0.001000s ]
INFO: [ view_filter ] --END-- [ RunTime:0.001000s ]
INFO: [ app_end ] --START--
INFO: Run Behavior\ShowPageTraceBehavior [ RunTime:0.000000s ]
INFO: [ app_end ] --END-- [ RunTime:0.000000s ]

