[ 2016-03-11T21:24:32+08:00 ] ::1 /res/admin.php
INFO: [ app_init ] --START--
INFO: Run Behavior\BuildLiteBehavior [ RunTime:0.000000s ]
INFO: [ app_init ] --END-- [ RunTime:0.001000s ]
INFO: [ app_begin ] --START--
INFO: Run Behavior\ReadHtmlCacheBehavior [ RunTime:0.001000s ]
INFO: [ app_begin ] --END-- [ RunTime:0.001000s ]
INFO: [ view_parse ] --START--
INFO: [ template_filter ] --START--
INFO: Run Behavior\ContentReplaceBehavior [ RunTime:0.001000s ]
INFO: [ template_filter ] --END-- [ RunTime:0.001000s ]
INFO: Run Behavior\ParseTemplateBehavior [ RunTime:0.029001s ]
INFO: [ view_parse ] --END-- [ RunTime:0.029001s ]
INFO: [ view_filter ] --START--
INFO: Run Behavior\WriteHtmlCacheBehavior [ RunTime:0.001000s ]
INFO: [ view_filter ] --END-- [ RunTime:0.001000s ]

[ 2016-03-11T21:24:33+08:00 ] ::1 /res/admin.php/Publics/login
INFO: [ app_init ] --START--
INFO: Run Behavior\BuildLiteBehavior [ RunTime:0.000000s ]
INFO: [ app_init ] --END-- [ RunTime:0.000000s ]
INFO: [ app_begin ] --START--
INFO: Run Behavior\ReadHtmlCacheBehavior [ RunTime:0.001000s ]
INFO: [ app_begin ] --END-- [ RunTime:0.001000s ]
NOTIC: [8] Undefined variable: detail E:\wwwroot\res\Application\Admin\Controller\AdminController.class.php 第 54 行.
INFO: [ view_parse ] --START--
INFO: [ template_filter ] --START--
INFO: Run Behavior\ContentReplaceBehavior [ RunTime:0.000000s ]
INFO: [ template_filter ] --END-- [ RunTime:0.000000s ]
INFO: Run Behavior\ParseTemplateBehavior [ RunTime:0.010000s ]
INFO: [ view_parse ] --END-- [ RunTime:0.010000s ]
INFO: [ view_filter ] --START--
INFO: Run Behavior\WriteHtmlCacheBehavior [ RunTime:0.000000s ]
INFO: [ view_filter ] --END-- [ RunTime:0.000000s ]
INFO: [ app_end ] --START--
INFO: Run Behavior\ShowPageTraceBehavior [ RunTime:0.001000s ]
INFO: [ app_end ] --END-- [ RunTime:0.001000s ]

[ 2016-03-11T21:26:33+08:00 ] ::1 /res/admin.php/Publics/login
INFO: [ app_init ] --START--
INFO: Run Behavior\BuildLiteBehavior [ RunTime:0.000000s ]
INFO: [ app_init ] --END-- [ RunTime:0.001000s ]
INFO: [ app_begin ] --START--
INFO: Run Behavior\ReadHtmlCacheBehavior [ RunTime:0.000000s ]
INFO: [ app_begin ] --END-- [ RunTime:0.000000s ]
SQL: SHOW COLUMNS FROM `db_admin_times` [ RunTime:0.0090s ]
SQL: SELECT * FROM `db_admin_times` WHERE `username` = 'admin' AND `isadmin` = 1 LIMIT 1   [ RunTime:0.0000s ]
SQL: SHOW COLUMNS FROM `db_administrator` [ RunTime:0.0070s ]
SQL: SELECT * FROM `db_administrator` WHERE `username` = 'admin' LIMIT 1   [ RunTime:0.0000s ]
NOTIC: [8] Undefined variable: ip E:\wwwroot\res\Application\Admin\Controller\PublicsController.class.php 第 59 行.
SQL: UPDATE `db_administrator` SET `last_login_ip`='0.0.0.0',`last_login_time`='1457702793' WHERE ( userid=1 ) [ RunTime:0.0000s ]
NOTIC: [2] Illegal offset type in isset or empty E:\wwwroot\res\ThinkPHP\Library\Think\Model.class.php 第 511 行.
SQL: DELETE FROM `db_admin_times` WHERE `username` = 'admin' AND `isadmin` = 1 [ RunTime:0.0000s ]
NOTIC: [8] Undefined index: schoolid E:\wwwroot\res\Application\Admin\Controller\PublicsController.class.php 第 66 行.

[ 2016-03-11T21:26:33+08:00 ] ::1 /res/admin.php
INFO: [ app_init ] --START--
INFO: Run Behavior\BuildLiteBehavior [ RunTime:0.000000s ]
INFO: [ app_init ] --END-- [ RunTime:0.000000s ]
INFO: [ app_begin ] --START--
INFO: Run Behavior\ReadHtmlCacheBehavior [ RunTime:0.001000s ]
INFO: [ app_begin ] --END-- [ RunTime:0.001000s ]
SQL: SHOW COLUMNS FROM `db_admin_menu` [ RunTime:0.0060s ]
SQL: SELECT * FROM `db_admin_menu` WHERE `display` = 1 ORDER BY listorder,id  [ RunTime:0.0010s ]
INFO: [ view_parse ] --START--
INFO: [ template_filter ] --START--
INFO: Run Behavior\ContentReplaceBehavior [ RunTime:0.000000s ]
INFO: [ template_filter ] --END-- [ RunTime:0.000000s ]
NOTIC: [8] Use of undefined constant c - assumed 'c' E:\wwwroot\res\Application\Runtime\Cache\Admin\9e7e7bc08f271b3f112d226dd2427b7e.php 第 273 行.
NOTIC: [8] Use of undefined constant a - assumed 'a' E:\wwwroot\res\Application\Runtime\Cache\Admin\9e7e7bc08f271b3f112d226dd2427b7e.php 第 273 行.
NOTIC: [8] Use of undefined constant c - assumed 'c' E:\wwwroot\res\Application\Runtime\Cache\Admin\9e7e7bc08f271b3f112d226dd2427b7e.php 第 273 行.
NOTIC: [8] Use of undefined constant a - assumed 'a' E:\wwwroot\res\Application\Runtime\Cache\Admin\9e7e7bc08f271b3f112d226dd2427b7e.php 第 273 行.
NOTIC: [8] Use of undefined constant c - assumed 'c' E:\wwwroot\res\Application\Runtime\Cache\Admin\9e7e7bc08f271b3f112d226dd2427b7e.php 第 273 行.
NOTIC: [8] Use of undefined constant a - assumed 'a' E:\wwwroot\res\Application\Runtime\Cache\Admin\9e7e7bc08f271b3f112d226dd2427b7e.php 第 273 行.
NOTIC: [8] Use of undefined constant c - assumed 'c' E:\wwwroot\res\Application\Runtime\Cache\Admin\9e7e7bc08f271b3f112d226dd2427b7e.php 第 273 行.
NOTIC: [8] Use of undefined constant a - assumed 'a' E:\wwwroot\res\Application\Runtime\Cache\Admin\9e7e7bc08f271b3f112d226dd2427b7e.php 第 273 行.
NOTIC: [8] Use of undefined constant c - assumed 'c' E:\wwwroot\res\Application\Runtime\Cache\Admin\9e7e7bc08f271b3f112d226dd2427b7e.php 第 273 行.
NOTIC: [8] Use of undefined constant a - assumed 'a' E:\wwwroot\res\Application\Runtime\Cache\Admin\9e7e7bc08f271b3f112d226dd2427b7e.php 第 273 行.
NOTIC: [8] Use of undefined constant c - assumed 'c' E:\wwwroot\res\Application\Runtime\Cache\Admin\9e7e7bc08f271b3f112d226dd2427b7e.php 第 273 行.
NOTIC: [8] Use of undefined constant a - assumed 'a' E:\wwwroot\res\Application\Runtime\Cache\Admin\9e7e7bc08f271b3f112d226dd2427b7e.php 第 273 行.
NOTIC: [8] Use of undefined constant c - assumed 'c' E:\wwwroot\res\Application\Runtime\Cache\Admin\9e7e7bc08f271b3f112d226dd2427b7e.php 第 273 行.
NOTIC: [8] Use of undefined constant a - assumed 'a' E:\wwwroot\res\Application\Runtime\Cache\Admin\9e7e7bc08f271b3f112d226dd2427b7e.php 第 273 行.
NOTIC: [8] Use of undefined constant c - assumed 'c' E:\wwwroot\res\Application\Runtime\Cache\Admin\9e7e7bc08f271b3f112d226dd2427b7e.php 第 273 行.
NOTIC: [8] Use of undefined constant a - assumed 'a' E:\wwwroot\res\Application\Runtime\Cache\Admin\9e7e7bc08f271b3f112d226dd2427b7e.php 第 273 行.
NOTIC: [8] Use of undefined constant c - assumed 'c' E:\wwwroot\res\Application\Runtime\Cache\Admin\9e7e7bc08f271b3f112d226dd2427b7e.php 第 273 行.
NOTIC: [8] Use of undefined constant a - assumed 'a' E:\wwwroot\res\Application\Runtime\Cache\Admin\9e7e7bc08f271b3f112d226dd2427b7e.php 第 273 行.
NOTIC: [8] Use of undefined constant c - assumed 'c' E:\wwwroot\res\Application\Runtime\Cache\Admin\9e7e7bc08f271b3f112d226dd2427b7e.php 第 273 行.
NOTIC: [8] Use of undefined constant a - assumed 'a' E:\wwwroot\res\Application\Runtime\Cache\Admin\9e7e7bc08f271b3f112d226dd2427b7e.php 第 273 行.
NOTIC: [8] Use of undefined constant c - assumed 'c' E:\wwwroot\res\Application\Runtime\Cache\Admin\9e7e7bc08f271b3f112d226dd2427b7e.php 第 273 行.
NOTIC: [8] Use of undefined constant a - assumed 'a' E:\wwwroot\res\Application\Runtime\Cache\Admin\9e7e7bc08f271b3f112d226dd2427b7e.php 第 273 行.
NOTIC: [8] Use of undefined constant c - assumed 'c' E:\wwwroot\res\Application\Runtime\Cache\Admin\9e7e7bc08f271b3f112d226dd2427b7e.php 第 273 行.
NOTIC: [8] Use of undefined constant a - assumed 'a' E:\wwwroot\res\Application\Runtime\Cache\Admin\9e7e7bc08f271b3f112d226dd2427b7e.php 第 273 行.
NOTIC: [8] Use of undefined constant c - assumed 'c' E:\wwwroot\res\Application\Runtime\Cache\Admin\9e7e7bc08f271b3f112d226dd2427b7e.php 第 273 行.
NOTIC: [8] Use of undefined constant a - assumed 'a' E:\wwwroot\res\Application\Runtime\Cache\Admin\9e7e7bc08f271b3f112d226dd2427b7e.php 第 273 行.
NOTIC: [8] Use of undefined constant c - assumed 'c' E:\wwwroot\res\Application\Runtime\Cache\Admin\9e7e7bc08f271b3f112d226dd2427b7e.php 第 273 行.
NOTIC: [8] Use of undefined constant a - assumed 'a' E:\wwwroot\res\Application\Runtime\Cache\Admin\9e7e7bc08f271b3f112d226dd2427b7e.php 第 273 行.
INFO: Run Behavior\ParseTemplateBehavior [ RunTime:0.026001s ]
INFO: [ view_parse ] --END-- [ RunTime:0.026001s ]
INFO: [ view_filter ] --START--
INFO: Run Behavior\WriteHtmlCacheBehavior [ RunTime:0.000000s ]
INFO: [ view_filter ] --END-- [ RunTime:0.000000s ]
INFO: [ app_end ] --START--
INFO: Run Behavior\ShowPageTraceBehavior [ RunTime:0.001000s ]
INFO: [ app_end ] --END-- [ RunTime:0.001000s ]

[ 2016-03-11T21:26:34+08:00 ] ::1 /res/admin.php/AdminCP/welcome?_=1457702794069
INFO: [ app_init ] --START--
INFO: Run Behavior\BuildLiteBehavior [ RunTime:0.000000s ]
INFO: [ app_init ] --END-- [ RunTime:0.001000s ]
INFO: [ app_begin ] --START--
INFO: Run Behavior\ReadHtmlCacheBehavior [ RunTime:0.001000s ]
INFO: [ app_begin ] --END-- [ RunTime:0.001000s ]
INFO: [ view_parse ] --START--
INFO: [ template_filter ] --START--
INFO: Run Behavior\ContentReplaceBehavior [ RunTime:0.000000s ]
INFO: [ template_filter ] --END-- [ RunTime:0.000000s ]
INFO: Run Behavior\ParseTemplateBehavior [ RunTime:0.008000s ]
INFO: [ view_parse ] --END-- [ RunTime:0.008000s ]
INFO: [ view_filter ] --START--
INFO: Run Behavior\WriteHtmlCacheBehavior [ RunTime:0.001000s ]
INFO: [ view_filter ] --END-- [ RunTime:0.001000s ]
INFO: [ app_end ] --START--
INFO: Run Behavior\ShowPageTraceBehavior [ RunTime:0.001000s ]
INFO: [ app_end ] --END-- [ RunTime:0.001000s ]

[ 2016-03-11T21:28:34+08:00 ] ::1 /res/admin.php/System/adminNodeLists?_=1457702914814
INFO: [ app_init ] --START--
INFO: Run Behavior\BuildLiteBehavior [ RunTime:0.000000s ]
INFO: [ app_init ] --END-- [ RunTime:0.001000s ]
INFO: [ app_begin ] --START--
INFO: Run Behavior\ReadHtmlCacheBehavior [ RunTime:0.000000s ]
INFO: [ app_begin ] --END-- [ RunTime:0.000000s ]
NOTIC: [8] Undefined index: allow E:\wwwroot\res\Application\Admin\Behaviors\AuthenticateBehavior.class.php 第 15 行.
SQL: SHOW COLUMNS FROM `db_admin_menu` [ RunTime:0.0040s ]
SQL: SELECT * FROM `db_admin_menu` ORDER BY listorder ASC,id ASC  [ RunTime:0.0010s ]
INFO: [ view_parse ] --START--
INFO: [ template_filter ] --START--
INFO: Run Behavior\ContentReplaceBehavior [ RunTime:0.000000s ]
INFO: [ template_filter ] --END-- [ RunTime:0.001000s ]
INFO: Run Behavior\ParseTemplateBehavior [ RunTime:0.008001s ]
INFO: [ view_parse ] --END-- [ RunTime:0.008001s ]
INFO: [ view_filter ] --START--
INFO: Run Behavior\WriteHtmlCacheBehavior [ RunTime:0.000000s ]
INFO: [ view_filter ] --END-- [ RunTime:0.000000s ]
INFO: [ app_end ] --START--
INFO: Run Behavior\ShowPageTraceBehavior [ RunTime:0.000000s ]
INFO: [ app_end ] --END-- [ RunTime:0.000000s ]

[ 2016-03-11T21:28:40+08:00 ] ::1 /res/admin.php/System/adminManage?_=1457702919931
INFO: [ app_init ] --START--
INFO: Run Behavior\BuildLiteBehavior [ RunTime:0.000000s ]
INFO: [ app_init ] --END-- [ RunTime:0.000000s ]
INFO: [ app_begin ] --START--
INFO: Run Behavior\ReadHtmlCacheBehavior [ RunTime:0.001000s ]
INFO: [ app_begin ] --END-- [ RunTime:0.001000s ]
NOTIC: [8] Undefined index: allow E:\wwwroot\res\Application\Admin\Behaviors\AuthenticateBehavior.class.php 第 15 行.
SQL: SHOW COLUMNS FROM `db_administrator` [ RunTime:0.0050s ]
NOTIC: [8] Undefined variable: map E:\wwwroot\res\Application\Admin\Controller\SystemController.class.php 第 70 行.
SQL: SELECT COUNT(*) AS tp_count FROM `db_administrator` LIMIT 1   [ RunTime:0.0000s ]
NOTIC: [8] Undefined variable: map E:\wwwroot\res\Application\Admin\Controller\SystemController.class.php 第 73 行.
SQL: SELECT * FROM `db_administrator` ORDER BY userid LIMIT 0,30   [ RunTime:0.0000s ]
SQL: SHOW COLUMNS FROM `db_admin_role` [ RunTime:0.0050s ]
SQL: SELECT * FROM `db_admin_role`  [ RunTime:0.0000s ]
NOTIC: [8] Use of undefined constant roleid - assumed 'roleid' E:\wwwroot\res\Application\Admin\Model\AdminRoleModel.class.php 第 15 行.
NOTIC: [8] Use of undefined constant roleid - assumed 'roleid' E:\wwwroot\res\Application\Admin\Model\AdminRoleModel.class.php 第 15 行.
NOTIC: [8] Use of undefined constant roleid - assumed 'roleid' E:\wwwroot\res\Application\Admin\Model\AdminRoleModel.class.php 第 15 行.
INFO: [ view_parse ] --START--
INFO: [ template_filter ] --START--
INFO: Run Behavior\ContentReplaceBehavior [ RunTime:0.000000s ]
INFO: [ template_filter ] --END-- [ RunTime:0.000000s ]
NOTIC: [8] Undefined variable: username E:\wwwroot\res\Application\Runtime\Cache\Admin\8f5cdb2ccccb01c5083817d6bb582309.php 第 8 行.
NOTIC: [8] Undefined variable: roleid E:\wwwroot\res\Application\Runtime\Cache\Admin\8f5cdb2ccccb01c5083817d6bb582309.php 第 12 行.
NOTIC: [8] Use of undefined constant rolename - assumed 'rolename' E:\wwwroot\res\Application\Runtime\Cache\Admin\8f5cdb2ccccb01c5083817d6bb582309.php 第 12 行.
NOTIC: [8] Undefined variable: roleid E:\wwwroot\res\Application\Runtime\Cache\Admin\8f5cdb2ccccb01c5083817d6bb582309.php 第 12 行.
NOTIC: [8] Use of undefined constant rolename - assumed 'rolename' E:\wwwroot\res\Application\Runtime\Cache\Admin\8f5cdb2ccccb01c5083817d6bb582309.php 第 12 行.
NOTIC: [8] Undefined variable: roleid E:\wwwroot\res\Application\Runtime\Cache\Admin\8f5cdb2ccccb01c5083817d6bb582309.php 第 12 行.
NOTIC: [8] Use of undefined constant rolename - assumed 'rolename' E:\wwwroot\res\Application\Runtime\Cache\Admin\8f5cdb2ccccb01c5083817d6bb582309.php 第 12 行.
INFO: Run Behavior\ParseTemplateBehavior [ RunTime:0.011001s ]
INFO: [ view_parse ] --END-- [ RunTime:0.011001s ]
INFO: [ view_filter ] --START--
INFO: Run Behavior\WriteHtmlCacheBehavior [ RunTime:0.001000s ]
INFO: [ view_filter ] --END-- [ RunTime:0.001000s ]
INFO: [ app_end ] --START--
INFO: Run Behavior\ShowPageTraceBehavior [ RunTime:0.000000s ]
INFO: [ app_end ] --END-- [ RunTime:0.000000s ]

[ 2016-03-11T21:28:41+08:00 ] ::1 /res/admin.php/System/adminRoleList?_=1457702921117
INFO: [ app_init ] --START--
INFO: Run Behavior\BuildLiteBehavior [ RunTime:0.000000s ]
INFO: [ app_init ] --END-- [ RunTime:0.000000s ]
INFO: [ app_begin ] --START--
INFO: Run Behavior\ReadHtmlCacheBehavior [ RunTime:0.001000s ]
INFO: [ app_begin ] --END-- [ RunTime:0.001000s ]
NOTIC: [8] Undefined index: allow E:\wwwroot\res\Application\Admin\Behaviors\AuthenticateBehavior.class.php 第 15 行.
SQL: SHOW COLUMNS FROM `db_admin_role` [ RunTime:0.0050s ]
NOTIC: [8] Undefined index: name E:\wwwroot\res\Application\Admin\Controller\SystemController.class.php 第 177 行.
SQL: SELECT COUNT(*) AS tp_count FROM `db_admin_role` LIMIT 1   [ RunTime:0.0000s ]
SQL: SELECT * FROM `db_admin_role` LIMIT 0,20   [ RunTime:0.0000s ]
INFO: [ view_parse ] --START--
INFO: [ template_filter ] --START--
INFO: Run Behavior\ContentReplaceBehavior [ RunTime:0.000000s ]
INFO: [ template_filter ] --END-- [ RunTime:0.000000s ]
NOTIC: [8] Use of undefined constant roleid - assumed 'roleid' E:\wwwroot\res\Application\Runtime\Cache\Admin\d5a02a8743bc1925776ed0f80d74c2c2.php 第 16 行.
NOTIC: [8] Use of undefined constant roleid - assumed 'roleid' E:\wwwroot\res\Application\Runtime\Cache\Admin\d5a02a8743bc1925776ed0f80d74c2c2.php 第 17 行.
NOTIC: [8] Use of undefined constant rolename - assumed 'rolename' E:\wwwroot\res\Application\Runtime\Cache\Admin\d5a02a8743bc1925776ed0f80d74c2c2.php 第 18 行.
NOTIC: [8] Use of undefined constant description - assumed 'description' E:\wwwroot\res\Application\Runtime\Cache\Admin\d5a02a8743bc1925776ed0f80d74c2c2.php 第 19 行.
NOTIC: [8] Use of undefined constant roleid - assumed 'roleid' E:\wwwroot\res\Application\Runtime\Cache\Admin\d5a02a8743bc1925776ed0f80d74c2c2.php 第 21 行.
NOTIC: [8] Use of undefined constant disabled - assumed 'disabled' E:\wwwroot\res\Application\Runtime\Cache\Admin\d5a02a8743bc1925776ed0f80d74c2c2.php 第 21 行.
NOTIC: [8] Undefined variable: pc_hash E:\wwwroot\res\Application\Runtime\Cache\Admin\d5a02a8743bc1925776ed0f80d74c2c2.php 第 21 行.
NOTIC: [8] Use of undefined constant disabled - assumed 'disabled' E:\wwwroot\res\Application\Runtime\Cache\Admin\d5a02a8743bc1925776ed0f80d74c2c2.php 第 22 行.
NOTIC: [8] Use of undefined constant roleid - assumed 'roleid' E:\wwwroot\res\Application\Runtime\Cache\Admin\d5a02a8743bc1925776ed0f80d74c2c2.php 第 16 行.
NOTIC: [8] Use of undefined constant roleid - assumed 'roleid' E:\wwwroot\res\Application\Runtime\Cache\Admin\d5a02a8743bc1925776ed0f80d74c2c2.php 第 17 行.
NOTIC: [8] Use of undefined constant rolename - assumed 'rolename' E:\wwwroot\res\Application\Runtime\Cache\Admin\d5a02a8743bc1925776ed0f80d74c2c2.php 第 18 行.
NOTIC: [8] Use of undefined constant description - assumed 'description' E:\wwwroot\res\Application\Runtime\Cache\Admin\d5a02a8743bc1925776ed0f80d74c2c2.php 第 19 行.
NOTIC: [8] Use of undefined constant roleid - assumed 'roleid' E:\wwwroot\res\Application\Runtime\Cache\Admin\d5a02a8743bc1925776ed0f80d74c2c2.php 第 21 行.
NOTIC: [8] Use of undefined constant disabled - assumed 'disabled' E:\wwwroot\res\Application\Runtime\Cache\Admin\d5a02a8743bc1925776ed0f80d74c2c2.php 第 21 行.
NOTIC: [8] Undefined variable: pc_hash E:\wwwroot\res\Application\Runtime\Cache\Admin\d5a02a8743bc1925776ed0f80d74c2c2.php 第 21 行.
NOTIC: [8] Use of undefined constant disabled - assumed 'disabled' E:\wwwroot\res\Application\Runtime\Cache\Admin\d5a02a8743bc1925776ed0f80d74c2c2.php 第 22 行.
NOTIC: [8] Use of undefined constant roleid - assumed 'roleid' E:\wwwroot\res\Application\Runtime\Cache\Admin\d5a02a8743bc1925776ed0f80d74c2c2.php 第 26 行.
NOTIC: [8] Undefined variable: pc_hash E:\wwwroot\res\Application\Runtime\Cache\Admin\d5a02a8743bc1925776ed0f80d74c2c2.php 第 26 行.
NOTIC: [8] Use of undefined constant roleid - assumed 'roleid' E:\wwwroot\res\Application\Runtime\Cache\Admin\d5a02a8743bc1925776ed0f80d74c2c2.php 第 16 行.
NOTIC: [8] Use of undefined constant roleid - assumed 'roleid' E:\wwwroot\res\Application\Runtime\Cache\Admin\d5a02a8743bc1925776ed0f80d74c2c2.php 第 17 行.
NOTIC: [8] Use of undefined constant rolename - assumed 'rolename' E:\wwwroot\res\Application\Runtime\Cache\Admin\d5a02a8743bc1925776ed0f80d74c2c2.php 第 18 行.
NOTIC: [8] Use of undefined constant description - assumed 'description' E:\wwwroot\res\Application\Runtime\Cache\Admin\d5a02a8743bc1925776ed0f80d74c2c2.php 第 19 行.
NOTIC: [8] Use of undefined constant roleid - assumed 'roleid' E:\wwwroot\res\Application\Runtime\Cache\Admin\d5a02a8743bc1925776ed0f80d74c2c2.php 第 21 行.
NOTIC: [8] Use of undefined constant disabled - assumed 'disabled' E:\wwwroot\res\Application\Runtime\Cache\Admin\d5a02a8743bc1925776ed0f80d74c2c2.php 第 21 行.
NOTIC: [8] Undefined variable: pc_hash E:\wwwroot\res\Application\Runtime\Cache\Admin\d5a02a8743bc1925776ed0f80d74c2c2.php 第 21 行.
NOTIC: [8] Use of undefined constant disabled - assumed 'disabled' E:\wwwroot\res\Application\Runtime\Cache\Admin\d5a02a8743bc1925776ed0f80d74c2c2.php 第 22 行.
NOTIC: [8] Use of undefined constant roleid - assumed 'roleid' E:\wwwroot\res\Application\Runtime\Cache\Admin\d5a02a8743bc1925776ed0f80d74c2c2.php 第 26 行.
NOTIC: [8] Undefined variable: pc_hash E:\wwwroot\res\Application\Runtime\Cache\Admin\d5a02a8743bc1925776ed0f80d74c2c2.php 第 26 行.
INFO: Run Behavior\ParseTemplateBehavior [ RunTime:0.013001s ]
INFO: [ view_parse ] --END-- [ RunTime:0.013001s ]
INFO: [ view_filter ] --START--
INFO: Run Behavior\WriteHtmlCacheBehavior [ RunTime:0.001000s ]
INFO: [ view_filter ] --END-- [ RunTime:0.001000s ]
INFO: [ app_end ] --START--
INFO: Run Behavior\ShowPageTraceBehavior [ RunTime:0.001000s ]
INFO: [ app_end ] --END-- [ RunTime:0.001000s ]

[ 2016-03-11T21:29:08+08:00 ] ::1 /res/admin.php/System/adminRoleEdit/roleid/3?_=1457702948464
INFO: [ app_init ] --START--
INFO: Run Behavior\BuildLiteBehavior [ RunTime:0.000000s ]
INFO: [ app_init ] --END-- [ RunTime:0.001001s ]
INFO: [ app_begin ] --START--
INFO: Run Behavior\ReadHtmlCacheBehavior [ RunTime:0.001000s ]
INFO: [ app_begin ] --END-- [ RunTime:0.001000s ]
NOTIC: [8] Undefined index: allow E:\wwwroot\res\Application\Admin\Behaviors\AuthenticateBehavior.class.php 第 15 行.
SQL: SHOW COLUMNS FROM `db_admin_role` [ RunTime:0.0060s ]
SQL: SELECT * FROM `db_admin_role` WHERE ( roleid=3 ) LIMIT 1   [ RunTime:0.0000s ]
INFO: [ view_parse ] --START--
INFO: [ template_filter ] --START--
INFO: Run Behavior\ContentReplaceBehavior [ RunTime:0.000000s ]
INFO: [ template_filter ] --END-- [ RunTime:0.000000s ]
NOTIC: [8] Use of undefined constant description - assumed 'description' E:\wwwroot\res\Application\Runtime\Cache\Admin\e40d7c73636a2eec6eecccd0fbe23958.php 第 15 行.
INFO: Run Behavior\ParseTemplateBehavior [ RunTime:0.013001s ]
INFO: [ view_parse ] --END-- [ RunTime:0.013001s ]
INFO: [ view_filter ] --START--
INFO: Run Behavior\WriteHtmlCacheBehavior [ RunTime:0.000000s ]
INFO: [ view_filter ] --END-- [ RunTime:0.000000s ]
INFO: [ app_end ] --START--
INFO: Run Behavior\ShowPageTraceBehavior [ RunTime:0.001000s ]
INFO: [ app_end ] --END-- [ RunTime:0.001000s ]

[ 2016-03-11T21:30:03+08:00 ] ::1 /infoshow/admin.php
INFO: [ app_init ] --START--
INFO: Run Behavior\BuildLiteBehavior [ RunTime:0.001000s ]
INFO: [ app_init ] --END-- [ RunTime:0.001000s ]
INFO: [ app_begin ] --START--
INFO: Run Behavior\ReadHtmlCacheBehavior [ RunTime:0.001000s ]
INFO: [ app_begin ] --END-- [ RunTime:0.001000s ]
SQL: SHOW COLUMNS FROM `db_admin_menu` [ RunTime:0.0030s ]
SQL: SELECT * FROM `db_admin_menu` WHERE `display` = 1 ORDER BY listorder,id  [ RunTime:0.0000s ]
INFO: [ view_parse ] --START--
INFO: [ template_filter ] --START--
INFO: Run Behavior\ContentReplaceBehavior [ RunTime:0.000000s ]
INFO: [ template_filter ] --END-- [ RunTime:0.000000s ]
NOTIC: [8] Use of undefined constant c - assumed 'c' E:\wwwroot\infoshow\Application\Runtime\Cache\Admin\9e7e7bc08f271b3f112d226dd2427b7e.php 第 273 行.
NOTIC: [8] Use of undefined constant a - assumed 'a' E:\wwwroot\infoshow\Application\Runtime\Cache\Admin\9e7e7bc08f271b3f112d226dd2427b7e.php 第 273 行.
NOTIC: [8] Use of undefined constant c - assumed 'c' E:\wwwroot\infoshow\Application\Runtime\Cache\Admin\9e7e7bc08f271b3f112d226dd2427b7e.php 第 273 行.
NOTIC: [8] Use of undefined constant a - assumed 'a' E:\wwwroot\infoshow\Application\Runtime\Cache\Admin\9e7e7bc08f271b3f112d226dd2427b7e.php 第 273 行.
NOTIC: [8] Use of undefined constant c - assumed 'c' E:\wwwroot\infoshow\Application\Runtime\Cache\Admin\9e7e7bc08f271b3f112d226dd2427b7e.php 第 273 行.
NOTIC: [8] Use of undefined constant a - assumed 'a' E:\wwwroot\infoshow\Application\Runtime\Cache\Admin\9e7e7bc08f271b3f112d226dd2427b7e.php 第 273 行.
NOTIC: [8] Use of undefined constant c - assumed 'c' E:\wwwroot\infoshow\Application\Runtime\Cache\Admin\9e7e7bc08f271b3f112d226dd2427b7e.php 第 273 行.
NOTIC: [8] Use of undefined constant a - assumed 'a' E:\wwwroot\infoshow\Application\Runtime\Cache\Admin\9e7e7bc08f271b3f112d226dd2427b7e.php 第 273 行.
NOTIC: [8] Use of undefined constant c - assumed 'c' E:\wwwroot\infoshow\Application\Runtime\Cache\Admin\9e7e7bc08f271b3f112d226dd2427b7e.php 第 273 行.
NOTIC: [8] Use of undefined constant a - assumed 'a' E:\wwwroot\infoshow\Application\Runtime\Cache\Admin\9e7e7bc08f271b3f112d226dd2427b7e.php 第 273 行.
NOTIC: [8] Use of undefined constant c - assumed 'c' E:\wwwroot\infoshow\Application\Runtime\Cache\Admin\9e7e7bc08f271b3f112d226dd2427b7e.php 第 273 行.
NOTIC: [8] Use of undefined constant a - assumed 'a' E:\wwwroot\infoshow\Application\Runtime\Cache\Admin\9e7e7bc08f271b3f112d226dd2427b7e.php 第 273 行.
NOTIC: [8] Use of undefined constant c - assumed 'c' E:\wwwroot\infoshow\Application\Runtime\Cache\Admin\9e7e7bc08f271b3f112d226dd2427b7e.php 第 273 行.
NOTIC: [8] Use of undefined constant a - assumed 'a' E:\wwwroot\infoshow\Application\Runtime\Cache\Admin\9e7e7bc08f271b3f112d226dd2427b7e.php 第 273 行.
NOTIC: [8] Use of undefined constant c - assumed 'c' E:\wwwroot\infoshow\Application\Runtime\Cache\Admin\9e7e7bc08f271b3f112d226dd2427b7e.php 第 273 行.
NOTIC: [8] Use of undefined constant a - assumed 'a' E:\wwwroot\infoshow\Application\Runtime\Cache\Admin\9e7e7bc08f271b3f112d226dd2427b7e.php 第 273 行.
NOTIC: [8] Use of undefined constant c - assumed 'c' E:\wwwroot\infoshow\Application\Runtime\Cache\Admin\9e7e7bc08f271b3f112d226dd2427b7e.php 第 273 行.
NOTIC: [8] Use of undefined constant a - assumed 'a' E:\wwwroot\infoshow\Application\Runtime\Cache\Admin\9e7e7bc08f271b3f112d226dd2427b7e.php 第 273 行.
NOTIC: [8] Use of undefined constant c - assumed 'c' E:\wwwroot\infoshow\Application\Runtime\Cache\Admin\9e7e7bc08f271b3f112d226dd2427b7e.php 第 273 行.
NOTIC: [8] Use of undefined constant a - assumed 'a' E:\wwwroot\infoshow\Application\Runtime\Cache\Admin\9e7e7bc08f271b3f112d226dd2427b7e.php 第 273 行.
NOTIC: [8] Use of undefined constant c - assumed 'c' E:\wwwroot\infoshow\Application\Runtime\Cache\Admin\9e7e7bc08f271b3f112d226dd2427b7e.php 第 273 行.
NOTIC: [8] Use of undefined constant a - assumed 'a' E:\wwwroot\infoshow\Application\Runtime\Cache\Admin\9e7e7bc08f271b3f112d226dd2427b7e.php 第 273 行.
NOTIC: [8] Use of undefined constant c - assumed 'c' E:\wwwroot\infoshow\Application\Runtime\Cache\Admin\9e7e7bc08f271b3f112d226dd2427b7e.php 第 273 行.
NOTIC: [8] Use of undefined constant a - assumed 'a' E:\wwwroot\infoshow\Application\Runtime\Cache\Admin\9e7e7bc08f271b3f112d226dd2427b7e.php 第 273 行.
NOTIC: [8] Use of undefined constant c - assumed 'c' E:\wwwroot\infoshow\Application\Runtime\Cache\Admin\9e7e7bc08f271b3f112d226dd2427b7e.php 第 273 行.
NOTIC: [8] Use of undefined constant a - assumed 'a' E:\wwwroot\infoshow\Application\Runtime\Cache\Admin\9e7e7bc08f271b3f112d226dd2427b7e.php 第 273 行.
NOTIC: [8] Use of undefined constant c - assumed 'c' E:\wwwroot\infoshow\Application\Runtime\Cache\Admin\9e7e7bc08f271b3f112d226dd2427b7e.php 第 273 行.
NOTIC: [8] Use of undefined constant a - assumed 'a' E:\wwwroot\infoshow\Application\Runtime\Cache\Admin\9e7e7bc08f271b3f112d226dd2427b7e.php 第 273 行.
INFO: Run Behavior\ParseTemplateBehavior [ RunTime:0.017001s ]
INFO: [ view_parse ] --END-- [ RunTime:0.017001s ]
INFO: [ view_filter ] --START--
INFO: Run Behavior\WriteHtmlCacheBehavior [ RunTime:0.001000s ]
INFO: [ view_filter ] --END-- [ RunTime:0.001000s ]
INFO: [ app_end ] --START--
INFO: Run Behavior\ShowPageTraceBehavior [ RunTime:0.001000s ]
INFO: [ app_end ] --END-- [ RunTime:0.001000s ]

[ 2016-03-11T21:30:04+08:00 ] ::1 /infoshow/admin.php/AdminCP/welcome?_=1457703004339
INFO: [ app_init ] --START--
INFO: Run Behavior\BuildLiteBehavior [ RunTime:0.000000s ]
INFO: [ app_init ] --END-- [ RunTime:0.001000s ]
INFO: [ app_begin ] --START--
INFO: Run Behavior\ReadHtmlCacheBehavior [ RunTime:0.001000s ]
INFO: [ app_begin ] --END-- [ RunTime:0.001000s ]
INFO: [ view_parse ] --START--
INFO: [ template_filter ] --START--
INFO: Run Behavior\ContentReplaceBehavior [ RunTime:0.000000s ]
INFO: [ template_filter ] --END-- [ RunTime:0.000000s ]
INFO: Run Behavior\ParseTemplateBehavior [ RunTime:0.010001s ]
INFO: [ view_parse ] --END-- [ RunTime:0.010001s ]
INFO: [ view_filter ] --START--
INFO: Run Behavior\WriteHtmlCacheBehavior [ RunTime:0.000000s ]
INFO: [ view_filter ] --END-- [ RunTime:0.000000s ]
INFO: [ app_end ] --START--
INFO: Run Behavior\ShowPageTraceBehavior [ RunTime:0.001000s ]
INFO: [ app_end ] --END-- [ RunTime:0.001000s ]

[ 2016-03-11T21:30:15+08:00 ] ::1 /infoshow/admin.php
INFO: [ app_init ] --START--
INFO: Run Behavior\BuildLiteBehavior [ RunTime:0.001000s ]
INFO: [ app_init ] --END-- [ RunTime:0.001000s ]
INFO: [ app_begin ] --START--
INFO: Run Behavior\ReadHtmlCacheBehavior [ RunTime:0.001000s ]
INFO: [ app_begin ] --END-- [ RunTime:0.001000s ]
SQL: SHOW COLUMNS FROM `db_admin_menu` [ RunTime:0.0030s ]
SQL: SELECT * FROM `db_admin_menu` WHERE `display` = 1 ORDER BY listorder,id  [ RunTime:0.0000s ]
INFO: [ view_parse ] --START--
INFO: [ template_filter ] --START--
INFO: Run Behavior\ContentReplaceBehavior [ RunTime:0.000000s ]
INFO: [ template_filter ] --END-- [ RunTime:0.000000s ]
NOTIC: [8] Use of undefined constant c - assumed 'c' E:\wwwroot\infoshow\Application\Runtime\Cache\Admin\9e7e7bc08f271b3f112d226dd2427b7e.php 第 273 行.
NOTIC: [8] Use of undefined constant a - assumed 'a' E:\wwwroot\infoshow\Application\Runtime\Cache\Admin\9e7e7bc08f271b3f112d226dd2427b7e.php 第 273 行.
NOTIC: [8] Use of undefined constant c - assumed 'c' E:\wwwroot\infoshow\Application\Runtime\Cache\Admin\9e7e7bc08f271b3f112d226dd2427b7e.php 第 273 行.
NOTIC: [8] Use of undefined constant a - assumed 'a' E:\wwwroot\infoshow\Application\Runtime\Cache\Admin\9e7e7bc08f271b3f112d226dd2427b7e.php 第 273 行.
NOTIC: [8] Use of undefined constant c - assumed 'c' E:\wwwroot\infoshow\Application\Runtime\Cache\Admin\9e7e7bc08f271b3f112d226dd2427b7e.php 第 273 行.
NOTIC: [8] Use of undefined constant a - assumed 'a' E:\wwwroot\infoshow\Application\Runtime\Cache\Admin\9e7e7bc08f271b3f112d226dd2427b7e.php 第 273 行.
NOTIC: [8] Use of undefined constant c - assumed 'c' E:\wwwroot\infoshow\Application\Runtime\Cache\Admin\9e7e7bc08f271b3f112d226dd2427b7e.php 第 273 行.
NOTIC: [8] Use of undefined constant a - assumed 'a' E:\wwwroot\infoshow\Application\Runtime\Cache\Admin\9e7e7bc08f271b3f112d226dd2427b7e.php 第 273 行.
NOTIC: [8] Use of undefined constant c - assumed 'c' E:\wwwroot\infoshow\Application\Runtime\Cache\Admin\9e7e7bc08f271b3f112d226dd2427b7e.php 第 273 行.
NOTIC: [8] Use of undefined constant a - assumed 'a' E:\wwwroot\infoshow\Application\Runtime\Cache\Admin\9e7e7bc08f271b3f112d226dd2427b7e.php 第 273 行.
NOTIC: [8] Use of undefined constant c - assumed 'c' E:\wwwroot\infoshow\Application\Runtime\Cache\Admin\9e7e7bc08f271b3f112d226dd2427b7e.php 第 273 行.
NOTIC: [8] Use of undefined constant a - assumed 'a' E:\wwwroot\infoshow\Application\Runtime\Cache\Admin\9e7e7bc08f271b3f112d226dd2427b7e.php 第 273 行.
NOTIC: [8] Use of undefined constant c - assumed 'c' E:\wwwroot\infoshow\Application\Runtime\Cache\Admin\9e7e7bc08f271b3f112d226dd2427b7e.php 第 273 行.
NOTIC: [8] Use of undefined constant a - assumed 'a' E:\wwwroot\infoshow\Application\Runtime\Cache\Admin\9e7e7bc08f271b3f112d226dd2427b7e.php 第 273 行.
NOTIC: [8] Use of undefined constant c - assumed 'c' E:\wwwroot\infoshow\Application\Runtime\Cache\Admin\9e7e7bc08f271b3f112d226dd2427b7e.php 第 273 行.
NOTIC: [8] Use of undefined constant a - assumed 'a' E:\wwwroot\infoshow\Application\Runtime\Cache\Admin\9e7e7bc08f271b3f112d226dd2427b7e.php 第 273 行.
NOTIC: [8] Use of undefined constant c - assumed 'c' E:\wwwroot\infoshow\Application\Runtime\Cache\Admin\9e7e7bc08f271b3f112d226dd2427b7e.php 第 273 行.
NOTIC: [8] Use of undefined constant a - assumed 'a' E:\wwwroot\infoshow\Application\Runtime\Cache\Admin\9e7e7bc08f271b3f112d226dd2427b7e.php 第 273 行.
NOTIC: [8] Use of undefined constant c - assumed 'c' E:\wwwroot\infoshow\Application\Runtime\Cache\Admin\9e7e7bc08f271b3f112d226dd2427b7e.php 第 273 行.
NOTIC: [8] Use of undefined constant a - assumed 'a' E:\wwwroot\infoshow\Application\Runtime\Cache\Admin\9e7e7bc08f271b3f112d226dd2427b7e.php 第 273 行.
NOTIC: [8] Use of undefined constant c - assumed 'c' E:\wwwroot\infoshow\Application\Runtime\Cache\Admin\9e7e7bc08f271b3f112d226dd2427b7e.php 第 273 行.
NOTIC: [8] Use of undefined constant a - assumed 'a' E:\wwwroot\infoshow\Application\Runtime\Cache\Admin\9e7e7bc08f271b3f112d226dd2427b7e.php 第 273 行.
NOTIC: [8] Use of undefined constant c - assumed 'c' E:\wwwroot\infoshow\Application\Runtime\Cache\Admin\9e7e7bc08f271b3f112d226dd2427b7e.php 第 273 行.
NOTIC: [8] Use of undefined constant a - assumed 'a' E:\wwwroot\infoshow\Application\Runtime\Cache\Admin\9e7e7bc08f271b3f112d226dd2427b7e.php 第 273 行.
NOTIC: [8] Use of undefined constant c - assumed 'c' E:\wwwroot\infoshow\Application\Runtime\Cache\Admin\9e7e7bc08f271b3f112d226dd2427b7e.php 第 273 行.
NOTIC: [8] Use of undefined constant a - assumed 'a' E:\wwwroot\infoshow\Application\Runtime\Cache\Admin\9e7e7bc08f271b3f112d226dd2427b7e.php 第 273 行.
NOTIC: [8] Use of undefined constant c - assumed 'c' E:\wwwroot\infoshow\Application\Runtime\Cache\Admin\9e7e7bc08f271b3f112d226dd2427b7e.php 第 273 行.
NOTIC: [8] Use of undefined constant a - assumed 'a' E:\wwwroot\infoshow\Application\Runtime\Cache\Admin\9e7e7bc08f271b3f112d226dd2427b7e.php 第 273 行.
INFO: Run Behavior\ParseTemplateBehavior [ RunTime:0.017001s ]
INFO: [ view_parse ] --END-- [ RunTime:0.017001s ]
INFO: [ view_filter ] --START--
INFO: Run Behavior\WriteHtmlCacheBehavior [ RunTime:0.000000s ]
INFO: [ view_filter ] --END-- [ RunTime:0.000000s ]
INFO: [ app_end ] --START--
INFO: Run Behavior\ShowPageTraceBehavior [ RunTime:0.001000s ]
INFO: [ app_end ] --END-- [ RunTime:0.001000s ]

[ 2016-03-11T21:30:16+08:00 ] ::1 /infoshow/admin.php/AdminCP/welcome?_=1457703016024
INFO: [ app_init ] --START--
INFO: Run Behavior\BuildLiteBehavior [ RunTime:0.000000s ]
INFO: [ app_init ] --END-- [ RunTime:0.000000s ]
INFO: [ app_begin ] --START--
INFO: Run Behavior\ReadHtmlCacheBehavior [ RunTime:0.000000s ]
INFO: [ app_begin ] --END-- [ RunTime:0.000000s ]
INFO: [ view_parse ] --START--
INFO: [ template_filter ] --START--
INFO: Run Behavior\ContentReplaceBehavior [ RunTime:0.000000s ]
INFO: [ template_filter ] --END-- [ RunTime:0.000000s ]
INFO: Run Behavior\ParseTemplateBehavior [ RunTime:0.008000s ]
INFO: [ view_parse ] --END-- [ RunTime:0.008000s ]
INFO: [ view_filter ] --START--
INFO: Run Behavior\WriteHtmlCacheBehavior [ RunTime:0.001000s ]
INFO: [ view_filter ] --END-- [ RunTime:0.001000s ]
INFO: [ app_end ] --START--
INFO: Run Behavior\ShowPageTraceBehavior [ RunTime:0.001000s ]
INFO: [ app_end ] --END-- [ RunTime:0.001000s ]

[ 2016-03-11T21:45:31+08:00 ] ::1 /infoshow/admin.php/training/applicantUnit?_=1457703931019
INFO: [ app_init ] --START--
INFO: Run Behavior\BuildLiteBehavior [ RunTime:0.000000s ]
INFO: [ app_init ] --END-- [ RunTime:0.001000s ]
INFO: [ app_begin ] --START--
INFO: Run Behavior\ReadHtmlCacheBehavior [ RunTime:0.001000s ]
INFO: [ app_begin ] --END-- [ RunTime:0.001000s ]
ERR: 无法加载控制器:Training

[ 2016-03-11T21:45:35+08:00 ] ::1 /infoshow/admin.php/training/application?_=1457703935231
INFO: [ app_init ] --START--
INFO: Run Behavior\BuildLiteBehavior [ RunTime:0.000000s ]
INFO: [ app_init ] --END-- [ RunTime:0.001000s ]
INFO: [ app_begin ] --START--
INFO: Run Behavior\ReadHtmlCacheBehavior [ RunTime:0.001000s ]
INFO: [ app_begin ] --END-- [ RunTime:0.001000s ]
ERR: 无法加载控制器:Training

[ 2016-03-11T21:46:46+08:00 ] ::1 /infoshow/admin.php
INFO: [ app_init ] --START--
INFO: Run Behavior\BuildLiteBehavior [ RunTime:0.000000s ]
INFO: [ app_init ] --END-- [ RunTime:0.001000s ]
INFO: [ app_begin ] --START--
INFO: Run Behavior\ReadHtmlCacheBehavior [ RunTime:0.000000s ]
INFO: [ app_begin ] --END-- [ RunTime:0.000000s ]
SQL: SHOW COLUMNS FROM `db_admin_menu` [ RunTime:0.0050s ]
SQL: SELECT * FROM `db_admin_menu` WHERE `display` = 1 ORDER BY listorder,id  [ RunTime:0.0000s ]
INFO: [ view_parse ] --START--
INFO: [ template_filter ] --START--
INFO: Run Behavior\ContentReplaceBehavior [ RunTime:0.000000s ]
INFO: [ template_filter ] --END-- [ RunTime:0.000000s ]
NOTIC: [8] Use of undefined constant c - assumed 'c' E:\wwwroot\infoshow\Application\Runtime\Cache\Admin\9e7e7bc08f271b3f112d226dd2427b7e.php 第 273 行.
NOTIC: [8] Use of undefined constant a - assumed 'a' E:\wwwroot\infoshow\Application\Runtime\Cache\Admin\9e7e7bc08f271b3f112d226dd2427b7e.php 第 273 行.
NOTIC: [8] Use of undefined constant c - assumed 'c' E:\wwwroot\infoshow\Application\Runtime\Cache\Admin\9e7e7bc08f271b3f112d226dd2427b7e.php 第 273 行.
NOTIC: [8] Use of undefined constant a - assumed 'a' E:\wwwroot\infoshow\Application\Runtime\Cache\Admin\9e7e7bc08f271b3f112d226dd2427b7e.php 第 273 行.
NOTIC: [8] Use of undefined constant c - assumed 'c' E:\wwwroot\infoshow\Application\Runtime\Cache\Admin\9e7e7bc08f271b3f112d226dd2427b7e.php 第 273 行.
NOTIC: [8] Use of undefined constant a - assumed 'a' E:\wwwroot\infoshow\Application\Runtime\Cache\Admin\9e7e7bc08f271b3f112d226dd2427b7e.php 第 273 行.
NOTIC: [8] Use of undefined constant c - assumed 'c' E:\wwwroot\infoshow\Application\Runtime\Cache\Admin\9e7e7bc08f271b3f112d226dd2427b7e.php 第 273 行.
NOTIC: [8] Use of undefined constant a - assumed 'a' E:\wwwroot\infoshow\Application\Runtime\Cache\Admin\9e7e7bc08f271b3f112d226dd2427b7e.php 第 273 行.
NOTIC: [8] Use of undefined constant c - assumed 'c' E:\wwwroot\infoshow\Application\Runtime\Cache\Admin\9e7e7bc08f271b3f112d226dd2427b7e.php 第 273 行.
NOTIC: [8] Use of undefined constant a - assumed 'a' E:\wwwroot\infoshow\Application\Runtime\Cache\Admin\9e7e7bc08f271b3f112d226dd2427b7e.php 第 273 行.
NOTIC: [8] Use of undefined constant c - assumed 'c' E:\wwwroot\infoshow\Application\Runtime\Cache\Admin\9e7e7bc08f271b3f112d226dd2427b7e.php 第 273 行.
NOTIC: [8] Use of undefined constant a - assumed 'a' E:\wwwroot\infoshow\Application\Runtime\Cache\Admin\9e7e7bc08f271b3f112d226dd2427b7e.php 第 273 行.
NOTIC: [8] Use of undefined constant c - assumed 'c' E:\wwwroot\infoshow\Application\Runtime\Cache\Admin\9e7e7bc08f271b3f112d226dd2427b7e.php 第 273 行.
NOTIC: [8] Use of undefined constant a - assumed 'a' E:\wwwroot\infoshow\Application\Runtime\Cache\Admin\9e7e7bc08f271b3f112d226dd2427b7e.php 第 273 行.
NOTIC: [8] Use of undefined constant c - assumed 'c' E:\wwwroot\infoshow\Application\Runtime\Cache\Admin\9e7e7bc08f271b3f112d226dd2427b7e.php 第 273 行.
NOTIC: [8] Use of undefined constant a - assumed 'a' E:\wwwroot\infoshow\Application\Runtime\Cache\Admin\9e7e7bc08f271b3f112d226dd2427b7e.php 第 273 行.
NOTIC: [8] Use of undefined constant c - assumed 'c' E:\wwwroot\infoshow\Application\Runtime\Cache\Admin\9e7e7bc08f271b3f112d226dd2427b7e.php 第 273 行.
NOTIC: [8] Use of undefined constant a - assumed 'a' E:\wwwroot\infoshow\Application\Runtime\Cache\Admin\9e7e7bc08f271b3f112d226dd2427b7e.php 第 273 行.
NOTIC: [8] Use of undefined constant c - assumed 'c' E:\wwwroot\infoshow\Application\Runtime\Cache\Admin\9e7e7bc08f271b3f112d226dd2427b7e.php 第 273 行.
NOTIC: [8] Use of undefined constant a - assumed 'a' E:\wwwroot\infoshow\Application\Runtime\Cache\Admin\9e7e7bc08f271b3f112d226dd2427b7e.php 第 273 行.
NOTIC: [8] Use of undefined constant c - assumed 'c' E:\wwwroot\infoshow\Application\Runtime\Cache\Admin\9e7e7bc08f271b3f112d226dd2427b7e.php 第 273 行.
NOTIC: [8] Use of undefined constant a - assumed 'a' E:\wwwroot\infoshow\Application\Runtime\Cache\Admin\9e7e7bc08f271b3f112d226dd2427b7e.php 第 273 行.
NOTIC: [8] Use of undefined constant c - assumed 'c' E:\wwwroot\infoshow\Application\Runtime\Cache\Admin\9e7e7bc08f271b3f112d226dd2427b7e.php 第 273 行.
NOTIC: [8] Use of undefined constant a - assumed 'a' E:\wwwroot\infoshow\Application\Runtime\Cache\Admin\9e7e7bc08f271b3f112d226dd2427b7e.php 第 273 行.
NOTIC: [8] Use of undefined constant c - assumed 'c' E:\wwwroot\infoshow\Application\Runtime\Cache\Admin\9e7e7bc08f271b3f112d226dd2427b7e.php 第 273 行.
NOTIC: [8] Use of undefined constant a - assumed 'a' E:\wwwroot\infoshow\Application\Runtime\Cache\Admin\9e7e7bc08f271b3f112d226dd2427b7e.php 第 273 行.
NOTIC: [8] Use of undefined constant c - assumed 'c' E:\wwwroot\infoshow\Application\Runtime\Cache\Admin\9e7e7bc08f271b3f112d226dd2427b7e.php 第 273 行.
NOTIC: [8] Use of undefined constant a - assumed 'a' E:\wwwroot\infoshow\Application\Runtime\Cache\Admin\9e7e7bc08f271b3f112d226dd2427b7e.php 第 273 行.
INFO: Run Behavior\ParseTemplateBehavior [ RunTime:0.017001s ]
INFO: [ view_parse ] --END-- [ RunTime:0.017001s ]
INFO: [ view_filter ] --START--
INFO: Run Behavior\WriteHtmlCacheBehavior [ RunTime:0.000000s ]
INFO: [ view_filter ] --END-- [ RunTime:0.000000s ]
INFO: [ app_end ] --START--
INFO: Run Behavior\ShowPageTraceBehavior [ RunTime:0.001000s ]
INFO: [ app_end ] --END-- [ RunTime:0.001000s ]

[ 2016-03-11T21:46:47+08:00 ] ::1 /infoshow/admin.php/AdminCP/welcome?_=1457704007227
INFO: [ app_init ] --START--
INFO: Run Behavior\BuildLiteBehavior [ RunTime:0.000000s ]
INFO: [ app_init ] --END-- [ RunTime:0.000000s ]
INFO: [ app_begin ] --START--
INFO: Run Behavior\ReadHtmlCacheBehavior [ RunTime:0.001000s ]
INFO: [ app_begin ] --END-- [ RunTime:0.001000s ]
INFO: [ view_parse ] --START--
INFO: [ template_filter ] --START--
INFO: Run Behavior\ContentReplaceBehavior [ RunTime:0.000000s ]
INFO: [ template_filter ] --END-- [ RunTime:0.000000s ]
INFO: Run Behavior\ParseTemplateBehavior [ RunTime:0.009000s ]
INFO: [ view_parse ] --END-- [ RunTime:0.009000s ]
INFO: [ view_filter ] --START--
INFO: Run Behavior\WriteHtmlCacheBehavior [ RunTime:0.000000s ]
INFO: [ view_filter ] --END-- [ RunTime:0.000000s ]
INFO: [ app_end ] --START--
INFO: Run Behavior\ShowPageTraceBehavior [ RunTime:0.001000s ]
INFO: [ app_end ] --END-- [ RunTime:0.001000s ]

[ 2016-03-11T21:46:49+08:00 ] ::1 /infoshow/admin.php/System/adminNodeLists?_=1457704009910
INFO: [ app_init ] --START--
INFO: Run Behavior\BuildLiteBehavior [ RunTime:0.000000s ]
INFO: [ app_init ] --END-- [ RunTime:0.000000s ]
INFO: [ app_begin ] --START--
INFO: Run Behavior\ReadHtmlCacheBehavior [ RunTime:0.001000s ]
INFO: [ app_begin ] --END-- [ RunTime:0.001000s ]
NOTIC: [8] Undefined index: allow E:\wwwroot\infoshow\Application\Admin\Behaviors\AuthenticateBehavior.class.php 第 15 行.
SQL: SHOW COLUMNS FROM `db_admin_menu` [ RunTime:0.0040s ]
SQL: SELECT * FROM `db_admin_menu` ORDER BY listorder ASC,id ASC  [ RunTime:0.0010s ]
INFO: [ view_parse ] --START--
INFO: [ template_filter ] --START--
INFO: Run Behavior\ContentReplaceBehavior [ RunTime:0.000000s ]
INFO: [ template_filter ] --END-- [ RunTime:0.000000s ]
INFO: Run Behavior\ParseTemplateBehavior [ RunTime:0.006000s ]
INFO: [ view_parse ] --END-- [ RunTime:0.006000s ]
INFO: [ view_filter ] --START--
INFO: Run Behavior\WriteHtmlCacheBehavior [ RunTime:0.000000s ]
INFO: [ view_filter ] --END-- [ RunTime:0.000000s ]
INFO: [ app_end ] --START--
INFO: Run Behavior\ShowPageTraceBehavior [ RunTime:0.001000s ]
INFO: [ app_end ] --END-- [ RunTime:0.001000s ]

[ 2016-03-11T21:46:52+08:00 ] ::1 /infoshow/admin.php/training/application?_=1457704012812
INFO: [ app_init ] --START--
INFO: Run Behavior\BuildLiteBehavior [ RunTime:0.000000s ]
INFO: [ app_init ] --END-- [ RunTime:0.001000s ]
INFO: [ app_begin ] --START--
INFO: Run Behavior\ReadHtmlCacheBehavior [ RunTime:0.001000s ]
INFO: [ app_begin ] --END-- [ RunTime:0.001000s ]
ERR: 无法加载控制器:Training

[ 2016-03-11T21:47:40+08:00 ] ::1 /infoshow/admin.php/System/adminNodeDelete/id/4/pc_hash/
INFO: [ app_init ] --START--
INFO: Run Behavior\BuildLiteBehavior [ RunTime:0.000000s ]
INFO: [ app_init ] --END-- [ RunTime:0.000000s ]
INFO: [ app_begin ] --START--
INFO: Run Behavior\ReadHtmlCacheBehavior [ RunTime:0.002000s ]
INFO: [ app_begin ] --END-- [ RunTime:0.002000s ]
NOTIC: [8] Undefined index: allow E:\wwwroot\infoshow\Application\Admin\Behaviors\AuthenticateBehavior.class.php 第 15 行.
SQL: SHOW COLUMNS FROM `db_admin_menu` [ RunTime:0.0060s ]
SQL: DELETE FROM `db_admin_menu` WHERE ( id=4 ) [ RunTime:0.0000s ]

[ 2016-03-11T21:47:40+08:00 ] ::1 /infoshow/admin.php/System/adminNodeLists?_=1457704060236
INFO: [ app_init ] --START--
INFO: Run Behavior\BuildLiteBehavior [ RunTime:0.000000s ]
INFO: [ app_init ] --END-- [ RunTime:0.000000s ]
INFO: [ app_begin ] --START--
INFO: Run Behavior\ReadHtmlCacheBehavior [ RunTime:0.001000s ]
INFO: [ app_begin ] --END-- [ RunTime:0.001000s ]
NOTIC: [8] Undefined index: allow E:\wwwroot\infoshow\Application\Admin\Behaviors\AuthenticateBehavior.class.php 第 15 行.
SQL: SHOW COLUMNS FROM `db_admin_menu` [ RunTime:0.0050s ]
SQL: SELECT * FROM `db_admin_menu` ORDER BY listorder ASC,id ASC  [ RunTime:0.0010s ]
INFO: [ view_parse ] --START--
INFO: [ template_filter ] --START--
INFO: Run Behavior\ContentReplaceBehavior [ RunTime:0.000000s ]
INFO: [ template_filter ] --END-- [ RunTime:0.000000s ]
INFO: Run Behavior\ParseTemplateBehavior [ RunTime:0.006000s ]
INFO: [ view_parse ] --END-- [ RunTime:0.006000s ]
INFO: [ view_filter ] --START--
INFO: Run Behavior\WriteHtmlCacheBehavior [ RunTime:0.001000s ]
INFO: [ view_filter ] --END-- [ RunTime:0.001000s ]
INFO: [ app_end ] --START--
INFO: Run Behavior\ShowPageTraceBehavior [ RunTime:0.001000s ]
INFO: [ app_end ] --END-- [ RunTime:0.001000s ]

[ 2016-03-11T21:47:41+08:00 ] ::1 /infoshow/admin.php/System/adminNodeLists?_=1457704060252
INFO: [ app_init ] --START--
INFO: Run Behavior\BuildLiteBehavior [ RunTime:0.000000s ]
INFO: [ app_init ] --END-- [ RunTime:0.000000s ]
INFO: [ app_begin ] --START--
INFO: Run Behavior\ReadHtmlCacheBehavior [ RunTime:0.001000s ]
INFO: [ app_begin ] --END-- [ RunTime:0.001000s ]
NOTIC: [8] Undefined index: allow E:\wwwroot\infoshow\Application\Admin\Behaviors\AuthenticateBehavior.class.php 第 15 行.
SQL: SHOW COLUMNS FROM `db_admin_menu` [ RunTime:0.0060s ]
SQL: SELECT * FROM `db_admin_menu` ORDER BY listorder ASC,id ASC  [ RunTime:0.0010s ]
INFO: [ view_parse ] --START--
INFO: [ template_filter ] --START--
INFO: Run Behavior\ContentReplaceBehavior [ RunTime:0.000000s ]
INFO: [ template_filter ] --END-- [ RunTime:0.000000s ]
INFO: Run Behavior\ParseTemplateBehavior [ RunTime:0.006000s ]
INFO: [ view_parse ] --END-- [ RunTime:0.007000s ]
INFO: [ view_filter ] --START--
INFO: Run Behavior\WriteHtmlCacheBehavior [ RunTime:0.000000s ]
INFO: [ view_filter ] --END-- [ RunTime:0.000000s ]
INFO: [ app_end ] --START--
INFO: Run Behavior\ShowPageTraceBehavior [ RunTime:0.001000s ]
INFO: [ app_end ] --END-- [ RunTime:0.001000s ]

[ 2016-03-11T21:47:55+08:00 ] ::1 /infoshow/admin.php
INFO: [ app_init ] --START--
INFO: Run Behavior\BuildLiteBehavior [ RunTime:0.000000s ]
INFO: [ app_init ] --END-- [ RunTime:0.000000s ]
INFO: [ app_begin ] --START--
INFO: Run Behavior\ReadHtmlCacheBehavior [ RunTime:0.001001s ]
INFO: [ app_begin ] --END-- [ RunTime:0.001001s ]
SQL: SHOW COLUMNS FROM `db_admin_menu` [ RunTime:0.0050s ]
SQL: SELECT * FROM `db_admin_menu` WHERE `display` = 1 ORDER BY listorder,id  [ RunTime:0.0010s ]
INFO: [ view_parse ] --START--
INFO: [ template_filter ] --START--
INFO: Run Behavior\ContentReplaceBehavior [ RunTime:0.000000s ]
INFO: [ template_filter ] --END-- [ RunTime:0.000000s ]
NOTIC: [8] Use of undefined constant c - assumed 'c' E:\wwwroot\infoshow\Application\Runtime\Cache\Admin\9e7e7bc08f271b3f112d226dd2427b7e.php 第 273 行.
NOTIC: [8] Use of undefined constant a - assumed 'a' E:\wwwroot\infoshow\Application\Runtime\Cache\Admin\9e7e7bc08f271b3f112d226dd2427b7e.php 第 273 行.
NOTIC: [8] Use of undefined constant c - assumed 'c' E:\wwwroot\infoshow\Application\Runtime\Cache\Admin\9e7e7bc08f271b3f112d226dd2427b7e.php 第 273 行.
NOTIC: [8] Use of undefined constant a - assumed 'a' E:\wwwroot\infoshow\Application\Runtime\Cache\Admin\9e7e7bc08f271b3f112d226dd2427b7e.php 第 273 行.
NOTIC: [8] Use of undefined constant c - assumed 'c' E:\wwwroot\infoshow\Application\Runtime\Cache\Admin\9e7e7bc08f271b3f112d226dd2427b7e.php 第 273 行.
NOTIC: [8] Use of undefined constant a - assumed 'a' E:\wwwroot\infoshow\Application\Runtime\Cache\Admin\9e7e7bc08f271b3f112d226dd2427b7e.php 第 273 行.
NOTIC: [8] Use of undefined constant c - assumed 'c' E:\wwwroot\infoshow\Application\Runtime\Cache\Admin\9e7e7bc08f271b3f112d226dd2427b7e.php 第 273 行.
NOTIC: [8] Use of undefined constant a - assumed 'a' E:\wwwroot\infoshow\Application\Runtime\Cache\Admin\9e7e7bc08f271b3f112d226dd2427b7e.php 第 273 行.
NOTIC: [8] Use of undefined constant c - assumed 'c' E:\wwwroot\infoshow\Application\Runtime\Cache\Admin\9e7e7bc08f271b3f112d226dd2427b7e.php 第 273 行.
NOTIC: [8] Use of undefined constant a - assumed 'a' E:\wwwroot\infoshow\Application\Runtime\Cache\Admin\9e7e7bc08f271b3f112d226dd2427b7e.php 第 273 行.
NOTIC: [8] Use of undefined constant c - assumed 'c' E:\wwwroot\infoshow\Application\Runtime\Cache\Admin\9e7e7bc08f271b3f112d226dd2427b7e.php 第 273 行.
NOTIC: [8] Use of undefined constant a - assumed 'a' E:\wwwroot\infoshow\Application\Runtime\Cache\Admin\9e7e7bc08f271b3f112d226dd2427b7e.php 第 273 行.
INFO: Run Behavior\ParseTemplateBehavior [ RunTime:0.017001s ]
INFO: [ view_parse ] --END-- [ RunTime:0.017001s ]
INFO: [ view_filter ] --START--
INFO: Run Behavior\WriteHtmlCacheBehavior [ RunTime:0.001000s ]
INFO: [ view_filter ] --END-- [ RunTime:0.001000s ]
INFO: [ app_end ] --START--
INFO: Run Behavior\ShowPageTraceBehavior [ RunTime:0.000000s ]
INFO: [ app_end ] --END-- [ RunTime:0.001000s ]

[ 2016-03-11T21:47:55+08:00 ] ::1 /infoshow/admin.php/AdminCP/welcome?_=1457704075270
INFO: [ app_init ] --START--
INFO: Run Behavior\BuildLiteBehavior [ RunTime:0.000000s ]
INFO: [ app_init ] --END-- [ RunTime:0.000000s ]
INFO: [ app_begin ] --START--
INFO: Run Behavior\ReadHtmlCacheBehavior [ RunTime:0.002000s ]
INFO: [ app_begin ] --END-- [ RunTime:0.002000s ]
INFO: [ view_parse ] --START--
INFO: [ template_filter ] --START--
INFO: Run Behavior\ContentReplaceBehavior [ RunTime:0.000000s ]
INFO: [ template_filter ] --END-- [ RunTime:0.000000s ]
INFO: Run Behavior\ParseTemplateBehavior [ RunTime:0.007000s ]
INFO: [ view_parse ] --END-- [ RunTime:0.007000s ]
INFO: [ view_filter ] --START--
INFO: Run Behavior\WriteHtmlCacheBehavior [ RunTime:0.000000s ]
INFO: [ view_filter ] --END-- [ RunTime:0.000000s ]
INFO: [ app_end ] --START--
INFO: Run Behavior\ShowPageTraceBehavior [ RunTime:0.001000s ]
INFO: [ app_end ] --END-- [ RunTime:0.001000s ]

[ 2016-03-11T21:47:57+08:00 ] ::1 /infoshow/admin.php/System/adminNodeLists?_=1457704077376
INFO: [ app_init ] --START--
INFO: Run Behavior\BuildLiteBehavior [ RunTime:0.000000s ]
INFO: [ app_init ] --END-- [ RunTime:0.001000s ]
INFO: [ app_begin ] --START--
INFO: Run Behavior\ReadHtmlCacheBehavior [ RunTime:0.001000s ]
INFO: [ app_begin ] --END-- [ RunTime:0.001000s ]
NOTIC: [8] Undefined index: allow E:\wwwroot\infoshow\Application\Admin\Behaviors\AuthenticateBehavior.class.php 第 15 行.
SQL: SHOW COLUMNS FROM `db_admin_menu` [ RunTime:0.0050s ]
SQL: SELECT * FROM `db_admin_menu` ORDER BY listorder ASC,id ASC  [ RunTime:0.0000s ]
INFO: [ view_parse ] --START--
INFO: [ template_filter ] --START--
INFO: Run Behavior\ContentReplaceBehavior [ RunTime:0.000000s ]
INFO: [ template_filter ] --END-- [ RunTime:0.000000s ]
INFO: Run Behavior\ParseTemplateBehavior [ RunTime:0.007001s ]
INFO: [ view_parse ] --END-- [ RunTime:0.007001s ]
INFO: [ view_filter ] --START--
INFO: Run Behavior\WriteHtmlCacheBehavior [ RunTime:0.000000s ]
INFO: [ view_filter ] --END-- [ RunTime:0.000000s ]
INFO: [ app_end ] --START--
INFO: Run Behavior\ShowPageTraceBehavior [ RunTime:0.001000s ]
INFO: [ app_end ] --END-- [ RunTime:0.001000s ]

[ 2016-03-11T21:56:37+08:00 ] ::1 /infoshow/admin.php
INFO: [ app_init ] --START--
INFO: Run Behavior\BuildLiteBehavior [ RunTime:0.000000s ]
INFO: [ app_init ] --END-- [ RunTime:0.001000s ]
INFO: [ app_begin ] --START--
INFO: Run Behavior\ReadHtmlCacheBehavior [ RunTime:0.001000s ]
INFO: [ app_begin ] --END-- [ RunTime:0.001000s ]
SQL: SHOW COLUMNS FROM `db_admin_menu` [ RunTime:0.0050s ]
SQL: SELECT * FROM `db_admin_menu` WHERE `display` = 1 ORDER BY listorder,id  [ RunTime:0.0010s ]
INFO: [ view_parse ] --START--
INFO: [ template_filter ] --START--
INFO: Run Behavior\ContentReplaceBehavior [ RunTime:0.000000s ]
INFO: [ template_filter ] --END-- [ RunTime:0.000000s ]
NOTIC: [8] Use of undefined constant c - assumed 'c' E:\wwwroot\infoshow\Application\Runtime\Cache\Admin\9e7e7bc08f271b3f112d226dd2427b7e.php 第 273 行.
NOTIC: [8] Use of undefined constant a - assumed 'a' E:\wwwroot\infoshow\Application\Runtime\Cache\Admin\9e7e7bc08f271b3f112d226dd2427b7e.php 第 273 行.
NOTIC: [8] Use of undefined constant c - assumed 'c' E:\wwwroot\infoshow\Application\Runtime\Cache\Admin\9e7e7bc08f271b3f112d226dd2427b7e.php 第 273 行.
NOTIC: [8] Use of undefined constant a - assumed 'a' E:\wwwroot\infoshow\Application\Runtime\Cache\Admin\9e7e7bc08f271b3f112d226dd2427b7e.php 第 273 行.
NOTIC: [8] Use of undefined constant c - assumed 'c' E:\wwwroot\infoshow\Application\Runtime\Cache\Admin\9e7e7bc08f271b3f112d226dd2427b7e.php 第 273 行.
NOTIC: [8] Use of undefined constant a - assumed 'a' E:\wwwroot\infoshow\Application\Runtime\Cache\Admin\9e7e7bc08f271b3f112d226dd2427b7e.php 第 273 行.
NOTIC: [8] Use of undefined constant c - assumed 'c' E:\wwwroot\infoshow\Application\Runtime\Cache\Admin\9e7e7bc08f271b3f112d226dd2427b7e.php 第 273 行.
NOTIC: [8] Use of undefined constant a - assumed 'a' E:\wwwroot\infoshow\Application\Runtime\Cache\Admin\9e7e7bc08f271b3f112d226dd2427b7e.php 第 273 行.
NOTIC: [8] Use of undefined constant c - assumed 'c' E:\wwwroot\infoshow\Application\Runtime\Cache\Admin\9e7e7bc08f271b3f112d226dd2427b7e.php 第 273 行.
NOTIC: [8] Use of undefined constant a - assumed 'a' E:\wwwroot\infoshow\Application\Runtime\Cache\Admin\9e7e7bc08f271b3f112d226dd2427b7e.php 第 273 行.
NOTIC: [8] Use of undefined constant c - assumed 'c' E:\wwwroot\infoshow\Application\Runtime\Cache\Admin\9e7e7bc08f271b3f112d226dd2427b7e.php 第 273 行.
NOTIC: [8] Use of undefined constant a - assumed 'a' E:\wwwroot\infoshow\Application\Runtime\Cache\Admin\9e7e7bc08f271b3f112d226dd2427b7e.php 第 273 行.
INFO: Run Behavior\ParseTemplateBehavior [ RunTime:0.032002s ]
INFO: [ view_parse ] --END-- [ RunTime:0.032002s ]
INFO: [ view_filter ] --START--
INFO: Run Behavior\WriteHtmlCacheBehavior [ RunTime:0.001000s ]
INFO: [ view_filter ] --END-- [ RunTime:0.001000s ]
INFO: [ app_end ] --START--
INFO: Run Behavior\ShowPageTraceBehavior [ RunTime:0.002000s ]
INFO: [ app_end ] --END-- [ RunTime:0.002000s ]

[ 2016-03-11T21:56:38+08:00 ] ::1 /infoshow/admin.php/AdminCP/welcome?_=1457704598104
INFO: [ app_init ] --START--
INFO: Run Behavior\BuildLiteBehavior [ RunTime:0.000000s ]
INFO: [ app_init ] --END-- [ RunTime:0.001000s ]
INFO: [ app_begin ] --START--
INFO: Run Behavior\ReadHtmlCacheBehavior [ RunTime:0.000000s ]
INFO: [ app_begin ] --END-- [ RunTime:0.000000s ]
INFO: [ view_parse ] --START--
INFO: [ template_filter ] --START--
INFO: Run Behavior\ContentReplaceBehavior [ RunTime:0.000000s ]
INFO: [ template_filter ] --END-- [ RunTime:0.000000s ]
INFO: Run Behavior\ParseTemplateBehavior [ RunTime:0.010001s ]
INFO: [ view_parse ] --END-- [ RunTime:0.010001s ]
INFO: [ view_filter ] --START--
INFO: Run Behavior\WriteHtmlCacheBehavior [ RunTime:0.001000s ]
INFO: [ view_filter ] --END-- [ RunTime:0.001000s ]
INFO: [ app_end ] --START--
INFO: Run Behavior\ShowPageTraceBehavior [ RunTime:0.001000s ]
INFO: [ app_end ] --END-- [ RunTime:0.001000s ]

[ 2016-03-11T21:56:40+08:00 ] ::1 /infoshow/admin.php/System/adminNodeLists?_=1457704600350
INFO: [ app_init ] --START--
INFO: Run Behavior\BuildLiteBehavior [ RunTime:0.000000s ]
INFO: [ app_init ] --END-- [ RunTime:0.001000s ]
INFO: [ app_begin ] --START--
INFO: Run Behavior\ReadHtmlCacheBehavior [ RunTime:0.001000s ]
INFO: [ app_begin ] --END-- [ RunTime:0.001000s ]
NOTIC: [8] Undefined index: allow E:\wwwroot\infoshow\Application\Admin\Behaviors\AuthenticateBehavior.class.php 第 15 行.
SQL: SHOW COLUMNS FROM `db_admin_menu` [ RunTime:0.0050s ]
SQL: SELECT * FROM `db_admin_menu` ORDER BY listorder ASC,id ASC  [ RunTime:0.0000s ]
INFO: [ view_parse ] --START--
INFO: [ template_filter ] --START--
INFO: Run Behavior\ContentReplaceBehavior [ RunTime:0.000000s ]
INFO: [ template_filter ] --END-- [ RunTime:0.001000s ]
INFO: Run Behavior\ParseTemplateBehavior [ RunTime:0.007000s ]
INFO: [ view_parse ] --END-- [ RunTime:0.007000s ]
INFO: [ view_filter ] --START--
INFO: Run Behavior\WriteHtmlCacheBehavior [ RunTime:0.000000s ]
INFO: [ view_filter ] --END-- [ RunTime:0.000000s ]
INFO: [ app_end ] --START--
INFO: Run Behavior\ShowPageTraceBehavior [ RunTime:0.001000s ]
INFO: [ app_end ] --END-- [ RunTime:0.001000s ]

[ 2016-03-11T21:56:44+08:00 ] ::1 /infoshow/admin.php/System/adminManage?_=1457704604406
INFO: [ app_init ] --START--
INFO: Run Behavior\BuildLiteBehavior [ RunTime:0.000000s ]
INFO: [ app_init ] --END-- [ RunTime:0.000000s ]
INFO: [ app_begin ] --START--
INFO: Run Behavior\ReadHtmlCacheBehavior [ RunTime:0.001000s ]
INFO: [ app_begin ] --END-- [ RunTime:0.001000s ]
NOTIC: [8] Undefined index: allow E:\wwwroot\infoshow\Application\Admin\Behaviors\AuthenticateBehavior.class.php 第 15 行.
SQL: SHOW COLUMNS FROM `db_administrator` [ RunTime:0.0050s ]
NOTIC: [8] Undefined variable: map E:\wwwroot\infoshow\Application\Admin\Controller\SystemController.class.php 第 70 行.
SQL: SELECT COUNT(*) AS tp_count FROM `db_administrator` LIMIT 1   [ RunTime:0.0010s ]
NOTIC: [8] Undefined variable: map E:\wwwroot\infoshow\Application\Admin\Controller\SystemController.class.php 第 73 行.
SQL: SELECT * FROM `db_administrator` ORDER BY userid LIMIT 0,30   [ RunTime:0.0000s ]
INFO: [ view_parse ] --START--
INFO: [ template_filter ] --START--
INFO: Run Behavior\ContentReplaceBehavior [ RunTime:0.000000s ]
INFO: [ template_filter ] --END-- [ RunTime:0.000000s ]
NOTIC: [8] Undefined variable: username E:\wwwroot\infoshow\Application\Runtime\Cache\Admin\8f5cdb2ccccb01c5083817d6bb582309.php 第 8 行.
NOTIC: [8] Undefined variable: roleid E:\wwwroot\infoshow\Application\Runtime\Cache\Admin\8f5cdb2ccccb01c5083817d6bb582309.php 第 12 行.
NOTIC: [8] Use of undefined constant rolename - assumed 'rolename' E:\wwwroot\infoshow\Application\Runtime\Cache\Admin\8f5cdb2ccccb01c5083817d6bb582309.php 第 12 行.
NOTIC: [8] Undefined variable: roleid E:\wwwroot\infoshow\Application\Runtime\Cache\Admin\8f5cdb2ccccb01c5083817d6bb582309.php 第 12 行.
NOTIC: [8] Use of undefined constant rolename - assumed 'rolename' E:\wwwroot\infoshow\Application\Runtime\Cache\Admin\8f5cdb2ccccb01c5083817d6bb582309.php 第 12 行.
NOTIC: [8] Undefined variable: roleid E:\wwwroot\infoshow\Application\Runtime\Cache\Admin\8f5cdb2ccccb01c5083817d6bb582309.php 第 12 行.
NOTIC: [8] Use of undefined constant rolename - assumed 'rolename' E:\wwwroot\infoshow\Application\Runtime\Cache\Admin\8f5cdb2ccccb01c5083817d6bb582309.php 第 12 行.
INFO: Run Behavior\ParseTemplateBehavior [ RunTime:0.011001s ]
INFO: [ view_parse ] --END-- [ RunTime:0.011001s ]
INFO: [ view_filter ] --START--
INFO: Run Behavior\WriteHtmlCacheBehavior [ RunTime:0.001000s ]
INFO: [ view_filter ] --END-- [ RunTime:0.001000s ]
INFO: [ app_end ] --START--
INFO: Run Behavior\ShowPageTraceBehavior [ RunTime:0.000000s ]
INFO: [ app_end ] --END-- [ RunTime:0.000000s ]

[ 2016-03-11T21:56:45+08:00 ] ::1 /infoshow/admin.php/System/adminRoleList?_=1457704605795
INFO: [ app_init ] --START--
INFO: Run Behavior\BuildLiteBehavior [ RunTime:0.000000s ]
INFO: [ app_init ] --END-- [ RunTime:0.001000s ]
INFO: [ app_begin ] --START--
INFO: Run Behavior\ReadHtmlCacheBehavior [ RunTime:0.001000s ]
INFO: [ app_begin ] --END-- [ RunTime:0.001000s ]
NOTIC: [8] Undefined index: allow E:\wwwroot\infoshow\Application\Admin\Behaviors\AuthenticateBehavior.class.php 第 15 行.
SQL: SHOW COLUMNS FROM `db_admin_role` [ RunTime:0.0050s ]
NOTIC: [8] Undefined index: name E:\wwwroot\infoshow\Application\Admin\Controller\SystemController.class.php 第 177 行.
SQL: SELECT COUNT(*) AS tp_count FROM `db_admin_role` LIMIT 1   [ RunTime:0.0000s ]
SQL: SELECT * FROM `db_admin_role` LIMIT 0,20   [ RunTime:0.0010s ]
INFO: [ view_parse ] --START--
INFO: [ template_filter ] --START--
INFO: Run Behavior\ContentReplaceBehavior [ RunTime:0.001000s ]
INFO: [ template_filter ] --END-- [ RunTime:0.001000s ]
NOTIC: [8] Use of undefined constant roleid - assumed 'roleid' E:\wwwroot\infoshow\Application\Runtime\Cache\Admin\d5a02a8743bc1925776ed0f80d74c2c2.php 第 16 行.
NOTIC: [8] Use of undefined constant roleid - assumed 'roleid' E:\wwwroot\infoshow\Application\Runtime\Cache\Admin\d5a02a8743bc1925776ed0f80d74c2c2.php 第 17 行.
NOTIC: [8] Use of undefined constant rolename - assumed 'rolename' E:\wwwroot\infoshow\Application\Runtime\Cache\Admin\d5a02a8743bc1925776ed0f80d74c2c2.php 第 18 行.
NOTIC: [8] Use of undefined constant description - assumed 'description' E:\wwwroot\infoshow\Application\Runtime\Cache\Admin\d5a02a8743bc1925776ed0f80d74c2c2.php 第 19 行.
NOTIC: [8] Use of undefined constant roleid - assumed 'roleid' E:\wwwroot\infoshow\Application\Runtime\Cache\Admin\d5a02a8743bc1925776ed0f80d74c2c2.php 第 21 行.
NOTIC: [8] Use of undefined constant disabled - assumed 'disabled' E:\wwwroot\infoshow\Application\Runtime\Cache\Admin\d5a02a8743bc1925776ed0f80d74c2c2.php 第 21 行.
NOTIC: [8] Undefined variable: pc_hash E:\wwwroot\infoshow\Application\Runtime\Cache\Admin\d5a02a8743bc1925776ed0f80d74c2c2.php 第 21 行.
NOTIC: [8] Use of undefined constant disabled - assumed 'disabled' E:\wwwroot\infoshow\Application\Runtime\Cache\Admin\d5a02a8743bc1925776ed0f80d74c2c2.php 第 22 行.
NOTIC: [8] Use of undefined constant roleid - assumed 'roleid' E:\wwwroot\infoshow\Application\Runtime\Cache\Admin\d5a02a8743bc1925776ed0f80d74c2c2.php 第 16 行.
NOTIC: [8] Use of undefined constant roleid - assumed 'roleid' E:\wwwroot\infoshow\Application\Runtime\Cache\Admin\d5a02a8743bc1925776ed0f80d74c2c2.php 第 17 行.
NOTIC: [8] Use of undefined constant rolename - assumed 'rolename' E:\wwwroot\infoshow\Application\Runtime\Cache\Admin\d5a02a8743bc1925776ed0f80d74c2c2.php 第 18 行.
NOTIC: [8] Use of undefined constant description - assumed 'description' E:\wwwroot\infoshow\Application\Runtime\Cache\Admin\d5a02a8743bc1925776ed0f80d74c2c2.php 第 19 行.
NOTIC: [8] Use of undefined constant roleid - assumed 'roleid' E:\wwwroot\infoshow\Application\Runtime\Cache\Admin\d5a02a8743bc1925776ed0f80d74c2c2.php 第 21 行.
NOTIC: [8] Use of undefined constant disabled - assumed 'disabled' E:\wwwroot\infoshow\Application\Runtime\Cache\Admin\d5a02a8743bc1925776ed0f80d74c2c2.php 第 21 行.
NOTIC: [8] Undefined variable: pc_hash E:\wwwroot\infoshow\Application\Runtime\Cache\Admin\d5a02a8743bc1925776ed0f80d74c2c2.php 第 21 行.
NOTIC: [8] Use of undefined constant disabled - assumed 'disabled' E:\wwwroot\infoshow\Application\Runtime\Cache\Admin\d5a02a8743bc1925776ed0f80d74c2c2.php 第 22 行.
NOTIC: [8] Use of undefined constant roleid - assumed 'roleid' E:\wwwroot\infoshow\Application\Runtime\Cache\Admin\d5a02a8743bc1925776ed0f80d74c2c2.php 第 26 行.
NOTIC: [8] Undefined variable: pc_hash E:\wwwroot\infoshow\Application\Runtime\Cache\Admin\d5a02a8743bc1925776ed0f80d74c2c2.php 第 26 行.
NOTIC: [8] Use of undefined constant roleid - assumed 'roleid' E:\wwwroot\infoshow\Application\Runtime\Cache\Admin\d5a02a8743bc1925776ed0f80d74c2c2.php 第 16 行.
NOTIC: [8] Use of undefined constant roleid - assumed 'roleid' E:\wwwroot\infoshow\Application\Runtime\Cache\Admin\d5a02a8743bc1925776ed0f80d74c2c2.php 第 17 行.
NOTIC: [8] Use of undefined constant rolename - assumed 'rolename' E:\wwwroot\infoshow\Application\Runtime\Cache\Admin\d5a02a8743bc1925776ed0f80d74c2c2.php 第 18 行.
NOTIC: [8] Use of undefined constant description - assumed 'description' E:\wwwroot\infoshow\Application\Runtime\Cache\Admin\d5a02a8743bc1925776ed0f80d74c2c2.php 第 19 行.
NOTIC: [8] Use of undefined constant roleid - assumed 'roleid' E:\wwwroot\infoshow\Application\Runtime\Cache\Admin\d5a02a8743bc1925776ed0f80d74c2c2.php 第 21 行.
NOTIC: [8] Use of undefined constant disabled - assumed 'disabled' E:\wwwroot\infoshow\Application\Runtime\Cache\Admin\d5a02a8743bc1925776ed0f80d74c2c2.php 第 21 行.
NOTIC: [8] Undefined variable: pc_hash E:\wwwroot\infoshow\Application\Runtime\Cache\Admin\d5a02a8743bc1925776ed0f80d74c2c2.php 第 21 行.
NOTIC: [8] Use of undefined constant disabled - assumed 'disabled' E:\wwwroot\infoshow\Application\Runtime\Cache\Admin\d5a02a8743bc1925776ed0f80d74c2c2.php 第 22 行.
NOTIC: [8] Use of undefined constant roleid - assumed 'roleid' E:\wwwroot\infoshow\Application\Runtime\Cache\Admin\d5a02a8743bc1925776ed0f80d74c2c2.php 第 26 行.
NOTIC: [8] Undefined variable: pc_hash E:\wwwroot\infoshow\Application\Runtime\Cache\Admin\d5a02a8743bc1925776ed0f80d74c2c2.php 第 26 行.
INFO: Run Behavior\ParseTemplateBehavior [ RunTime:0.011000s ]
INFO: [ view_parse ] --END-- [ RunTime:0.011000s ]
INFO: [ view_filter ] --START--
INFO: Run Behavior\WriteHtmlCacheBehavior [ RunTime:0.001001s ]
INFO: [ view_filter ] --END-- [ RunTime:0.001001s ]
INFO: [ app_end ] --START--
INFO: Run Behavior\ShowPageTraceBehavior [ RunTime:0.000000s ]
INFO: [ app_end ] --END-- [ RunTime:0.000000s ]

[ 2016-03-11T22:20:10+08:00 ] ::1 /infoshow/admin.php
INFO: [ app_init ] --START--
INFO: Run Behavior\BuildLiteBehavior [ RunTime:0.000000s ]
INFO: [ app_init ] --END-- [ RunTime:0.001000s ]
INFO: [ app_begin ] --START--
INFO: Run Behavior\ReadHtmlCacheBehavior [ RunTime:0.000000s ]
INFO: [ app_begin ] --END-- [ RunTime:0.000000s ]
SQL: SHOW COLUMNS FROM `db_admin_menu` [ RunTime:0.0060s ]
SQL: SELECT * FROM `db_admin_menu` WHERE `display` = 1 ORDER BY listorder,id  [ RunTime:0.0000s ]
INFO: [ view_parse ] --START--
INFO: [ template_filter ] --START--
INFO: Run Behavior\ContentReplaceBehavior [ RunTime:0.000000s ]
INFO: [ template_filter ] --END-- [ RunTime:0.000000s ]
NOTIC: [8] Use of undefined constant c - assumed 'c' E:\wwwroot\infoshow\Application\Runtime\Cache\Admin\9e7e7bc08f271b3f112d226dd2427b7e.php 第 273 行.
NOTIC: [8] Use of undefined constant a - assumed 'a' E:\wwwroot\infoshow\Application\Runtime\Cache\Admin\9e7e7bc08f271b3f112d226dd2427b7e.php 第 273 行.
NOTIC: [8] Use of undefined constant c - assumed 'c' E:\wwwroot\infoshow\Application\Runtime\Cache\Admin\9e7e7bc08f271b3f112d226dd2427b7e.php 第 273 行.
NOTIC: [8] Use of undefined constant a - assumed 'a' E:\wwwroot\infoshow\Application\Runtime\Cache\Admin\9e7e7bc08f271b3f112d226dd2427b7e.php 第 273 行.
NOTIC: [8] Use of undefined constant c - assumed 'c' E:\wwwroot\infoshow\Application\Runtime\Cache\Admin\9e7e7bc08f271b3f112d226dd2427b7e.php 第 273 行.
NOTIC: [8] Use of undefined constant a - assumed 'a' E:\wwwroot\infoshow\Application\Runtime\Cache\Admin\9e7e7bc08f271b3f112d226dd2427b7e.php 第 273 行.
NOTIC: [8] Use of undefined constant c - assumed 'c' E:\wwwroot\infoshow\Application\Runtime\Cache\Admin\9e7e7bc08f271b3f112d226dd2427b7e.php 第 273 行.
NOTIC: [8] Use of undefined constant a - assumed 'a' E:\wwwroot\infoshow\Application\Runtime\Cache\Admin\9e7e7bc08f271b3f112d226dd2427b7e.php 第 273 行.
NOTIC: [8] Use of undefined constant c - assumed 'c' E:\wwwroot\infoshow\Application\Runtime\Cache\Admin\9e7e7bc08f271b3f112d226dd2427b7e.php 第 273 行.
NOTIC: [8] Use of undefined constant a - assumed 'a' E:\wwwroot\infoshow\Application\Runtime\Cache\Admin\9e7e7bc08f271b3f112d226dd2427b7e.php 第 273 行.
NOTIC: [8] Use of undefined constant c - assumed 'c' E:\wwwroot\infoshow\Application\Runtime\Cache\Admin\9e7e7bc08f271b3f112d226dd2427b7e.php 第 273 行.
NOTIC: [8] Use of undefined constant a - assumed 'a' E:\wwwroot\infoshow\Application\Runtime\Cache\Admin\9e7e7bc08f271b3f112d226dd2427b7e.php 第 273 行.
INFO: Run Behavior\ParseTemplateBehavior [ RunTime:0.029002s ]
INFO: [ view_parse ] --END-- [ RunTime:0.029002s ]
INFO: [ view_filter ] --START--
INFO: Run Behavior\WriteHtmlCacheBehavior [ RunTime:0.000000s ]
INFO: [ view_filter ] --END-- [ RunTime:0.000000s ]
INFO: [ app_end ] --START--
INFO: Run Behavior\ShowPageTraceBehavior [ RunTime:0.001000s ]
INFO: [ app_end ] --END-- [ RunTime:0.001000s ]

[ 2016-03-11T22:20:11+08:00 ] ::1 /infoshow/admin.php/AdminCP/welcome?_=1457706011202
INFO: [ app_init ] --START--
INFO: Run Behavior\BuildLiteBehavior [ RunTime:0.000000s ]
INFO: [ app_init ] --END-- [ RunTime:0.001000s ]
INFO: [ app_begin ] --START--
INFO: Run Behavior\ReadHtmlCacheBehavior [ RunTime:0.001000s ]
INFO: [ app_begin ] --END-- [ RunTime:0.001000s ]
INFO: [ view_parse ] --START--
INFO: [ template_filter ] --START--
INFO: Run Behavior\ContentReplaceBehavior [ RunTime:0.000000s ]
INFO: [ template_filter ] --END-- [ RunTime:0.000000s ]
INFO: Run Behavior\ParseTemplateBehavior [ RunTime:0.009000s ]
INFO: [ view_parse ] --END-- [ RunTime:0.009000s ]
INFO: [ view_filter ] --START--
INFO: Run Behavior\WriteHtmlCacheBehavior [ RunTime:0.000000s ]
INFO: [ view_filter ] --END-- [ RunTime:0.000000s ]
INFO: [ app_end ] --START--
INFO: Run Behavior\ShowPageTraceBehavior [ RunTime:0.001001s ]
INFO: [ app_end ] --END-- [ RunTime:0.001001s ]

