[ 2016-02-11T00:07:57+08:00 ] ::1 /admin.php
INFO: [ app_init ] --START--
INFO: Run Behavior\BuildLiteBehavior [ RunTime:0.000000s ]
INFO: [ app_init ] --END-- [ RunTime:0.000000s ]
INFO: [ app_begin ] --START--
INFO: Run Behavior\ReadHtmlCacheBehavior [ RunTime:0.001000s ]
INFO: [ app_begin ] --END-- [ RunTime:0.001000s ]
SQL: SHOW COLUMNS FROM `db_admin_menu` [ RunTime:0.0060s ]
SQL: SELECT * FROM `db_admin_menu` WHERE `display` = 1 ORDER BY listorder,id  [ RunTime:0.0000s ]
INFO: [ view_parse ] --START--
INFO: [ template_filter ] --START--
INFO: Run Behavior\ContentReplaceBehavior [ RunTime:0.000000s ]
INFO: [ template_filter ] --END-- [ RunTime:0.000000s ]
NOTIC: [8] Use of undefined constant c - assumed 'c' E:\wwwroot\res\Application\Runtime\Cache\Admin\9e7e7bc08f271b3f112d226dd2427b7e.php 第 273 行.
NOTIC: [8] Use of undefined constant a - assumed 'a' E:\wwwroot\res\Application\Runtime\Cache\Admin\9e7e7bc08f271b3f112d226dd2427b7e.php 第 273 行.
NOTIC: [8] Use of undefined constant c - assumed 'c' E:\wwwroot\res\Application\Runtime\Cache\Admin\9e7e7bc08f271b3f112d226dd2427b7e.php 第 273 行.
NOTIC: [8] Use of undefined constant a - assumed 'a' E:\wwwroot\res\Application\Runtime\Cache\Admin\9e7e7bc08f271b3f112d226dd2427b7e.php 第 273 行.
NOTIC: [8] Use of undefined constant c - assumed 'c' E:\wwwroot\res\Application\Runtime\Cache\Admin\9e7e7bc08f271b3f112d226dd2427b7e.php 第 273 行.
NOTIC: [8] Use of undefined constant a - assumed 'a' E:\wwwroot\res\Application\Runtime\Cache\Admin\9e7e7bc08f271b3f112d226dd2427b7e.php 第 273 行.
NOTIC: [8] Use of undefined constant c - assumed 'c' E:\wwwroot\res\Application\Runtime\Cache\Admin\9e7e7bc08f271b3f112d226dd2427b7e.php 第 273 行.
NOTIC: [8] Use of undefined constant a - assumed 'a' E:\wwwroot\res\Application\Runtime\Cache\Admin\9e7e7bc08f271b3f112d226dd2427b7e.php 第 273 行.
NOTIC: [8] Use of undefined constant c - assumed 'c' E:\wwwroot\res\Application\Runtime\Cache\Admin\9e7e7bc08f271b3f112d226dd2427b7e.php 第 273 行.
NOTIC: [8] Use of undefined constant a - assumed 'a' E:\wwwroot\res\Application\Runtime\Cache\Admin\9e7e7bc08f271b3f112d226dd2427b7e.php 第 273 行.
NOTIC: [8] Use of undefined constant c - assumed 'c' E:\wwwroot\res\Application\Runtime\Cache\Admin\9e7e7bc08f271b3f112d226dd2427b7e.php 第 273 行.
NOTIC: [8] Use of undefined constant a - assumed 'a' E:\wwwroot\res\Application\Runtime\Cache\Admin\9e7e7bc08f271b3f112d226dd2427b7e.php 第 273 行.
NOTIC: [8] Use of undefined constant c - assumed 'c' E:\wwwroot\res\Application\Runtime\Cache\Admin\9e7e7bc08f271b3f112d226dd2427b7e.php 第 273 行.
NOTIC: [8] Use of undefined constant a - assumed 'a' E:\wwwroot\res\Application\Runtime\Cache\Admin\9e7e7bc08f271b3f112d226dd2427b7e.php 第 273 行.
NOTIC: [8] Use of undefined constant c - assumed 'c' E:\wwwroot\res\Application\Runtime\Cache\Admin\9e7e7bc08f271b3f112d226dd2427b7e.php 第 273 行.
NOTIC: [8] Use of undefined constant a - assumed 'a' E:\wwwroot\res\Application\Runtime\Cache\Admin\9e7e7bc08f271b3f112d226dd2427b7e.php 第 273 行.
INFO: Run Behavior\ParseTemplateBehavior [ RunTime:0.027001s ]
INFO: [ view_parse ] --END-- [ RunTime:0.027001s ]
INFO: [ view_filter ] --START--
INFO: Run Behavior\WriteHtmlCacheBehavior [ RunTime:0.000000s ]
INFO: [ view_filter ] --END-- [ RunTime:0.000000s ]
INFO: [ app_end ] --START--
INFO: Run Behavior\ShowPageTraceBehavior [ RunTime:0.000000s ]
INFO: [ app_end ] --END-- [ RunTime:0.001000s ]

[ 2016-02-11T00:07:58+08:00 ] ::1 /admin.php/AdminCP/welcome?_=1455120478090
INFO: [ app_init ] --START--
INFO: Run Behavior\BuildLiteBehavior [ RunTime:0.001000s ]
INFO: [ app_init ] --END-- [ RunTime:0.001000s ]
INFO: [ app_begin ] --START--
INFO: Run Behavior\ReadHtmlCacheBehavior [ RunTime:0.001000s ]
INFO: [ app_begin ] --END-- [ RunTime:0.001000s ]
INFO: [ view_parse ] --START--
INFO: [ template_filter ] --START--
INFO: Run Behavior\ContentReplaceBehavior [ RunTime:0.000000s ]
INFO: [ template_filter ] --END-- [ RunTime:0.000000s ]
INFO: Run Behavior\ParseTemplateBehavior [ RunTime:0.010001s ]
INFO: [ view_parse ] --END-- [ RunTime:0.010001s ]
INFO: [ view_filter ] --START--
INFO: Run Behavior\WriteHtmlCacheBehavior [ RunTime:0.001000s ]
INFO: [ view_filter ] --END-- [ RunTime:0.001000s ]
INFO: [ app_end ] --START--
INFO: Run Behavior\ShowPageTraceBehavior [ RunTime:0.001000s ]
INFO: [ app_end ] --END-- [ RunTime:0.001000s ]

[ 2016-02-11T00:08:01+08:00 ] ::1 /admin.php/Training/index?_=1455120481934
INFO: [ app_init ] --START--
INFO: Run Behavior\BuildLiteBehavior [ RunTime:0.000000s ]
INFO: [ app_init ] --END-- [ RunTime:0.001000s ]
INFO: [ app_begin ] --START--
INFO: Run Behavior\ReadHtmlCacheBehavior [ RunTime:0.000000s ]
INFO: [ app_begin ] --END-- [ RunTime:0.001000s ]
SQL: SHOW COLUMNS FROM `db_training_application` [ RunTime:0.0060s ]
NOTIC: [8] Undefined variable: map E:\wwwroot\res\Application\Admin\Controller\TrainingController.class.php 第 36 行.
SQL: SELECT COUNT(*) AS tp_count FROM `db_training_application` LIMIT 1   [ RunTime:0.0000s ]
NOTIC: [8] Undefined variable: map E:\wwwroot\res\Application\Admin\Controller\TrainingController.class.php 第 40 行.
ERR: 1054:Unknown column 'tid' in 'order clause'
 [ SQL语句 ] : SELECT * FROM `db_training_application` ORDER BY tid desc LIMIT 0,30  
ERR: 1054:Unknown column 'tid' in 'order clause'
 [ SQL语句 ] : SELECT * FROM `db_training_application` ORDER BY tid desc LIMIT 0,30  

[ 2016-02-11T00:08:50+08:00 ] ::1 /admin.php
INFO: [ app_init ] --START--
INFO: Run Behavior\BuildLiteBehavior [ RunTime:0.000000s ]
INFO: [ app_init ] --END-- [ RunTime:0.000000s ]
INFO: [ app_begin ] --START--
INFO: Run Behavior\ReadHtmlCacheBehavior [ RunTime:0.001000s ]
INFO: [ app_begin ] --END-- [ RunTime:0.001000s ]
SQL: SHOW COLUMNS FROM `db_admin_menu` [ RunTime:0.0050s ]
SQL: SELECT * FROM `db_admin_menu` WHERE `display` = 1 ORDER BY listorder,id  [ RunTime:0.0010s ]
INFO: [ view_parse ] --START--
INFO: [ template_filter ] --START--
INFO: Run Behavior\ContentReplaceBehavior [ RunTime:0.001000s ]
INFO: [ template_filter ] --END-- [ RunTime:0.001000s ]
NOTIC: [8] Use of undefined constant c - assumed 'c' E:\wwwroot\res\Application\Runtime\Cache\Admin\9e7e7bc08f271b3f112d226dd2427b7e.php 第 273 行.
NOTIC: [8] Use of undefined constant a - assumed 'a' E:\wwwroot\res\Application\Runtime\Cache\Admin\9e7e7bc08f271b3f112d226dd2427b7e.php 第 273 行.
NOTIC: [8] Use of undefined constant c - assumed 'c' E:\wwwroot\res\Application\Runtime\Cache\Admin\9e7e7bc08f271b3f112d226dd2427b7e.php 第 273 行.
NOTIC: [8] Use of undefined constant a - assumed 'a' E:\wwwroot\res\Application\Runtime\Cache\Admin\9e7e7bc08f271b3f112d226dd2427b7e.php 第 273 行.
NOTIC: [8] Use of undefined constant c - assumed 'c' E:\wwwroot\res\Application\Runtime\Cache\Admin\9e7e7bc08f271b3f112d226dd2427b7e.php 第 273 行.
NOTIC: [8] Use of undefined constant a - assumed 'a' E:\wwwroot\res\Application\Runtime\Cache\Admin\9e7e7bc08f271b3f112d226dd2427b7e.php 第 273 行.
NOTIC: [8] Use of undefined constant c - assumed 'c' E:\wwwroot\res\Application\Runtime\Cache\Admin\9e7e7bc08f271b3f112d226dd2427b7e.php 第 273 行.
NOTIC: [8] Use of undefined constant a - assumed 'a' E:\wwwroot\res\Application\Runtime\Cache\Admin\9e7e7bc08f271b3f112d226dd2427b7e.php 第 273 行.
NOTIC: [8] Use of undefined constant c - assumed 'c' E:\wwwroot\res\Application\Runtime\Cache\Admin\9e7e7bc08f271b3f112d226dd2427b7e.php 第 273 行.
NOTIC: [8] Use of undefined constant a - assumed 'a' E:\wwwroot\res\Application\Runtime\Cache\Admin\9e7e7bc08f271b3f112d226dd2427b7e.php 第 273 行.
NOTIC: [8] Use of undefined constant c - assumed 'c' E:\wwwroot\res\Application\Runtime\Cache\Admin\9e7e7bc08f271b3f112d226dd2427b7e.php 第 273 行.
NOTIC: [8] Use of undefined constant a - assumed 'a' E:\wwwroot\res\Application\Runtime\Cache\Admin\9e7e7bc08f271b3f112d226dd2427b7e.php 第 273 行.
NOTIC: [8] Use of undefined constant c - assumed 'c' E:\wwwroot\res\Application\Runtime\Cache\Admin\9e7e7bc08f271b3f112d226dd2427b7e.php 第 273 行.
NOTIC: [8] Use of undefined constant a - assumed 'a' E:\wwwroot\res\Application\Runtime\Cache\Admin\9e7e7bc08f271b3f112d226dd2427b7e.php 第 273 行.
NOTIC: [8] Use of undefined constant c - assumed 'c' E:\wwwroot\res\Application\Runtime\Cache\Admin\9e7e7bc08f271b3f112d226dd2427b7e.php 第 273 行.
NOTIC: [8] Use of undefined constant a - assumed 'a' E:\wwwroot\res\Application\Runtime\Cache\Admin\9e7e7bc08f271b3f112d226dd2427b7e.php 第 273 行.
INFO: Run Behavior\ParseTemplateBehavior [ RunTime:0.017001s ]
INFO: [ view_parse ] --END-- [ RunTime:0.017001s ]
INFO: [ view_filter ] --START--
INFO: Run Behavior\WriteHtmlCacheBehavior [ RunTime:0.000000s ]
INFO: [ view_filter ] --END-- [ RunTime:0.000000s ]
INFO: [ app_end ] --START--
INFO: Run Behavior\ShowPageTraceBehavior [ RunTime:0.001000s ]
INFO: [ app_end ] --END-- [ RunTime:0.001000s ]

[ 2016-02-11T00:08:50+08:00 ] ::1 /admin.php/AdminCP/welcome?_=1455120530324
INFO: [ app_init ] --START--
INFO: Run Behavior\BuildLiteBehavior [ RunTime:0.000000s ]
INFO: [ app_init ] --END-- [ RunTime:0.000000s ]
INFO: [ app_begin ] --START--
INFO: Run Behavior\ReadHtmlCacheBehavior [ RunTime:0.001001s ]
INFO: [ app_begin ] --END-- [ RunTime:0.001001s ]
INFO: [ view_parse ] --START--
INFO: [ template_filter ] --START--
INFO: Run Behavior\ContentReplaceBehavior [ RunTime:0.000000s ]
INFO: [ template_filter ] --END-- [ RunTime:0.000000s ]
INFO: Run Behavior\ParseTemplateBehavior [ RunTime:0.011000s ]
INFO: [ view_parse ] --END-- [ RunTime:0.011000s ]
INFO: [ view_filter ] --START--
INFO: Run Behavior\WriteHtmlCacheBehavior [ RunTime:0.001000s ]
INFO: [ view_filter ] --END-- [ RunTime:0.001000s ]
INFO: [ app_end ] --START--
INFO: Run Behavior\ShowPageTraceBehavior [ RunTime:0.001000s ]
INFO: [ app_end ] --END-- [ RunTime:0.001000s ]

[ 2016-02-11T00:08:53+08:00 ] ::1 /admin.php/Training/index?_=1455120533475
INFO: [ app_init ] --START--
INFO: Run Behavior\BuildLiteBehavior [ RunTime:0.000000s ]
INFO: [ app_init ] --END-- [ RunTime:0.000000s ]
INFO: [ app_begin ] --START--
INFO: Run Behavior\ReadHtmlCacheBehavior [ RunTime:0.001000s ]
INFO: [ app_begin ] --END-- [ RunTime:0.001000s ]
SQL: SHOW COLUMNS FROM `db_training_application` [ RunTime:0.0050s ]
NOTIC: [8] Undefined variable: map E:\wwwroot\res\Application\Admin\Controller\TrainingController.class.php 第 36 行.
SQL: SELECT COUNT(*) AS tp_count FROM `db_training_application` LIMIT 1   [ RunTime:0.0010s ]
NOTIC: [8] Undefined variable: map E:\wwwroot\res\Application\Admin\Controller\TrainingController.class.php 第 40 行.
SQL: SELECT * FROM `db_training_application` ORDER BY id desc LIMIT 0,30   [ RunTime:0.0010s ]
INFO: [ view_parse ] --START--
INFO: [ template_filter ] --START--
INFO: Run Behavior\ContentReplaceBehavior [ RunTime:0.000000s ]
INFO: [ template_filter ] --END-- [ RunTime:0.000000s ]
NOTIC: [8] Undefined variable: searchtype E:\wwwroot\res\Application\Runtime\Cache\Admin\38f01fcd151497eb241302a294895d9b.php 第 10 行.
NOTIC: [8] Undefined variable: keyword E:\wwwroot\res\Application\Runtime\Cache\Admin\38f01fcd151497eb241302a294895d9b.php 第 12 行.
INFO: Run Behavior\ParseTemplateBehavior [ RunTime:0.011000s ]
INFO: [ view_parse ] --END-- [ RunTime:0.011000s ]
INFO: [ view_filter ] --START--
INFO: Run Behavior\WriteHtmlCacheBehavior [ RunTime:0.001001s ]
INFO: [ view_filter ] --END-- [ RunTime:0.001001s ]
INFO: [ app_end ] --START--
INFO: Run Behavior\ShowPageTraceBehavior [ RunTime:0.001000s ]
INFO: [ app_end ] --END-- [ RunTime:0.001000s ]

